0 verbose cli /usr/local/bin/node /usr/local/bin/npm
1 info using npm@8.19.3
2 info using node@v18.13.0
3 timing npm:load:whichnode Completed in 1ms
4 timing config:load:defaults Completed in 1ms
5 timing config:load:file:/usr/local/lib/node_modules/npm/npmrc Completed in 1ms
6 timing config:load:builtin Completed in 2ms
7 timing config:load:cli Completed in 1ms
8 timing config:load:env Completed in 1ms
9 timing config:load:file:/Users/chijiooke/Desktop/inventory-app/.npmrc Completed in 1ms
10 timing config:load:project Completed in 7ms
11 timing config:load:file:/Users/chijiooke/.npmrc Completed in 0ms
12 timing config:load:user Completed in 0ms
13 timing config:load:file:/usr/local/etc/npmrc Completed in 0ms
14 timing config:load:global Completed in 0ms
15 timing config:load:validate Completed in 1ms
16 timing config:load:credentials Completed in 1ms
17 timing config:load:setEnvs Completed in 1ms
18 timing config:load Completed in 15ms
19 timing npm:load:configload Completed in 15ms
20 timing npm:load:mkdirpcache Completed in 1ms
21 timing npm:load:mkdirplogs Completed in 0ms
22 verbose title npm i typeorm @matchmakerjs/matchmaker-typeorm
23 verbose argv "i" "typeorm" "@matchmakerjs/matchmaker-typeorm"
24 timing npm:load:setTitle Completed in 18ms
25 timing config:load:flatten Completed in 2ms
26 timing npm:load:display Completed in 3ms
27 verbose logfile logs-max:10 dir:/Users/chijiooke/Desktop/inventory-app/.npm-cache/_logs
28 verbose logfile /Users/chijiooke/Desktop/inventory-app/.npm-cache/_logs/2023-04-22T19_07_58_887Z-debug-0.log
29 timing npm:load:logFile Completed in 5ms
30 timing npm:load:timers Completed in 0ms
31 timing npm:load:configScope Completed in 0ms
32 timing npm:load Completed in 44ms
33 timing arborist:ctor Completed in 1ms
34 silly logfile start cleaning logs, removing 1 files
35 silly logfile done cleaning log files
36 timing idealTree:init Completed in 289ms
37 timing idealTree:userRequests Completed in 5ms
38 silly idealTree buildDeps
39 silly fetch manifest typeorm@*
40 timing arborist:ctor Completed in 1ms
41 http fetch GET 200 https://registry.npmjs.org/typeorm 206ms (cache hit)
42 silly fetch manifest @google-cloud/spanner@^5.18.0
43 http fetch GET 200 https://registry.npmjs.org/@google-cloud%2fspanner 5ms (cache hit)
44 silly fetch manifest @sap/hana-client@^2.12.25
45 http fetch GET 200 https://registry.npmjs.org/@sap%2fhana-client 5ms (cache hit)
46 silly fetch manifest better-sqlite3@^7.1.2 || ^8.0.0
47 http fetch GET 200 https://registry.npmjs.org/better-sqlite3 6ms (cache hit)
48 silly fetch manifest hdb-pool@^0.1.6
49 http fetch GET 200 https://registry.npmjs.org/hdb-pool 3ms (cache hit)
50 silly fetch manifest ioredis@^5.0.4
51 http fetch GET 200 https://registry.npmjs.org/ioredis 4ms (cache hit)
52 silly fetch manifest mongodb@^5.2.0
53 http fetch GET 200 https://registry.npmjs.org/mongodb 5ms (cache hit)
54 silly fetch manifest @aws-sdk/credential-providers@^3.201.0
55 http fetch GET 200 https://registry.npmjs.org/@aws-sdk%2fcredential-providers 6ms (cache hit)
56 silly fetch manifest mongodb-client-encryption@>=2.3.0 <3
57 http fetch GET 200 https://registry.npmjs.org/mongodb-client-encryption 5ms (cache hit)
58 silly fetch manifest gcp-metadata@^5.2.0
59 http fetch GET 200 https://registry.npmjs.org/gcp-metadata 7ms (cache hit)
60 silly fetch manifest snappy@^7.2.2
61 http fetch GET 200 https://registry.npmjs.org/snappy 4ms (cache hit)
62 silly fetch manifest mssql@^9.1.1
63 http fetch GET 200 https://registry.npmjs.org/mssql 4ms (cache hit)
64 silly fetch manifest mysql2@^2.2.5 || ^3.0.1
65 http fetch GET 200 https://registry.npmjs.org/mysql2 6ms (cache hit)
66 silly fetch manifest oracledb@^5.1.0
67 http fetch GET 200 https://registry.npmjs.org/oracledb 3ms (cache hit)
68 silly fetch manifest pg@^8.5.1
69 http fetch GET 200 https://registry.npmjs.org/pg 7ms (cache hit)
70 silly fetch manifest pg-native@>=3.0.1
71 http fetch GET 200 https://registry.npmjs.org/pg-native 3ms (cache hit)
72 silly fetch manifest pg-query-stream@^4.0.0
73 http fetch GET 200 https://registry.npmjs.org/pg-query-stream 3ms (cache hit)
74 silly fetch manifest redis@^3.1.1 || ^4.0.0
75 http fetch GET 200 https://registry.npmjs.org/redis 5ms (cache hit)
76 silly fetch manifest sql.js@^1.4.0
77 http fetch GET 200 https://registry.npmjs.org/sql.js 3ms (cache hit)
78 silly fetch manifest sqlite3@^5.0.3
79 http fetch GET 200 https://registry.npmjs.org/sqlite3 3ms (cache hit)
80 silly fetch manifest ts-node@^10.9.1
81 http fetch GET 200 https://registry.npmjs.org/ts-node 363ms (cache revalidated)
82 silly fetch manifest @swc/core@>=1.2.50
83 http fetch GET 200 https://registry.npmjs.org/@swc%2fcore 259ms (cache revalidated)
84 silly fetch manifest @swc/helpers@^0.5.0
85 http fetch GET 200 https://registry.npmjs.org/@swc%2fhelpers 372ms (cache revalidated)
86 silly fetch manifest @swc/wasm@>=1.2.50
87 http fetch GET 200 https://registry.npmjs.org/@swc%2fwasm 508ms (cache revalidated)
88 silly fetch manifest @types/node@^18.15.13
89 http fetch GET 200 https://registry.npmjs.org/@types%2fnode 9ms (cache hit)
90 silly fetch manifest typescript@^5.0.4
91 http fetch GET 200 https://registry.npmjs.org/typescript 18ms (cache hit)
92 silly fetch manifest typeorm-aurora-data-api-driver@^2.0.0
93 http fetch GET 200 https://registry.npmjs.org/typeorm-aurora-data-api-driver 8ms (cache hit)
94 silly fetch manifest @matchmakerjs/matchmaker-typeorm@*
95 http fetch GET 200 https://npm.pkg.github.com/@matchmakerjs%2fmatchmaker-typeorm 921ms (cache miss)
96 silly fetch manifest @matchmakerjs/di@^0.0.1
97 http fetch GET 200 https://npm.pkg.github.com/@matchmakerjs%2fdi 483ms (cache updated)
98 silly fetch manifest reflect-metadata@^0.1.13
99 http fetch GET 200 https://registry.npmjs.org/reflect-metadata 4ms (cache hit)
100 silly fetch manifest @matchmakerjs/matchmaker@^0.0.1
101 http fetch GET 200 https://npm.pkg.github.com/@matchmakerjs%2fmatchmaker 543ms (cache updated)
102 silly placeDep ROOT @matchmakerjs/matchmaker-typeorm@0.0.1 OK for: inventory-app@1.0.0 want: *
103 silly placeDep ROOT typeorm@0.3.15 OK for: @matchmakerjs/matchmaker-typeorm@0.0.1 want: >=0.2.37 || >=0.3.6
104 silly placeDep ROOT typeorm@0.3.15 REPLACE for: inventory-app@1.0.0 want: *
105 silly fetch manifest @sqltools/formatter@^1.2.5
106 silly fetch manifest app-root-path@^3.1.0
107 silly fetch manifest buffer@^6.0.3
108 silly fetch manifest chalk@^4.1.2
109 silly fetch manifest cli-highlight@^2.1.11
110 silly fetch manifest debug@^4.3.4
111 silly fetch manifest dotenv@^16.0.3
112 silly fetch manifest glob@^8.1.0
113 silly fetch manifest mkdirp@^2.1.3
114 silly fetch manifest sha.js@^2.4.11
115 silly fetch manifest tslib@^2.5.0
116 silly fetch manifest uuid@^9.0.0
117 silly fetch manifest yargs@^17.6.2
118 http fetch GET 200 https://registry.npmjs.org/app-root-path 35ms (cache hit)
119 http fetch GET 200 https://registry.npmjs.org/buffer 36ms (cache hit)
120 http fetch GET 200 https://registry.npmjs.org/sha.js 33ms (cache hit)
121 http fetch GET 200 https://registry.npmjs.org/tslib 33ms (cache hit)
122 http fetch GET 200 https://registry.npmjs.org/uuid 32ms (cache hit)
123 http fetch GET 200 https://registry.npmjs.org/cli-highlight 37ms (cache hit)
124 http fetch GET 200 https://registry.npmjs.org/@sqltools%2fformatter 41ms (cache hit)
125 http fetch GET 200 https://registry.npmjs.org/mkdirp 37ms (cache hit)
126 http fetch GET 200 https://registry.npmjs.org/glob 40ms (cache hit)
127 http fetch GET 200 https://registry.npmjs.org/yargs 40ms (cache hit)
128 http fetch GET 200 https://registry.npmjs.org/dotenv 46ms (cache hit)
129 http fetch GET 200 https://registry.npmjs.org/chalk 127ms (cache revalidated)
130 http fetch GET 200 https://registry.npmjs.org/debug 224ms (cache revalidated)
131 timing idealTree:#root Completed in 4181ms
132 timing idealTree:node_modules/@matchmakerjs/matchmaker-typeorm Completed in 0ms
133 silly placeDep ROOT @sqltools/formatter@1.2.5 OK for: typeorm@0.3.15 want: ^1.2.5
134 silly placeDep ROOT app-root-path@3.1.0 OK for: typeorm@0.3.15 want: ^3.1.0
135 silly placeDep ROOT buffer@6.0.3 OK for: typeorm@0.3.15 want: ^6.0.3
136 silly placeDep ROOT cli-highlight@2.1.11 OK for: typeorm@0.3.15 want: ^2.1.11
137 silly placeDep node_modules/typeorm glob@8.1.0 OK for: typeorm@0.3.15 want: ^8.1.0
138 silly placeDep ROOT mkdirp@2.1.6 OK for: typeorm@0.3.15 want: ^2.1.3
139 silly placeDep ROOT sha.js@2.4.11 OK for: typeorm@0.3.15 want: ^2.4.11
140 silly placeDep node_modules/typeorm tslib@2.5.0 OK for: typeorm@0.3.15 want: ^2.5.0
141 silly placeDep ROOT uuid@9.0.0 OK for: typeorm@0.3.15 want: ^9.0.0
142 silly fetch manifest base64-js@^1.3.1
143 silly fetch manifest ieee754@^1.2.1
144 silly fetch manifest highlight.js@^10.7.1
145 silly fetch manifest mz@^2.4.0
146 silly fetch manifest parse5@^5.1.1
147 silly fetch manifest parse5-htmlparser2-tree-adapter@^6.0.0
148 silly fetch manifest yargs@^16.0.0
149 silly fetch manifest minimatch@^5.0.1
150 silly fetch manifest safe-buffer@^5.0.1
151 http fetch GET 200 https://registry.npmjs.org/highlight.js 21ms (cache hit)
152 http fetch GET 200 https://registry.npmjs.org/base64-js 26ms (cache hit)
153 http fetch GET 200 https://registry.npmjs.org/mz 24ms (cache hit)
154 http fetch GET 200 https://registry.npmjs.org/parse5-htmlparser2-tree-adapter 23ms (cache hit)
155 http fetch GET 200 https://registry.npmjs.org/safe-buffer 22ms (cache hit)
156 http fetch GET 200 https://registry.npmjs.org/ieee754 28ms (cache hit)
157 http fetch GET 200 https://registry.npmjs.org/parse5 25ms (cache hit)
158 http fetch GET 200 https://registry.npmjs.org/minimatch 25ms (cache hit)
159 timing idealTree:node_modules/typeorm Completed in 47ms
160 timing idealTree:node_modules/@sqltools/formatter Completed in 0ms
161 timing idealTree:node_modules/app-root-path Completed in 0ms
162 silly placeDep ROOT base64-js@1.5.1 OK for: buffer@6.0.3 want: ^1.3.1
163 silly placeDep ROOT ieee754@1.2.1 OK for: buffer@6.0.3 want: ^1.2.1
164 timing idealTree:node_modules/buffer Completed in 2ms
165 timing idealTree:node_modules/base64-js Completed in 1ms
166 silly placeDep ROOT highlight.js@10.7.3 OK for: cli-highlight@2.1.11 want: ^10.7.1
167 silly placeDep ROOT mz@2.7.0 OK for: cli-highlight@2.1.11 want: ^2.4.0
168 silly placeDep ROOT parse5@5.1.1 OK for: cli-highlight@2.1.11 want: ^5.1.1
169 silly placeDep ROOT parse5-htmlparser2-tree-adapter@6.0.1 OK for: cli-highlight@2.1.11 want: ^6.0.0
170 silly placeDep node_modules/cli-highlight yargs@16.2.0 OK for: cli-highlight@2.1.11 want: ^16.0.0
171 silly fetch manifest any-promise@^1.0.0
172 silly fetch manifest object-assign@^4.0.1
173 silly fetch manifest thenify-all@^1.0.0
174 silly fetch manifest parse5@^6.0.1
175 silly fetch manifest yargs-parser@^20.2.2
176 http fetch GET 200 https://registry.npmjs.org/object-assign 10ms (cache hit)
177 http fetch GET 200 https://registry.npmjs.org/any-promise 10ms (cache hit)
178 http fetch GET 200 https://registry.npmjs.org/thenify-all 10ms (cache hit)
179 http fetch GET 200 https://registry.npmjs.org/yargs-parser 9ms (cache hit)
180 timing idealTree:node_modules/cli-highlight Completed in 20ms
181 timing idealTree:node_modules/highlight.js Completed in 0ms
182 timing idealTree:node_modules/ieee754 Completed in 0ms
183 timing idealTree:node_modules/mkdirp Completed in 0ms
184 silly placeDep ROOT any-promise@1.3.0 OK for: mz@2.7.0 want: ^1.0.0
185 silly placeDep ROOT object-assign@4.1.1 OK for: mz@2.7.0 want: ^4.0.1
186 silly placeDep ROOT thenify-all@1.6.0 OK for: mz@2.7.0 want: ^1.0.0
187 silly fetch manifest thenify@>= 3.1.0 < 4
188 http fetch GET 200 https://registry.npmjs.org/thenify 3ms (cache hit)
189 timing idealTree:node_modules/mz Completed in 7ms
190 timing idealTree:node_modules/any-promise Completed in 0ms
191 timing idealTree:node_modules/object-assign Completed in 0ms
192 timing idealTree:node_modules/parse5 Completed in 0ms
193 silly placeDep node_modules/parse5-htmlparser2-tree-adapter parse5@6.0.1 OK for: parse5-htmlparser2-tree-adapter@6.0.1 want: ^6.0.1
194 timing idealTree:node_modules/parse5-htmlparser2-tree-adapter Completed in 1ms
195 silly placeDep ROOT safe-buffer@5.2.1 OK for: sha.js@2.4.11 want: ^5.0.1
196 timing idealTree:node_modules/sha.js Completed in 1ms
197 timing idealTree:node_modules/safe-buffer Completed in 0ms
198 silly placeDep ROOT thenify@3.3.1 OK for: thenify-all@1.6.0 want: >= 3.1.0 < 4
199 timing idealTree:node_modules/thenify-all Completed in 1ms
200 timing idealTree:node_modules/thenify Completed in 0ms
201 timing idealTree:node_modules/uuid Completed in 0ms
202 silly placeDep node_modules/cli-highlight yargs-parser@20.2.9 OK for: yargs@16.2.0 want: ^20.2.2
203 timing idealTree:node_modules/cli-highlight/node_modules/yargs Completed in 1ms
204 timing idealTree:node_modules/cli-highlight/node_modules/yargs-parser Completed in 1ms
205 timing idealTree:node_modules/parse5-htmlparser2-tree-adapter/node_modules/parse5 Completed in 0ms
206 silly placeDep node_modules/typeorm minimatch@5.1.6 OK for: glob@8.1.0 want: ^5.0.1
207 timing idealTree:node_modules/typeorm/node_modules/glob Completed in 1ms
208 timing idealTree:node_modules/typeorm/node_modules/minimatch Completed in 0ms
209 timing idealTree:node_modules/typeorm/node_modules/tslib Completed in 0ms
210 timing idealTree:buildDeps Completed in 4269ms
211 timing idealTree:fixDepFlags Completed in 6ms
212 timing idealTree Completed in 4579ms
213 timing reify:loadTrees Completed in 4580ms
214 timing reify:diffTrees Completed in 7ms
215 silly reify moves {}
216 timing reify:retireShallow Completed in 1ms
217 timing reify:createSparse Completed in 9ms
218 timing reify:loadBundles Completed in 0ms
219 silly audit bulk request {
219 silly audit   '@ampproject/remapping': [ '2.2.1' ],
219 silly audit   '@babel/code-frame': [ '7.21.4' ],
219 silly audit   '@babel/compat-data': [ '7.21.4' ],
219 silly audit   '@babel/core': [ '7.21.4' ],
219 silly audit   'convert-source-map': [ '1.9.0', '2.0.0' ],
219 silly audit   semver: [ '6.3.0', '5.7.1', '7.5.0', '7.0.0' ],
219 silly audit   '@babel/generator': [ '7.21.4' ],
219 silly audit   '@jridgewell/resolve-uri': [ '3.1.0', '3.1.1' ],
219 silly audit   '@jridgewell/sourcemap-codec': [ '1.4.14', '1.4.15' ],
219 silly audit   '@jridgewell/trace-mapping': [ '0.3.18', '0.3.9' ],
219 silly audit   '@babel/helper-compilation-targets': [ '7.21.4' ],
219 silly audit   'lru-cache': [ '5.1.1', '9.1.0', '6.0.0' ],
219 silly audit   yallist: [ '3.1.1', '4.0.0' ],
219 silly audit   '@babel/helper-environment-visitor': [ '7.18.9' ],
219 silly audit   '@babel/helper-function-name': [ '7.21.0' ],
219 silly audit   '@babel/helper-hoist-variables': [ '7.18.6' ],
219 silly audit   '@babel/helper-module-imports': [ '7.21.4' ],
219 silly audit   '@babel/helper-module-transforms': [ '7.21.2' ],
219 silly audit   '@babel/helper-plugin-utils': [ '7.20.2' ],
219 silly audit   '@babel/helper-simple-access': [ '7.20.2' ],
219 silly audit   '@babel/helper-split-export-declaration': [ '7.18.6' ],
219 silly audit   '@babel/helper-string-parser': [ '7.19.4' ],
219 silly audit   '@babel/helper-validator-identifier': [ '7.19.1' ],
219 silly audit   '@babel/helper-validator-option': [ '7.21.0' ],
219 silly audit   '@babel/helpers': [ '7.21.0' ],
219 silly audit   '@babel/highlight': [ '7.18.6' ],
219 silly audit   'ansi-styles': [ '3.2.1', '4.3.0', '5.2.0' ],
219 silly audit   chalk: [ '2.4.2', '4.1.2' ],
219 silly audit   'color-convert': [ '1.9.3', '2.0.1' ],
219 silly audit   'color-name': [ '1.1.3', '1.1.4' ],
219 silly audit   'escape-string-regexp': [ '1.0.5', '4.0.0', '2.0.0' ],
219 silly audit   'has-flag': [ '3.0.0', '4.0.0' ],
219 silly audit   'supports-color': [ '5.5.0', '8.1.1', '7.2.0' ],
219 silly audit   '@babel/parser': [ '7.21.4' ],
219 silly audit   '@babel/plugin-syntax-async-generators': [ '7.8.4' ],
219 silly audit   '@babel/plugin-syntax-bigint': [ '7.8.3' ],
219 silly audit   '@babel/plugin-syntax-class-properties': [ '7.12.13' ],
219 silly audit   '@babel/plugin-syntax-import-meta': [ '7.10.4' ],
219 silly audit   '@babel/plugin-syntax-json-strings': [ '7.8.3' ],
219 silly audit   '@babel/plugin-syntax-jsx': [ '7.21.4' ],
219 silly audit   '@babel/plugin-syntax-logical-assignment-operators': [ '7.10.4' ],
219 silly audit   '@babel/plugin-syntax-nullish-coalescing-operator': [ '7.8.3' ],
219 silly audit   '@babel/plugin-syntax-numeric-separator': [ '7.10.4' ],
219 silly audit   '@babel/plugin-syntax-object-rest-spread': [ '7.8.3' ],
219 silly audit   '@babel/plugin-syntax-optional-catch-binding': [ '7.8.3' ],
219 silly audit   '@babel/plugin-syntax-optional-chaining': [ '7.8.3' ],
219 silly audit   '@babel/plugin-syntax-top-level-await': [ '7.14.5' ],
219 silly audit   '@babel/plugin-syntax-typescript': [ '7.21.4' ],
219 silly audit   '@babel/template': [ '7.20.7' ],
219 silly audit   '@babel/traverse': [ '7.21.4' ],
219 silly audit   globals: [ '11.12.0', '13.20.0' ],
219 silly audit   '@babel/types': [ '7.21.4' ],
219 silly audit   '@bcoe/v8-coverage': [ '0.2.3' ],
219 silly audit   '@cspotcode/source-map-support': [ '0.8.1' ],
219 silly audit   '@eslint-community/eslint-utils': [ '4.4.0' ],
219 silly audit   '@eslint-community/regexpp': [ '4.5.0' ],
219 silly audit   '@eslint/eslintrc': [ '2.0.2' ],
219 silly audit   'brace-expansion': [ '1.1.11', '2.0.1' ],
219 silly audit   minimatch: [ '3.1.2', '9.0.0', '5.1.6' ],
219 silly audit   '@eslint/js': [ '8.39.0' ],
219 silly audit   '@humanwhocodes/config-array': [ '0.11.8' ],
219 silly audit   '@humanwhocodes/module-importer': [ '1.0.1' ],
219 silly audit   '@humanwhocodes/object-schema': [ '1.2.1' ],
219 silly audit   '@istanbuljs/load-nyc-config': [ '1.1.0' ],
219 silly audit   argparse: [ '1.0.10', '2.0.1' ],
219 silly audit   'find-up': [ '4.1.0', '5.0.0' ],
219 silly audit   'js-yaml': [ '3.14.1', '4.1.0' ],
219 silly audit   'locate-path': [ '5.0.0', '6.0.0' ],
219 silly audit   'p-limit': [ '2.3.0', '3.1.0' ],
219 silly audit   'p-locate': [ '4.1.0', '5.0.0' ],
219 silly audit   'resolve-from': [ '5.0.0', '4.0.0' ],
219 silly audit   '@istanbuljs/schema': [ '0.1.3' ],
219 silly audit   '@jest/console': [ '29.5.0' ],
219 silly audit   '@jest/core': [ '29.5.0' ],
219 silly audit   '@jest/environment': [ '29.5.0' ],
219 silly audit   '@jest/expect': [ '29.5.0' ],
219 silly audit   '@jest/expect-utils': [ '29.5.0' ],
219 silly audit   '@jest/fake-timers': [ '29.5.0' ],
219 silly audit   '@jest/globals': [ '29.5.0' ],
219 silly audit   '@jest/reporters': [ '29.5.0' ],
219 silly audit   glob: [ '7.2.3', '10.2.1', '8.1.0' ],
219 silly audit   '@jest/schemas': [ '29.4.3' ],
219 silly audit   '@jest/source-map': [ '29.4.3' ],
219 silly audit   '@jest/test-result': [ '29.5.0' ],
219 silly audit   '@jest/test-sequencer': [ '29.5.0' ],
219 silly audit   '@jest/transform': [ '29.5.0' ],
219 silly audit   '@jest/types': [ '29.5.0' ],
219 silly audit   '@jridgewell/gen-mapping': [ '0.3.3' ],
219 silly audit   '@jridgewell/set-array': [ '1.1.2' ],
219 silly audit   '@matchmakerjs/api-doc-cli': [ '0.0.1' ],
219 silly audit   typescript: [ '4.9.5', '5.0.4' ],
219 silly audit   '@matchmakerjs/di': [ '0.0.1' ],
219 silly audit   '@matchmakerjs/jwt-validator': [ '0.0.1' ],
219 silly audit   '@matchmakerjs/matchmaker': [ '0.0.1' ],
219 silly audit   '@matchmakerjs/matchmaker-security': [ '0.0.1' ],
219 silly audit   '@matchmakerjs/rest-assured': [ '0.0.1' ],
219 silly audit   '@nodelib/fs.scandir': [ '2.1.5' ],
219 silly audit   '@nodelib/fs.stat': [ '2.0.5' ],
219 silly audit   '@nodelib/fs.walk': [ '1.2.8' ],
219 silly audit   '@pkgjs/parseargs': [ '0.11.0' ],
219 silly audit   '@sinclair/typebox': [ '0.25.24' ],
219 silly audit   '@sinonjs/commons': [ '2.0.0' ],
219 silly audit   '@sinonjs/fake-timers': [ '10.0.2' ],
219 silly audit   '@tsconfig/node10': [ '1.0.9' ],
219 silly audit   '@tsconfig/node12': [ '1.0.11' ],
219 silly audit   '@tsconfig/node14': [ '1.0.3' ],
219 silly audit   '@tsconfig/node16': [ '1.0.3' ],
219 silly audit   '@types/babel__core': [ '7.20.0' ],
219 silly audit   '@types/babel__generator': [ '7.6.4' ],
219 silly audit   '@types/babel__template': [ '7.4.1' ],
219 silly audit   '@types/babel__traverse': [ '7.18.3' ],
219 silly audit   '@types/faker': [ '6.6.9' ],
219 silly audit   '@types/graceful-fs': [ '4.1.6' ],
219 silly audit   '@types/istanbul-lib-coverage': [ '2.0.4' ],
219 silly audit   '@types/istanbul-lib-report': [ '3.0.0' ],
219 silly audit   '@types/istanbul-reports': [ '3.0.1' ],
219 silly audit   '@types/jest': [ '29.5.1' ],
219 silly audit   '@types/json-schema': [ '7.0.11' ],
219 silly audit   '@types/node': [ '18.15.13' ],
219 silly audit   '@types/prettier': [ '2.7.2' ],
219 silly audit   '@types/semver': [ '7.3.13' ],
219 silly audit   '@types/stack-utils': [ '2.0.1' ],
219 silly audit   '@types/validator': [ '13.7.15' ],
219 silly audit   '@types/yargs': [ '17.0.24' ],
219 silly audit   '@types/yargs-parser': [ '21.0.0' ],
219 silly audit   '@typescript-eslint/eslint-plugin': [ '5.59.0' ],
219 silly audit   '@typescript-eslint/parser': [ '5.59.0' ],
219 silly audit   '@typescript-eslint/scope-manager': [ '5.59.0' ],
219 silly audit   '@typescript-eslint/type-utils': [ '5.59.0' ],
219 silly audit   '@typescript-eslint/types': [ '5.59.0' ],
219 silly audit   '@typescript-eslint/typescript-estree': [ '5.59.0' ],
219 silly audit   '@typescript-eslint/utils': [ '5.59.0' ],
219 silly audit   '@typescript-eslint/visitor-keys': [ '5.59.0' ],
219 silly audit   abbrev: [ '1.1.1' ],
219 silly audit   acorn: [ '8.8.2' ],
219 silly audit   'acorn-jsx': [ '5.3.2' ],
219 silly audit   'acorn-walk': [ '8.2.0' ],
219 silly audit   ajv: [ '6.12.6' ],
219 silly audit   'ansi-escapes': [ '4.3.2' ],
219 silly audit   'type-fest': [ '0.21.3', '0.20.2' ],
219 silly audit   'ansi-regex': [ '5.0.1' ],
219 silly audit   anymatch: [ '3.1.3' ],
219 silly audit   arg: [ '4.1.3' ],
219 silly audit   'array-union': [ '2.1.0' ],
219 silly audit   'babel-jest': [ '29.5.0' ],
219 silly audit   'babel-plugin-istanbul': [ '6.1.1' ],
219 silly audit   'babel-plugin-jest-hoist': [ '29.5.0' ],
219 silly audit   'babel-preset-current-node-syntax': [ '1.0.1' ],
219 silly audit   'babel-preset-jest': [ '29.5.0' ],
219 silly audit   'balanced-match': [ '1.0.2' ],
219 silly audit   'binary-extensions': [ '2.2.0' ],
219 silly audit   braces: [ '3.0.2' ],
219 silly audit   browserslist: [ '4.21.5' ],
219 silly audit   'bs-logger': [ '0.2.6' ],
219 silly audit   bser: [ '2.1.1' ],
219 silly audit   'buffer-from': [ '1.1.2' ],
219 silly audit   callsites: [ '3.1.0' ],
219 silly audit   camelcase: [ '5.3.1', '6.3.0' ],
219 silly audit   'caniuse-lite': [ '1.0.30001481' ],
219 silly audit   'char-regex': [ '1.0.2' ],
219 silly audit   chokidar: [ '3.5.3' ],
219 silly audit   'glob-parent': [ '5.1.2', '6.0.2' ],
219 silly audit   'ci-info': [ '3.8.0' ],
219 silly audit   'cjs-module-lexer': [ '1.2.2' ],
219 silly audit   'class-transformer': [ '0.5.1' ],
219 silly audit   'class-validator': [ '0.14.0' ],
219 silly audit   cliui: [ '7.0.4', '8.0.1' ],
219 silly audit   co: [ '4.6.0' ],
219 silly audit   'collect-v8-coverage': [ '1.0.1' ],
219 silly audit   'concat-map': [ '0.0.1' ],
219 silly audit   'create-require': [ '1.1.1' ],
219 silly audit   'cross-spawn': [ '7.0.3' ],
219 silly audit   debug: [ '4.3.4', '3.2.7' ],
219 silly audit   dedent: [ '0.7.0' ],
219 silly audit   'deep-is': [ '0.1.4' ],
219 silly audit   deepmerge: [ '4.3.1' ],
219 silly audit   'detect-newline': [ '3.1.0' ],
219 silly audit   diff: [ '4.0.2' ],
219 silly audit   'diff-sequences': [ '29.4.3' ],
219 silly audit   'dir-glob': [ '3.0.1' ],
219 silly audit   doctrine: [ '3.0.0' ],
219 silly audit   dotenv: [ '16.0.3' ],
219 silly audit   'electron-to-chromium': [ '1.4.369' ],
219 silly audit   emittery: [ '0.13.1' ],
219 silly audit   'emoji-regex': [ '8.0.0' ],
219 silly audit   'error-ex': [ '1.3.2' ],
219 silly audit   escalade: [ '3.1.1' ],
219 silly audit   eslint: [ '8.39.0' ],
219 silly audit   'eslint-config-prettier': [ '8.8.0' ],
219 silly audit   'eslint-plugin-prettier': [ '4.2.1' ],
219 silly audit   'eslint-scope': [ '5.1.1', '7.2.0' ],
219 silly audit   'eslint-visitor-keys': [ '3.4.0' ],
219 silly audit   estraverse: [ '5.3.0', '4.3.0' ],
219 silly audit   espree: [ '9.5.1' ],
219 silly audit   esprima: [ '4.0.1' ],
219 silly audit   esquery: [ '1.5.0' ],
219 silly audit   esrecurse: [ '4.3.0' ],
219 silly audit   esutils: [ '2.0.3' ],
219 silly audit   execa: [ '5.1.1' ],
219 silly audit   'signal-exit': [ '3.0.7', '4.0.1' ],
219 silly audit   exit: [ '0.1.2' ],
219 silly audit   expect: [ '29.5.0' ],
219 silly audit   faker: [ '6.6.6' ],
219 silly audit   'fast-deep-equal': [ '3.1.3' ],
219 silly audit   'fast-diff': [ '1.2.0' ],
219 silly audit   'fast-glob': [ '3.2.12' ],
219 silly audit   'fast-json-stable-stringify': [ '2.1.0' ],
219 silly audit   'fast-levenshtein': [ '2.0.6' ],
219 silly audit   fastq: [ '1.15.0' ],
219 silly audit   'fb-watchman': [ '2.0.2' ],
219 silly audit   'file-entry-cache': [ '6.0.1' ],
219 silly audit   'fill-range': [ '7.0.1' ],
219 silly audit   'flat-cache': [ '3.0.4' ],
219 silly audit   rimraf: [ '3.0.2', '5.0.0' ],
219 silly audit   flatted: [ '3.2.7' ],
219 silly audit   'foreground-child': [ '3.1.1' ],
219 silly audit   'fs.realpath': [ '1.0.0' ],
219 silly audit   fsevents: [ '2.3.2' ],
219 silly audit   'function-bind': [ '1.1.1' ],
219 silly audit   gensync: [ '1.0.0-beta.2' ],
219 silly audit   'get-caller-file': [ '2.0.5' ],
219 silly audit   'get-package-type': [ '0.1.0' ],
219 silly audit   'get-stream': [ '6.0.1' ],
219 silly audit   globby: [ '11.1.0' ],
219 silly audit   'graceful-fs': [ '4.2.11' ],
219 silly audit   'grapheme-splitter': [ '1.0.4' ],
219 silly audit   has: [ '1.0.3' ],
219 silly audit   'html-escaper': [ '2.0.2' ],
219 silly audit   'human-signals': [ '2.1.0' ],
219 silly audit   ignore: [ '5.2.4' ],
219 silly audit   'ignore-by-default': [ '1.0.1' ],
219 silly audit   'import-fresh': [ '3.3.0' ],
219 silly audit   'import-local': [ '3.1.0' ],
219 silly audit   imurmurhash: [ '0.1.4' ],
219 silly audit   inflight: [ '1.0.6' ],
219 silly audit   inherits: [ '2.0.4' ],
219 silly audit   'is-arrayish': [ '0.2.1' ],
219 silly audit   'is-binary-path': [ '2.1.0' ],
219 silly audit   'is-core-module': [ '2.12.0' ],
219 silly audit   'is-extglob': [ '2.1.1' ],
219 silly audit   'is-fullwidth-code-point': [ '3.0.0' ],
219 silly audit   'is-generator-fn': [ '2.1.0' ],
219 silly audit   'is-glob': [ '4.0.3' ],
219 silly audit   'is-number': [ '7.0.0' ],
219 silly audit   'is-path-inside': [ '3.0.3' ],
219 silly audit   'is-stream': [ '2.0.1' ],
219 silly audit   isexe: [ '2.0.0' ],
219 silly audit   'istanbul-lib-coverage': [ '3.2.0' ],
219 silly audit   'istanbul-lib-instrument': [ '5.2.1' ],
219 silly audit   'istanbul-lib-report': [ '3.0.0' ],
219 silly audit   'istanbul-lib-source-maps': [ '4.0.1' ],
219 silly audit   'istanbul-reports': [ '3.1.5' ],
219 silly audit   jackspeak: [ '2.0.3' ],
219 silly audit   jest: [ '29.5.0' ],
219 silly audit   'jest-changed-files': [ '29.5.0' ],
219 silly audit   'jest-circus': [ '29.5.0' ],
219 silly audit   'jest-cli': [ '29.5.0' ],
219 silly audit   'jest-config': [ '29.5.0' ],
219 silly audit   'jest-diff': [ '29.5.0' ],
219 silly audit   'jest-docblock': [ '29.4.3' ],
219 silly audit   'jest-each': [ '29.5.0' ],
219 silly audit   'jest-environment-node': [ '29.5.0' ],
219 silly audit   'jest-get-type': [ '29.4.3' ],
219 silly audit   'jest-haste-map': [ '29.5.0' ],
219 silly audit   'jest-leak-detector': [ '29.5.0' ],
219 silly audit   'jest-matcher-utils': [ '29.5.0' ],
219 silly audit   'jest-message-util': [ '29.5.0' ],
219 silly audit   'jest-mock': [ '29.5.0' ],
219 silly audit   'jest-pnp-resolver': [ '1.2.3' ],
219 silly audit   'jest-regex-util': [ '29.4.3' ],
219 silly audit   'jest-resolve': [ '29.5.0' ],
219 silly audit   'jest-resolve-dependencies': [ '29.5.0' ],
219 silly audit   'jest-runner': [ '29.5.0' ],
219 silly audit   'jest-runtime': [ '29.5.0' ],
219 silly audit   'jest-snapshot': [ '29.5.0' ],
219 silly audit   'jest-util': [ '29.5.0' ],
219 silly audit   'jest-validate': [ '29.5.0' ],
219 silly audit   'jest-watcher': [ '29.5.0' ],
219 silly audit   'jest-worker': [ '29.5.0' ],
219 silly audit   'js-sdsl': [ '4.4.0' ],
219 silly audit   'js-tokens': [ '4.0.0' ],
219 silly audit   jsesc: [ '2.5.2' ],
219 silly audit   'json-parse-even-better-errors': [ '2.3.1' ],
219 silly audit   'json-schema-traverse': [ '0.4.1' ],
219 silly audit   'json-stable-stringify-without-jsonify': [ '1.0.1' ],
219 silly audit   json5: [ '2.2.3' ],
219 silly audit   kleur: [ '3.0.3' ],
219 silly audit   leven: [ '3.1.0' ],
219 silly audit   levn: [ '0.4.1' ],
219 silly audit   'libphonenumber-js': [ '1.10.28' ],
219 silly audit   'lines-and-columns': [ '1.2.4' ],
219 silly audit   'lodash.memoize': [ '4.1.2' ],
219 silly audit   'lodash.merge': [ '4.6.2' ],
219 silly audit   'make-dir': [ '3.1.0' ],
219 silly audit   'make-error': [ '1.3.6' ],
219 silly audit   makeerror: [ '1.0.12' ],
219 silly audit   'merge-stream': [ '2.0.0' ],
219 silly audit   merge2: [ '1.4.1' ],
219 silly audit   micromatch: [ '4.0.5' ],
219 silly audit   'mimic-fn': [ '2.1.0' ],
219 silly audit   minipass: [ '5.0.0' ],
219 silly audit   ms: [ '2.1.2' ],
219 silly audit   'natural-compare': [ '1.4.0' ],
219 silly audit   'natural-compare-lite': [ '1.4.0' ],
219 silly audit   'node-int64': [ '0.4.0' ],
219 silly audit   'node-releases': [ '2.0.10' ],
219 silly audit   nodemon: [ '2.0.22' ],
219 silly audit   nopt: [ '1.0.10' ],
219 silly audit   'normalize-path': [ '3.0.0' ],
219 silly audit   'npm-run-path': [ '4.0.1' ],
219 silly audit   once: [ '1.4.0' ],
219 silly audit   onetime: [ '5.1.2' ],
219 silly audit   optionator: [ '0.9.1' ],
219 silly audit   'p-try': [ '2.2.0' ],
219 silly audit   'parent-module': [ '1.0.1' ],
219 silly audit   'parse-json': [ '5.2.0' ],
219 silly audit   'path-exists': [ '4.0.0' ],
219 silly audit   'path-is-absolute': [ '1.0.1' ],
219 silly audit   'path-key': [ '3.1.1' ],
219 silly audit   'path-parse': [ '1.0.7' ],
219 silly audit   'path-scurry': [ '1.7.0' ],
219 silly audit   'path-type': [ '4.0.0' ],
219 silly audit   picocolors: [ '1.0.0' ],
219 silly audit   picomatch: [ '2.3.1' ],
219 silly audit   pirates: [ '4.0.5' ],
219 silly audit   'pkg-dir': [ '4.2.0' ],
219 silly audit   'prelude-ls': [ '1.2.1' ],
219 silly audit   prettier: [ '2.8.7' ],
219 silly audit   'prettier-linter-helpers': [ '1.0.0' ],
219 silly audit   'pretty-format': [ '29.5.0' ],
219 silly audit   prompts: [ '2.4.2' ],
219 silly audit   'pstree.remy': [ '1.1.8' ],
219 silly audit   punycode: [ '2.3.0' ],
219 silly audit   'pure-rand': [ '6.0.1' ],
219 silly audit   'queue-microtask': [ '1.2.3' ],
219 silly audit   'react-is': [ '18.2.0' ],
219 silly audit   readdirp: [ '3.6.0' ],
219 silly audit   'reflect-metadata': [ '0.1.13' ],
219 silly audit   'require-directory': [ '2.1.1' ],
219 silly audit   resolve: [ '1.22.2' ],
219 silly audit   'resolve-cwd': [ '3.0.0' ],
219 silly audit   'resolve.exports': [ '2.0.2' ],
219 silly audit   reusify: [ '1.0.4' ],
219 silly audit   'run-parallel': [ '1.2.0' ],
219 silly audit   'shebang-command': [ '2.0.0' ],
219 silly audit   'shebang-regex': [ '3.0.0' ],
219 silly audit   'simple-update-notifier': [ '1.1.0' ],
219 silly audit   sisteransi: [ '1.0.5' ],
219 silly audit   slash: [ '3.0.0' ],
219 silly audit   'source-map': [ '0.6.1' ],
219 silly audit   'source-map-support': [ '0.5.13' ],
219 silly audit   'sprintf-js': [ '1.0.3' ],
219 silly audit   'stack-utils': [ '2.0.6' ],
219 silly audit   'string-length': [ '4.0.2' ],
219 silly audit   'string-width': [ '4.2.3' ],
219 silly audit   'strip-ansi': [ '6.0.1' ],
219 silly audit   'strip-bom': [ '4.0.0' ],
219 silly audit   'strip-final-newline': [ '2.0.0' ],
219 silly audit   'strip-json-comments': [ '3.1.1' ],
219 silly audit   'supports-preserve-symlinks-flag': [ '1.0.0' ],
219 silly audit   'test-exclude': [ '6.0.0' ],
219 silly audit   'text-table': [ '0.2.0' ],
219 silly audit   tmpl: [ '1.0.5' ],
219 silly audit   'to-fast-properties': [ '2.0.0' ],
219 silly audit   'to-regex-range': [ '5.0.1' ],
219 silly audit   touch: [ '3.1.0' ],
219 silly audit   'ts-jest': [ '29.1.0' ],
219 silly audit   'ts-node': [ '10.9.1' ],
219 silly audit   tslib: [ '1.14.1', '2.5.0' ],
219 silly audit   tsutils: [ '3.21.0' ],
219 silly audit   'type-check': [ '0.4.0' ],
219 silly audit   'type-detect': [ '4.0.8' ],
219 silly audit   undefsafe: [ '2.0.5' ],
219 silly audit   'update-browserslist-db': [ '1.0.11' ],
219 silly audit   'uri-js': [ '4.4.1' ],
219 silly audit   'v8-compile-cache-lib': [ '3.0.1' ],
219 silly audit   'v8-to-istanbul': [ '9.1.0' ],
219 silly audit   validator: [ '13.9.0' ],
219 silly audit   walker: [ '1.0.8' ],
219 silly audit   which: [ '2.0.2' ],
219 silly audit   'word-wrap': [ '1.2.3' ],
219 silly audit   'wrap-ansi': [ '7.0.0' ],
219 silly audit   wrappy: [ '1.0.2' ],
219 silly audit   'write-file-atomic': [ '4.0.2' ],
219 silly audit   y18n: [ '5.0.8' ],
219 silly audit   yargs: [ '17.7.1', '16.2.0' ],
219 silly audit   'yargs-parser': [ '21.1.1', '20.2.9' ],
219 silly audit   yn: [ '3.1.1' ],
219 silly audit   'yocto-queue': [ '0.1.0' ],
219 silly audit   '@matchmakerjs/matchmaker-typeorm': [ '0.0.1' ],
219 silly audit   typeorm: [ '0.3.15' ],
219 silly audit   '@sqltools/formatter': [ '1.2.5' ],
219 silly audit   'app-root-path': [ '3.1.0' ],
219 silly audit   buffer: [ '6.0.3' ],
219 silly audit   'cli-highlight': [ '2.1.11' ],
219 silly audit   mkdirp: [ '2.1.6' ],
219 silly audit   'sha.js': [ '2.4.11' ],
219 silly audit   uuid: [ '9.0.0' ],
219 silly audit   'base64-js': [ '1.5.1' ],
219 silly audit   ieee754: [ '1.2.1' ],
219 silly audit   'highlight.js': [ '10.7.3' ],
219 silly audit   mz: [ '2.7.0' ],
219 silly audit   parse5: [ '5.1.1', '6.0.1' ],
219 silly audit   'parse5-htmlparser2-tree-adapter': [ '6.0.1' ],
219 silly audit   'any-promise': [ '1.3.0' ],
219 silly audit   'object-assign': [ '4.1.1' ],
219 silly audit   'thenify-all': [ '1.6.0' ],
219 silly audit   'safe-buffer': [ '5.2.1' ],
219 silly audit   thenify: [ '3.3.1' ]
219 silly audit }
220 silly tarball no local data for thenify@https://registry.npmjs.org/thenify/-/thenify-3.3.1.tgz. Extracting by manifest.
221 silly tarball no local data for safe-buffer@https://registry.npmjs.org/safe-buffer/-/safe-buffer-5.2.1.tgz. Extracting by manifest.
222 silly tarball no local data for thenify-all@https://registry.npmjs.org/thenify-all/-/thenify-all-1.6.0.tgz. Extracting by manifest.
223 silly tarball no local data for object-assign@https://registry.npmjs.org/object-assign/-/object-assign-4.1.1.tgz. Extracting by manifest.
224 silly tarball no local data for any-promise@https://registry.npmjs.org/any-promise/-/any-promise-1.3.0.tgz. Extracting by manifest.
225 silly tarball no local data for parse5-htmlparser2-tree-adapter@https://registry.npmjs.org/parse5-htmlparser2-tree-adapter/-/parse5-htmlparser2-tree-adapter-6.0.1.tgz. Extracting by manifest.
226 silly tarball no local data for parse5@https://registry.npmjs.org/parse5/-/parse5-5.1.1.tgz. Extracting by manifest.
227 silly tarball no local data for mz@https://registry.npmjs.org/mz/-/mz-2.7.0.tgz. Extracting by manifest.
228 silly tarball no local data for highlight.js@https://registry.npmjs.org/highlight.js/-/highlight.js-10.7.3.tgz. Extracting by manifest.
229 silly tarball no local data for ieee754@https://registry.npmjs.org/ieee754/-/ieee754-1.2.1.tgz. Extracting by manifest.
230 silly tarball no local data for base64-js@https://registry.npmjs.org/base64-js/-/base64-js-1.5.1.tgz. Extracting by manifest.
231 silly tarball no local data for uuid@https://registry.npmjs.org/uuid/-/uuid-9.0.0.tgz. Extracting by manifest.
232 silly tarball no local data for mkdirp@https://registry.npmjs.org/mkdirp/-/mkdirp-2.1.6.tgz. Extracting by manifest.
233 silly tarball no local data for cli-highlight@https://registry.npmjs.org/cli-highlight/-/cli-highlight-2.1.11.tgz. Extracting by manifest.
234 silly tarball no local data for sha.js@https://registry.npmjs.org/sha.js/-/sha.js-2.4.11.tgz. Extracting by manifest.
235 silly tarball no local data for buffer@https://registry.npmjs.org/buffer/-/buffer-6.0.3.tgz. Extracting by manifest.
236 silly tarball no local data for app-root-path@https://registry.npmjs.org/app-root-path/-/app-root-path-3.1.0.tgz. Extracting by manifest.
237 silly tarball no local data for typeorm@https://registry.npmjs.org/typeorm/-/typeorm-0.3.15.tgz. Extracting by manifest.
238 silly tarball no local data for @matchmakerjs/matchmaker-typeorm@https://npm.pkg.github.com/download/@matchmakerjs/matchmaker-typeorm/0.0.1/915e99bc32d279066992046808e346fb2ca5a4e2. Extracting by manifest.
239 silly tarball no local data for @sqltools/formatter@https://registry.npmjs.org/@sqltools/formatter/-/formatter-1.2.5.tgz. Extracting by manifest.
240 silly tarball no local data for parse5@https://registry.npmjs.org/parse5/-/parse5-6.0.1.tgz. Extracting by manifest.
241 silly tarball no local data for minimatch@https://registry.npmjs.org/minimatch/-/minimatch-5.1.6.tgz. Extracting by manifest.
242 silly tarball no local data for tslib@https://registry.npmjs.org/tslib/-/tslib-2.5.0.tgz. Extracting by manifest.
243 silly tarball no local data for yargs-parser@https://registry.npmjs.org/yargs-parser/-/yargs-parser-20.2.9.tgz. Extracting by manifest.
244 silly tarball no local data for glob@https://registry.npmjs.org/glob/-/glob-8.1.0.tgz. Extracting by manifest.
245 silly tarball no local data for yargs@https://registry.npmjs.org/yargs/-/yargs-16.2.0.tgz. Extracting by manifest.
246 http fetch GET 200 https://registry.npmjs.org/thenify/-/thenify-3.3.1.tgz 117ms (cache miss)
247 timing reifyNode:node_modules/thenify Completed in 143ms
248 http fetch GET 200 https://registry.npmjs.org/thenify-all/-/thenify-all-1.6.0.tgz 268ms (cache miss)
249 timing reifyNode:node_modules/thenify-all Completed in 294ms
250 http fetch GET 200 https://registry.npmjs.org/sha.js/-/sha.js-2.4.11.tgz 268ms (cache miss)
251 timing reifyNode:node_modules/sha.js Completed in 306ms
252 http fetch GET 200 https://registry.npmjs.org/mz/-/mz-2.7.0.tgz 279ms (cache miss)
253 timing reifyNode:node_modules/mz Completed in 311ms
254 http fetch GET 200 https://registry.npmjs.org/object-assign/-/object-assign-4.1.1.tgz 296ms (cache miss)
255 timing reifyNode:node_modules/object-assign Completed in 323ms
256 http fetch GET 200 https://registry.npmjs.org/safe-buffer/-/safe-buffer-5.2.1.tgz 300ms (cache miss)
257 timing reifyNode:node_modules/safe-buffer Completed in 327ms
258 http fetch GET 200 https://registry.npmjs.org/base64-js/-/base64-js-1.5.1.tgz 319ms (cache miss)
259 timing reifyNode:node_modules/base64-js Completed in 353ms
260 http fetch GET 200 https://registry.npmjs.org/any-promise/-/any-promise-1.3.0.tgz 330ms (cache miss)
261 timing reifyNode:node_modules/any-promise Completed in 363ms
262 http fetch GET 200 https://registry.npmjs.org/app-root-path/-/app-root-path-3.1.0.tgz 350ms (cache miss)
263 timing reifyNode:node_modules/app-root-path Completed in 390ms
264 http fetch GET 200 https://registry.npmjs.org/minimatch/-/minimatch-5.1.6.tgz 350ms (cache miss)
265 timing reifyNode:node_modules/typeorm/node_modules/minimatch Completed in 395ms
266 http fetch GET 200 https://registry.npmjs.org/buffer/-/buffer-6.0.3.tgz 360ms (cache miss)
267 timing reifyNode:node_modules/buffer Completed in 398ms
268 http fetch GET 200 https://registry.npmjs.org/parse5/-/parse5-5.1.1.tgz 419ms (cache miss)
269 timing reifyNode:node_modules/parse5 Completed in 455ms
270 http fetch POST 200 https://registry.npmjs.org/-/npm/v1/security/advisories/bulk 482ms
271 timing auditReport:getReport Completed in 489ms
272 silly audit report {
272 silly audit report   faker: [
272 silly audit report     {
272 silly audit report       id: 1088114,
272 silly audit report       url: 'https://github.com/advisories/GHSA-5w9c-rv96-fr7g',
272 silly audit report       title: 'Removal of functional code in faker.js',
272 silly audit report       severity: 'high',
272 silly audit report       vulnerable_versions: '=6.6.6',
272 silly audit report       cwe: [],
272 silly audit report       cvss: [Object]
272 silly audit report     }
272 silly audit report   ]
272 silly audit report }
273 http fetch GET 200 https://registry.npmjs.org/uuid/-/uuid-9.0.0.tgz 448ms (cache miss)
274 timing reifyNode:node_modules/uuid Completed in 484ms
275 timing metavuln:cache:get:security-advisory:faker:Goe45kPazgIFYH198L4vQMRm3tuNZNuEJJQ4Qd+JCG82w4USeO+Q7vIzC2cS/SYAmsyFXE1URiefoLLtQ2khow== Completed in 15ms
276 http fetch GET 200 https://registry.npmjs.org/tslib/-/tslib-2.5.0.tgz 462ms (cache miss)
277 timing reifyNode:node_modules/typeorm/node_modules/tslib Completed in 508ms
278 http fetch GET 200 https://registry.npmjs.org/glob/-/glob-8.1.0.tgz 469ms (cache miss)
279 timing reifyNode:node_modules/typeorm/node_modules/glob Completed in 518ms
280 http fetch GET 200 https://registry.npmjs.org/yargs-parser/-/yargs-parser-20.2.9.tgz 475ms (cache miss)
281 timing reifyNode:node_modules/cli-highlight/node_modules/yargs-parser Completed in 523ms
282 http fetch GET 200 https://registry.npmjs.org/parse5/-/parse5-6.0.1.tgz 490ms (cache miss)
283 timing reifyNode:node_modules/parse5-htmlparser2-tree-adapter/node_modules/parse5 Completed in 537ms
284 http fetch GET 200 https://registry.npmjs.org/yargs/-/yargs-16.2.0.tgz 528ms (cache miss)
285 timing reifyNode:node_modules/cli-highlight/node_modules/yargs Completed in 580ms
286 http fetch GET 200 https://registry.npmjs.org/highlight.js/-/highlight.js-10.7.3.tgz 739ms (cache miss)
287 timing reifyNode:node_modules/highlight.js Completed in 773ms
288 http fetch GET 200 https://pkg-npm.githubusercontent.com/npmregistryv2prod/blobs/87516201/matchmaker-typeorm/0.0.1/npm_***?se=2023-04-22T19%3A13%3A04Z&sig=eUQdgK61iMODjL%2Ff0Vr1UmgoZRTLaYKKcGARwPL5cXU%3D&sp=r&spr=https&sr=b&sv=2019-12-12 1234ms (cache miss)
289 timing reifyNode:node_modules/@matchmakerjs/matchmaker-typeorm Completed in 1277ms
290 http fetch GET 200 https://registry.npmjs.org/ieee754/-/ieee754-1.2.1.tgz 1438ms (cache miss)
291 timing reifyNode:node_modules/ieee754 Completed in 1472ms
292 http fetch GET 200 https://registry.npmjs.org/parse5-htmlparser2-tree-adapter/-/parse5-htmlparser2-tree-adapter-6.0.1.tgz 1445ms (cache miss)
293 timing reifyNode:node_modules/parse5-htmlparser2-tree-adapter Completed in 1472ms
294 http fetch GET 200 https://registry.npmjs.org/@sqltools/formatter/-/formatter-1.2.5.tgz 1437ms (cache miss)
295 timing reifyNode:node_modules/@sqltools/formatter Completed in 1481ms
296 http fetch GET 200 https://registry.npmjs.org/cli-highlight/-/cli-highlight-2.1.11.tgz 1477ms (cache miss)
297 timing reifyNode:node_modules/cli-highlight Completed in 1514ms
298 http fetch GET 200 https://registry.npmjs.org/faker 1051ms (cache revalidated)
299 timing metavuln:packument:faker Completed in 1051ms
300 timing metavuln:load:security-advisory:faker:1088114 Completed in 1ms
301 timing metavuln:calculate:security-advisory:faker:1088114 Completed in 1053ms
302 timing metavuln:cache:get:security-advisory:@types/faker:2HjK2CGi0WuI6wsKQprDcGRuVI9j/U1SEoDgThf3KL/oRLTgi98LLchyHBXjFkXdfbcoTqyCVjH9WtbWCIeTWQ== Completed in 9ms
303 http fetch GET 200 https://registry.npmjs.org/mkdirp/-/mkdirp-2.1.6.tgz 1513ms (cache miss)
304 timing reifyNode:node_modules/mkdirp Completed in 1550ms
305 http fetch GET 200 https://registry.npmjs.org/typeorm/-/typeorm-0.3.15.tgz 1736ms (cache miss)
306 timing reifyNode:node_modules/typeorm Completed in 1776ms
307 timing reify:unpack Completed in 1781ms
308 timing reify:unretire Completed in 0ms
309 timing build:queue Completed in 1ms
310 timing build:link:node_modules/cli-highlight Completed in 5ms
311 timing build:link:node_modules/mkdirp Completed in 4ms
312 timing build:link:node_modules/sha.js Completed in 4ms
313 timing build:link:node_modules/typeorm Completed in 3ms
314 timing build:link:node_modules/uuid Completed in 3ms
315 timing build:link Completed in 5ms
316 timing build:deps Completed in 7ms
317 timing build Completed in 7ms
318 timing reify:build Completed in 7ms
319 timing reify:trash Completed in 0ms
320 timing reify:save Completed in 111ms
321 http fetch GET 200 https://registry.npmjs.org/@types%2ffaker 770ms (cache revalidated)
322 timing metavuln:packument:@types/faker Completed in 771ms
323 timing metavuln:load:security-advisory:@types/faker:Goe45kPazgIFYH198L4vQMRm3tuNZNuEJJQ4Qd+JCG82w4USeO+Q7vIzC2cS/SYAmsyFXE1URiefoLLtQ2khow== Completed in 1ms
324 timing metavuln:calculate:security-advisory:@types/faker:Goe45kPazgIFYH198L4vQMRm3tuNZNuEJJQ4Qd+JCG82w4USeO+Q7vIzC2cS/SYAmsyFXE1URiefoLLtQ2khow== Completed in 772ms
325 timing auditReport:init Completed in 1825ms
326 timing reify:audit Completed in 2316ms
327 timing reify Completed in 6924ms
328 silly ADD node_modules/thenify
329 silly ADD node_modules/safe-buffer
330 silly ADD node_modules/thenify-all
331 silly ADD node_modules/object-assign
332 silly ADD node_modules/any-promise
333 silly ADD node_modules/parse5-htmlparser2-tree-adapter
334 silly ADD node_modules/parse5-htmlparser2-tree-adapter/node_modules/parse5
335 silly ADD node_modules/parse5
336 silly ADD node_modules/mz
337 silly ADD node_modules/highlight.js
338 silly ADD node_modules/ieee754
339 silly ADD node_modules/base64-js
340 silly ADD node_modules/uuid
341 silly ADD node_modules/sha.js
342 silly ADD node_modules/mkdirp
343 silly ADD node_modules/cli-highlight
344 silly ADD node_modules/cli-highlight/node_modules/yargs-parser
345 silly ADD node_modules/cli-highlight/node_modules/yargs
346 silly ADD node_modules/buffer
347 silly ADD node_modules/app-root-path
348 silly ADD node_modules/@sqltools/formatter
349 silly ADD node_modules/typeorm
350 silly ADD node_modules/typeorm/node_modules/minimatch
351 silly ADD node_modules/typeorm/node_modules/tslib
352 silly ADD node_modules/typeorm/node_modules/glob
353 silly ADD node_modules/@matchmakerjs/matchmaker-typeorm
354 timing command:i Completed in 6936ms
355 verbose exit 0
356 timing npm Completed in 7062ms
357 info ok
