0 verbose cli /usr/local/bin/node /usr/local/bin/npm
1 info using npm@8.19.3
2 info using node@v18.13.0
3 timing npm:load:whichnode Completed in 0ms
4 timing config:load:defaults Completed in 1ms
5 timing config:load:file:/usr/local/lib/node_modules/npm/npmrc Completed in 2ms
6 timing config:load:builtin Completed in 2ms
7 timing config:load:cli Completed in 2ms
8 timing config:load:env Completed in 0ms
9 timing config:load:file:/Users/chijiooke/Desktop/inventory-app/.npmrc Completed in 1ms
10 timing config:load:project Completed in 7ms
11 timing config:load:file:/Users/chijiooke/.npmrc Completed in 1ms
12 timing config:load:user Completed in 1ms
13 timing config:load:file:/usr/local/etc/npmrc Completed in 0ms
14 timing config:load:global Completed in 0ms
15 timing config:load:validate Completed in 1ms
16 timing config:load:credentials Completed in 0ms
17 timing config:load:setEnvs Completed in 1ms
18 timing config:load Completed in 15ms
19 timing npm:load:configload Completed in 15ms
20 timing npm:load:mkdirpcache Completed in 1ms
21 timing npm:load:mkdirplogs Completed in 0ms
22 verbose title npm i sqlite3
23 verbose argv "i" "sqlite3" "--save-dev"
24 timing npm:load:setTitle Completed in 19ms
25 timing config:load:flatten Completed in 3ms
26 timing npm:load:display Completed in 4ms
27 verbose logfile logs-max:10 dir:/Users/chijiooke/Desktop/inventory-app/.npm-cache/_logs
28 verbose logfile /Users/chijiooke/Desktop/inventory-app/.npm-cache/_logs/2023-04-22T19_08_14_609Z-debug-0.log
29 timing npm:load:logFile Completed in 5ms
30 timing npm:load:timers Completed in 0ms
31 timing npm:load:configScope Completed in 0ms
32 timing npm:load Completed in 46ms
33 timing arborist:ctor Completed in 0ms
34 silly logfile start cleaning logs, removing 1 files
35 silly logfile done cleaning log files
36 timing idealTree:init Completed in 308ms
37 timing idealTree:userRequests Completed in 5ms
38 silly idealTree buildDeps
39 silly fetch manifest sqlite3@*
40 timing arborist:ctor Completed in 1ms
41 http fetch GET 200 https://registry.npmjs.org/sqlite3 267ms (cache hit)
42 silly placeDep ROOT sqlite3@5.1.6 OK for: inventory-app@1.0.0 want: *
43 silly fetch manifest @mapbox/node-pre-gyp@^1.0.0
44 silly fetch manifest node-addon-api@^4.2.0
45 silly fetch manifest tar@^6.1.11
46 silly fetch manifest node-gyp@8.x
47 http fetch GET 200 https://registry.npmjs.org/node-gyp 374ms (cache miss)
48 http fetch GET 200 https://registry.npmjs.org/node-addon-api 405ms (cache miss)
49 http fetch GET 200 https://registry.npmjs.org/tar 425ms (cache miss)
50 http fetch GET 200 https://registry.npmjs.org/@mapbox%2fnode-pre-gyp 428ms (cache miss)
51 timing idealTree:#root Completed in 705ms
52 silly placeDep ROOT @mapbox/node-pre-gyp@1.0.10 OK for: sqlite3@5.1.6 want: ^1.0.0
53 silly placeDep ROOT node-addon-api@4.3.0 OK for: sqlite3@5.1.6 want: ^4.2.0
54 silly placeDep ROOT node-gyp@8.4.1 OK for: sqlite3@5.1.6 want: 8.x
55 silly placeDep ROOT tar@6.1.13 OK for: sqlite3@5.1.6 want: ^6.1.11
56 silly fetch manifest detect-libc@^2.0.0
57 silly fetch manifest https-proxy-agent@^5.0.0
58 silly fetch manifest node-fetch@^2.6.7
59 silly fetch manifest nopt@^5.0.0
60 silly fetch manifest npmlog@^5.0.1
61 silly fetch manifest rimraf@^3.0.2
62 silly fetch manifest env-paths@^2.2.0
63 silly fetch manifest glob@^7.1.4
64 silly fetch manifest make-fetch-happen@^9.1.0
65 silly fetch manifest npmlog@^6.0.0
66 silly fetch manifest chownr@^2.0.0
67 silly fetch manifest fs-minipass@^2.0.0
68 silly fetch manifest minipass@^4.0.0
69 silly fetch manifest minizlib@^2.1.1
70 silly fetch manifest mkdirp@^1.0.3
71 http fetch GET 200 https://registry.npmjs.org/nopt 37ms (cache hit)
72 http fetch GET 200 https://registry.npmjs.org/mkdirp 34ms (cache hit)
73 http fetch GET 200 https://registry.npmjs.org/glob 38ms (cache hit)
74 http fetch GET 200 https://registry.npmjs.org/npmlog 133ms (cache miss)
75 http fetch GET 200 https://registry.npmjs.org/node-fetch 135ms (cache miss)
76 http fetch GET 200 https://registry.npmjs.org/https-proxy-agent 234ms (cache miss)
77 http fetch GET 200 https://registry.npmjs.org/rimraf 298ms (cache revalidated)
78 http fetch GET 200 https://registry.npmjs.org/env-paths 301ms (cache miss)
79 http fetch GET 200 https://registry.npmjs.org/minipass 319ms (cache revalidated)
80 http fetch GET 200 https://registry.npmjs.org/fs-minipass 322ms (cache miss)
81 http fetch GET 200 https://registry.npmjs.org/minizlib 327ms (cache miss)
82 http fetch GET 200 https://registry.npmjs.org/npmlog 329ms (cache miss)
83 http fetch GET 200 https://registry.npmjs.org/make-fetch-happen 339ms (cache miss)
84 http fetch GET 200 https://registry.npmjs.org/chownr 350ms (cache miss)
85 http fetch GET 200 https://registry.npmjs.org/detect-libc 948ms (cache miss)
86 timing idealTree:node_modules/sqlite3 Completed in 956ms
87 silly fetch manifest encoding@^0.1.0
88 http fetch GET 200 https://registry.npmjs.org/encoding 195ms (cache miss)
89 silly placeDep ROOT detect-libc@2.0.1 OK for: @mapbox/node-pre-gyp@1.0.10 want: ^2.0.0
90 silly placeDep ROOT https-proxy-agent@5.0.1 OK for: @mapbox/node-pre-gyp@1.0.10 want: ^5.0.0
91 silly placeDep ROOT node-fetch@2.6.9 OK for: @mapbox/node-pre-gyp@1.0.10 want: ^2.6.7
92 silly placeDep node_modules/@mapbox/node-pre-gyp nopt@5.0.0 OK for: @mapbox/node-pre-gyp@1.0.10 want: ^5.0.0
93 silly placeDep ROOT npmlog@5.0.1 OK for: @mapbox/node-pre-gyp@1.0.10 want: ^5.0.1
94 silly placeDep node_modules/@mapbox/node-pre-gyp rimraf@3.0.2 OK for: @mapbox/node-pre-gyp@1.0.10 want: ^3.0.2
95 silly fetch manifest agent-base@6
96 silly fetch manifest whatwg-url@^5.0.0
97 silly fetch manifest are-we-there-yet@^2.0.0
98 silly fetch manifest console-control-strings@^1.1.0
99 silly fetch manifest gauge@^3.0.0
100 silly fetch manifest set-blocking@^2.0.0
101 silly fetch manifest glob@^7.1.3
102 http fetch GET 200 https://registry.npmjs.org/console-control-strings 77ms (cache miss)
103 http fetch GET 200 https://registry.npmjs.org/whatwg-url 110ms (cache miss)
104 http fetch GET 200 https://registry.npmjs.org/are-we-there-yet 116ms (cache miss)
105 http fetch GET 200 https://registry.npmjs.org/set-blocking 115ms (cache miss)
106 http fetch GET 200 https://registry.npmjs.org/gauge 123ms (cache miss)
107 http fetch GET 200 https://registry.npmjs.org/agent-base 249ms (cache miss)
108 timing idealTree:node_modules/@mapbox/node-pre-gyp Completed in 454ms
109 timing idealTree:node_modules/detect-libc Completed in 0ms
110 silly placeDep ROOT agent-base@6.0.2 OK for: https-proxy-agent@5.0.1 want: 6
111 timing idealTree:node_modules/https-proxy-agent Completed in 2ms
112 timing idealTree:node_modules/agent-base Completed in 0ms
113 timing idealTree:node_modules/node-addon-api Completed in 0ms
114 silly placeDep ROOT whatwg-url@5.0.0 OK for: node-fetch@2.6.9 want: ^5.0.0
115 silly fetch manifest tr46@~0.0.3
116 silly fetch manifest webidl-conversions@^3.0.0
117 http fetch GET 200 https://registry.npmjs.org/webidl-conversions 85ms (cache miss)
118 http fetch GET 200 https://registry.npmjs.org/tr46 94ms (cache miss)
119 timing idealTree:node_modules/node-fetch Completed in 96ms
120 silly placeDep ROOT env-paths@2.2.1 OK for: node-gyp@8.4.1 want: ^2.2.0
121 silly placeDep node_modules/node-gyp glob@7.2.3 OK for: node-gyp@8.4.1 want: ^7.1.4
122 silly placeDep ROOT make-fetch-happen@9.1.0 OK for: node-gyp@8.4.1 want: ^9.1.0
123 silly placeDep node_modules/node-gyp nopt@5.0.0 OK for: node-gyp@8.4.1 want: ^5.0.0
124 silly placeDep node_modules/node-gyp npmlog@6.0.2 OK for: node-gyp@8.4.1 want: ^6.0.0
125 silly placeDep node_modules/node-gyp rimraf@3.0.2 OK for: node-gyp@8.4.1 want: ^3.0.2
126 silly fetch manifest minimatch@^3.1.1
127 silly fetch manifest agentkeepalive@^4.1.3
128 silly fetch manifest cacache@^15.2.0
129 silly fetch manifest http-cache-semantics@^4.1.0
130 silly fetch manifest http-proxy-agent@^4.0.1
131 silly fetch manifest is-lambda@^1.0.1
132 silly fetch manifest lru-cache@^6.0.0
133 silly fetch manifest minipass@^3.1.3
134 silly fetch manifest minipass-collect@^1.0.2
135 silly fetch manifest minipass-fetch@^1.3.2
136 silly fetch manifest minipass-flush@^1.0.5
137 silly fetch manifest minipass-pipeline@^1.2.4
138 silly fetch manifest negotiator@^0.6.2
139 silly fetch manifest promise-retry@^2.0.1
140 silly fetch manifest socks-proxy-agent@^6.0.0
141 silly fetch manifest ssri@^8.0.0
142 silly fetch manifest are-we-there-yet@^3.0.0
143 silly fetch manifest gauge@^4.0.3
144 http fetch GET 200 https://registry.npmjs.org/minimatch 30ms (cache hit)
145 http fetch GET 200 https://registry.npmjs.org/minipass-pipeline 130ms (cache miss)
146 http fetch GET 200 https://registry.npmjs.org/promise-retry 128ms (cache miss)
147 http fetch GET 200 https://registry.npmjs.org/http-cache-semantics 177ms (cache miss)
148 http fetch GET 200 https://registry.npmjs.org/negotiator 173ms (cache miss)
149 http fetch GET 200 https://registry.npmjs.org/agentkeepalive 181ms (cache miss)
150 http fetch GET 200 https://registry.npmjs.org/is-lambda 179ms (cache miss)
151 http fetch GET 200 https://registry.npmjs.org/minipass-flush 178ms (cache miss)
152 http fetch GET 200 https://registry.npmjs.org/minipass-collect 180ms (cache miss)
153 http fetch GET 200 https://registry.npmjs.org/minipass-fetch 182ms (cache miss)
154 http fetch GET 200 https://registry.npmjs.org/socks-proxy-agent 178ms (cache miss)
155 http fetch GET 200 https://registry.npmjs.org/cacache 189ms (cache miss)
156 http fetch GET 200 https://registry.npmjs.org/lru-cache 327ms (cache revalidated)
157 http fetch GET 200 https://registry.npmjs.org/ssri 358ms (cache miss)
158 http fetch GET 200 https://registry.npmjs.org/http-proxy-agent 692ms (cache miss)
159 timing idealTree:node_modules/node-gyp Completed in 701ms
160 timing idealTree:node_modules/env-paths Completed in 0ms
161 silly placeDep ROOT agentkeepalive@4.3.0 OK for: make-fetch-happen@9.1.0 want: ^4.1.3
162 silly placeDep ROOT cacache@15.3.0 OK for: make-fetch-happen@9.1.0 want: ^15.2.0
163 silly placeDep ROOT http-cache-semantics@4.1.1 OK for: make-fetch-happen@9.1.0 want: ^4.1.0
164 silly placeDep ROOT http-proxy-agent@4.0.1 OK for: make-fetch-happen@9.1.0 want: ^4.0.1
165 silly placeDep ROOT is-lambda@1.0.1 OK for: make-fetch-happen@9.1.0 want: ^1.0.1
166 silly placeDep node_modules/make-fetch-happen lru-cache@6.0.0 OK for: make-fetch-happen@9.1.0 want: ^6.0.0
167 silly placeDep node_modules/make-fetch-happen minipass@3.3.6 OK for: make-fetch-happen@9.1.0 want: ^3.1.3
168 silly placeDep ROOT minipass-collect@1.0.2 OK for: make-fetch-happen@9.1.0 want: ^1.0.2
169 silly placeDep ROOT minipass-fetch@1.4.1 OK for: make-fetch-happen@9.1.0 want: ^1.3.2
170 silly placeDep ROOT minipass-flush@1.0.5 OK for: make-fetch-happen@9.1.0 want: ^1.0.5
171 silly placeDep ROOT minipass-pipeline@1.2.4 OK for: make-fetch-happen@9.1.0 want: ^1.2.4
172 silly placeDep ROOT negotiator@0.6.3 OK for: make-fetch-happen@9.1.0 want: ^0.6.2
173 silly placeDep ROOT promise-retry@2.0.1 OK for: make-fetch-happen@9.1.0 want: ^2.0.1
174 silly placeDep ROOT socks-proxy-agent@6.2.1 OK for: make-fetch-happen@9.1.0 want: ^6.0.0
175 silly placeDep ROOT ssri@8.0.1 OK for: make-fetch-happen@9.1.0 want: ^8.0.0
176 silly fetch manifest depd@^2.0.0
177 silly fetch manifest humanize-ms@^1.2.1
178 silly fetch manifest @npmcli/fs@^1.0.0
179 silly fetch manifest @npmcli/move-file@^1.0.1
180 silly fetch manifest infer-owner@^1.0.4
181 silly fetch manifest minipass@^3.1.1
182 silly fetch manifest p-map@^4.0.0
183 silly fetch manifest promise-inflight@^1.0.1
184 silly fetch manifest unique-filename@^1.1.1
185 silly fetch manifest @tootallnate/once@1
186 silly fetch manifest minipass@^3.0.0
187 silly fetch manifest minipass@^3.1.0
188 silly fetch manifest minipass-sized@^1.0.3
189 silly fetch manifest minizlib@^2.0.0
190 silly fetch manifest encoding@^0.1.12
191 silly fetch manifest err-code@^2.0.2
192 silly fetch manifest retry@^0.12.0
193 silly fetch manifest socks@^2.6.2
194 http fetch GET 200 https://registry.npmjs.org/promise-inflight 153ms (cache miss)
195 http fetch GET 200 https://registry.npmjs.org/unique-filename 183ms (cache miss)
196 http fetch GET 200 https://registry.npmjs.org/infer-owner 186ms (cache miss)
197 http fetch GET 200 https://registry.npmjs.org/err-code 183ms (cache miss)
198 http fetch GET 200 https://registry.npmjs.org/minipass-sized 185ms (cache miss)
199 http fetch GET 200 https://registry.npmjs.org/p-map 189ms (cache miss)
200 http fetch GET 200 https://registry.npmjs.org/humanize-ms 194ms (cache miss)
201 http fetch GET 200 https://registry.npmjs.org/retry 187ms (cache miss)
202 http fetch GET 200 https://registry.npmjs.org/depd 196ms (cache miss)
203 http fetch GET 200 https://registry.npmjs.org/@tootallnate%2fonce 192ms (cache miss)
204 http fetch GET 200 https://registry.npmjs.org/socks 191ms (cache miss)
205 http fetch GET 200 https://registry.npmjs.org/@npmcli%2fmove-file 570ms (cache miss)
206 http fetch GET 200 https://registry.npmjs.org/@npmcli%2ffs 624ms (cache miss)
207 timing idealTree:node_modules/make-fetch-happen Completed in 645ms
208 silly placeDep ROOT depd@2.0.0 OK for: agentkeepalive@4.3.0 want: ^2.0.0
209 silly placeDep ROOT humanize-ms@1.2.1 OK for: agentkeepalive@4.3.0 want: ^1.2.1
210 timing idealTree:node_modules/agentkeepalive Completed in 1ms
211 silly placeDep ROOT @npmcli/fs@1.1.1 OK for: cacache@15.3.0 want: ^1.0.0
212 silly placeDep ROOT @npmcli/move-file@1.1.2 OK for: cacache@15.3.0 want: ^1.0.1
213 silly placeDep ROOT chownr@2.0.0 OK for: cacache@15.3.0 want: ^2.0.0
214 silly placeDep ROOT fs-minipass@2.1.0 OK for: cacache@15.3.0 want: ^2.0.0
215 silly placeDep node_modules/cacache glob@7.2.3 OK for: cacache@15.3.0 want: ^7.1.4
216 silly placeDep ROOT infer-owner@1.0.4 OK for: cacache@15.3.0 want: ^1.0.4
217 silly placeDep node_modules/cacache lru-cache@6.0.0 OK for: cacache@15.3.0 want: ^6.0.0
218 silly placeDep node_modules/cacache minipass@3.3.6 OK for: cacache@15.3.0 want: ^3.1.1
219 silly placeDep node_modules/cacache mkdirp@1.0.4 OK for: cacache@15.3.0 want: ^1.0.3
220 silly placeDep ROOT p-map@4.0.0 OK for: cacache@15.3.0 want: ^4.0.0
221 silly placeDep ROOT promise-inflight@1.0.1 OK for: cacache@15.3.0 want: ^1.0.1
222 silly placeDep node_modules/cacache rimraf@3.0.2 OK for: cacache@15.3.0 want: ^3.0.2
223 silly placeDep ROOT unique-filename@1.1.1 OK for: cacache@15.3.0 want: ^1.1.1
224 silly fetch manifest @gar/promisify@^1.0.1
225 silly fetch manifest mkdirp@^1.0.4
226 silly fetch manifest aggregate-error@^3.0.0
227 silly fetch manifest unique-slug@^2.0.0
228 http fetch GET 200 https://registry.npmjs.org/unique-slug 97ms (cache miss)
229 http fetch GET 200 https://registry.npmjs.org/aggregate-error 101ms (cache miss)
230 http fetch GET 200 https://registry.npmjs.org/@gar%2fpromisify 608ms (cache miss)
231 timing idealTree:node_modules/cacache Completed in 621ms
232 silly placeDep ROOT @gar/promisify@1.1.3 OK for: @npmcli/fs@1.1.1 want: ^1.0.1
233 timing idealTree:node_modules/@npmcli/fs Completed in 1ms
234 timing idealTree:node_modules/@gar/promisify Completed in 0ms
235 silly placeDep node_modules/@npmcli/move-file mkdirp@1.0.4 OK for: @npmcli/move-file@1.1.2 want: ^1.0.4
236 silly placeDep node_modules/@npmcli/move-file rimraf@3.0.2 OK for: @npmcli/move-file@1.1.2 want: ^3.0.2
237 timing idealTree:node_modules/@npmcli/move-file Completed in 2ms
238 timing idealTree:node_modules/chownr Completed in 0ms
239 timing idealTree:node_modules/depd Completed in 0ms
240 silly placeDep node_modules/fs-minipass minipass@3.3.6 OK for: fs-minipass@2.1.0 want: ^3.0.0
241 timing idealTree:node_modules/fs-minipass Completed in 2ms
242 timing idealTree:node_modules/http-cache-semantics Completed in 0ms
243 silly placeDep ROOT @tootallnate/once@1.1.2 OK for: http-proxy-agent@4.0.1 want: 1
244 timing idealTree:node_modules/http-proxy-agent Completed in 1ms
245 timing idealTree:node_modules/@tootallnate/once Completed in 0ms
246 timing idealTree:node_modules/humanize-ms Completed in 0ms
247 timing idealTree:node_modules/infer-owner Completed in 0ms
248 timing idealTree:node_modules/is-lambda Completed in 0ms
249 silly placeDep node_modules/minipass-collect minipass@3.3.6 OK for: minipass-collect@1.0.2 want: ^3.0.0
250 timing idealTree:node_modules/minipass-collect Completed in 0ms
251 silly placeDep ROOT encoding@0.1.13 OK for: minipass-fetch@1.4.1 want: ^0.1.12
252 silly placeDep node_modules/minipass-fetch minipass@3.3.6 OK for: minipass-fetch@1.4.1 want: ^3.1.0
253 silly placeDep ROOT minipass-sized@1.0.3 OK for: minipass-fetch@1.4.1 want: ^1.0.3
254 silly placeDep ROOT minizlib@2.1.2 OK for: minipass-fetch@1.4.1 want: ^2.0.0
255 silly fetch manifest iconv-lite@^0.6.2
256 http fetch GET 200 https://registry.npmjs.org/iconv-lite 103ms (cache miss)
257 timing idealTree:node_modules/minipass-fetch Completed in 110ms
258 silly placeDep ROOT iconv-lite@0.6.3 OK for: encoding@0.1.13 want: ^0.6.2
259 silly fetch manifest safer-buffer@>= 2.1.2 < 3.0.0
260 http fetch GET 200 https://registry.npmjs.org/safer-buffer 276ms (cache miss)
261 timing idealTree:node_modules/encoding Completed in 278ms
262 silly placeDep ROOT safer-buffer@2.1.2 OK for: iconv-lite@0.6.3 want: >= 2.1.2 < 3.0.0
263 timing idealTree:node_modules/iconv-lite Completed in 1ms
264 silly placeDep node_modules/minipass-flush minipass@3.3.6 OK for: minipass-flush@1.0.5 want: ^3.0.0
265 timing idealTree:node_modules/minipass-flush Completed in 1ms
266 silly placeDep node_modules/minipass-pipeline minipass@3.3.6 OK for: minipass-pipeline@1.2.4 want: ^3.0.0
267 timing idealTree:node_modules/minipass-pipeline Completed in 1ms
268 silly placeDep node_modules/minipass-sized minipass@3.3.6 OK for: minipass-sized@1.0.3 want: ^3.0.0
269 timing idealTree:node_modules/minipass-sized Completed in 1ms
270 silly placeDep node_modules/minizlib minipass@3.3.6 OK for: minizlib@2.1.2 want: ^3.0.0
271 timing idealTree:node_modules/minizlib Completed in 1ms
272 timing idealTree:node_modules/negotiator Completed in 0ms
273 silly placeDep ROOT are-we-there-yet@2.0.0 OK for: npmlog@5.0.1 want: ^2.0.0
274 silly placeDep ROOT console-control-strings@1.1.0 OK for: npmlog@5.0.1 want: ^1.1.0
275 silly placeDep ROOT gauge@3.0.2 OK for: npmlog@5.0.1 want: ^3.0.0
276 silly placeDep ROOT set-blocking@2.0.0 OK for: npmlog@5.0.1 want: ^2.0.0
277 silly fetch manifest delegates@^1.0.0
278 silly fetch manifest readable-stream@^3.6.0
279 silly fetch manifest aproba@^1.0.3 || ^2.0.0
280 silly fetch manifest color-support@^1.1.2
281 silly fetch manifest has-unicode@^2.0.1
282 silly fetch manifest signal-exit@^3.0.0
283 silly fetch manifest wide-align@^1.1.2
284 http fetch GET 200 https://registry.npmjs.org/aproba 77ms (cache miss)
285 http fetch GET 200 https://registry.npmjs.org/color-support 116ms (cache miss)
286 http fetch GET 200 https://registry.npmjs.org/signal-exit 118ms (cache revalidated)
287 http fetch GET 200 https://registry.npmjs.org/delegates 124ms (cache miss)
288 http fetch GET 200 https://registry.npmjs.org/wide-align 120ms (cache miss)
289 http fetch GET 200 https://registry.npmjs.org/has-unicode 122ms (cache miss)
290 http fetch GET 200 https://registry.npmjs.org/readable-stream 168ms (cache miss)
291 timing idealTree:node_modules/npmlog Completed in 178ms
292 silly placeDep ROOT delegates@1.0.0 OK for: are-we-there-yet@2.0.0 want: ^1.0.0
293 silly placeDep ROOT readable-stream@3.6.2 OK for: are-we-there-yet@2.0.0 want: ^3.6.0
294 silly fetch manifest string_decoder@^1.1.1
295 silly fetch manifest util-deprecate@^1.0.1
296 http fetch GET 200 https://registry.npmjs.org/string_decoder 111ms (cache miss)
297 http fetch GET 200 https://registry.npmjs.org/util-deprecate 457ms (cache miss)
298 timing idealTree:node_modules/are-we-there-yet Completed in 461ms
299 timing idealTree:node_modules/console-control-strings Completed in 0ms
300 timing idealTree:node_modules/delegates Completed in 0ms
301 silly placeDep ROOT aproba@2.0.0 OK for: gauge@3.0.2 want: ^1.0.3 || ^2.0.0
302 silly placeDep ROOT color-support@1.1.3 OK for: gauge@3.0.2 want: ^1.1.2
303 silly placeDep ROOT has-unicode@2.0.1 OK for: gauge@3.0.2 want: ^2.0.1
304 silly placeDep node_modules/gauge signal-exit@3.0.7 OK for: gauge@3.0.2 want: ^3.0.0
305 silly placeDep ROOT wide-align@1.1.5 OK for: gauge@3.0.2 want: ^1.1.2
306 timing idealTree:node_modules/gauge Completed in 5ms
307 timing idealTree:node_modules/aproba Completed in 1ms
308 timing idealTree:node_modules/color-support Completed in 0ms
309 timing idealTree:node_modules/has-unicode Completed in 0ms
310 silly placeDep ROOT aggregate-error@3.1.0 OK for: p-map@4.0.0 want: ^3.0.0
311 silly fetch manifest clean-stack@^2.0.0
312 silly fetch manifest indent-string@^4.0.0
313 http fetch GET 200 https://registry.npmjs.org/indent-string 112ms (cache miss)
314 http fetch GET 200 https://registry.npmjs.org/clean-stack 124ms (cache miss)
315 timing idealTree:node_modules/p-map Completed in 127ms
316 silly placeDep ROOT clean-stack@2.2.0 OK for: aggregate-error@3.1.0 want: ^2.0.0
317 silly placeDep ROOT indent-string@4.0.0 OK for: aggregate-error@3.1.0 want: ^4.0.0
318 timing idealTree:node_modules/aggregate-error Completed in 2ms
319 timing idealTree:node_modules/clean-stack Completed in 0ms
320 timing idealTree:node_modules/indent-string Completed in 0ms
321 timing idealTree:node_modules/promise-inflight Completed in 0ms
322 silly placeDep ROOT err-code@2.0.3 OK for: promise-retry@2.0.1 want: ^2.0.2
323 silly placeDep ROOT retry@0.12.0 OK for: promise-retry@2.0.1 want: ^0.12.0
324 timing idealTree:node_modules/promise-retry Completed in 2ms
325 timing idealTree:node_modules/err-code Completed in 0ms
326 silly placeDep ROOT string_decoder@1.3.0 OK for: readable-stream@3.6.2 want: ^1.1.1
327 silly placeDep ROOT util-deprecate@1.0.2 OK for: readable-stream@3.6.2 want: ^1.0.1
328 timing idealTree:node_modules/readable-stream Completed in 2ms
329 timing idealTree:node_modules/retry Completed in 0ms
330 timing idealTree:node_modules/safer-buffer Completed in 0ms
331 timing idealTree:node_modules/set-blocking Completed in 0ms
332 silly placeDep ROOT socks@2.7.1 OK for: socks-proxy-agent@6.2.1 want: ^2.6.2
333 silly fetch manifest ip@^2.0.0
334 silly fetch manifest smart-buffer@^4.2.0
335 http fetch GET 200 https://registry.npmjs.org/ip 96ms (cache miss)
336 http fetch GET 200 https://registry.npmjs.org/smart-buffer 119ms (cache miss)
337 timing idealTree:node_modules/socks-proxy-agent Completed in 124ms
338 silly placeDep ROOT ip@2.0.0 OK for: socks@2.7.1 want: ^2.0.0
339 silly placeDep ROOT smart-buffer@4.2.0 OK for: socks@2.7.1 want: ^4.2.0
340 timing idealTree:node_modules/socks Completed in 2ms
341 timing idealTree:node_modules/ip Completed in 0ms
342 timing idealTree:node_modules/smart-buffer Completed in 0ms
343 silly placeDep node_modules/ssri minipass@3.3.6 OK for: ssri@8.0.1 want: ^3.1.1
344 timing idealTree:node_modules/ssri Completed in 1ms
345 timing idealTree:node_modules/string_decoder Completed in 0ms
346 silly placeDep node_modules/tar minipass@4.2.8 OK for: tar@6.1.13 want: ^4.0.0
347 silly placeDep node_modules/tar mkdirp@1.0.4 OK for: tar@6.1.13 want: ^1.0.3
348 timing idealTree:node_modules/tar Completed in 1ms
349 silly placeDep ROOT unique-slug@2.0.2 OK for: unique-filename@1.1.1 want: ^2.0.0
350 timing idealTree:node_modules/unique-filename Completed in 1ms
351 timing idealTree:node_modules/unique-slug Completed in 0ms
352 timing idealTree:node_modules/util-deprecate Completed in 0ms
353 silly placeDep ROOT tr46@0.0.3 OK for: whatwg-url@5.0.0 want: ~0.0.3
354 silly placeDep ROOT webidl-conversions@3.0.1 OK for: whatwg-url@5.0.0 want: ^3.0.0
355 timing idealTree:node_modules/whatwg-url Completed in 2ms
356 timing idealTree:node_modules/tr46 Completed in 0ms
357 timing idealTree:node_modules/webidl-conversions Completed in 0ms
358 timing idealTree:node_modules/wide-align Completed in 0ms
359 timing idealTree:node_modules/@mapbox/node-pre-gyp/node_modules/nopt Completed in 0ms
360 silly placeDep node_modules/@mapbox/node-pre-gyp glob@7.2.3 OK for: rimraf@3.0.2 want: ^7.1.3
361 timing idealTree:node_modules/@mapbox/node-pre-gyp/node_modules/rimraf Completed in 1ms
362 silly placeDep node_modules/@mapbox/node-pre-gyp minimatch@3.1.2 OK for: glob@7.2.3 want: ^3.1.1
363 silly fetch manifest brace-expansion@^1.1.7
364 http fetch GET 200 https://registry.npmjs.org/brace-expansion 133ms (cache revalidated)
365 timing idealTree:node_modules/@mapbox/node-pre-gyp/node_modules/glob Completed in 134ms
366 silly placeDep node_modules/@mapbox/node-pre-gyp brace-expansion@1.1.11 OK for: minimatch@3.1.2 want: ^1.1.7
367 timing idealTree:node_modules/@mapbox/node-pre-gyp/node_modules/minimatch Completed in 0ms
368 timing idealTree:node_modules/@mapbox/node-pre-gyp/node_modules/brace-expansion Completed in 0ms
369 timing idealTree:node_modules/@npmcli/move-file/node_modules/mkdirp Completed in 0ms
370 silly placeDep node_modules/@npmcli/move-file glob@7.2.3 OK for: rimraf@3.0.2 want: ^7.1.3
371 timing idealTree:node_modules/@npmcli/move-file/node_modules/rimraf Completed in 1ms
372 silly placeDep node_modules/@npmcli/move-file minimatch@3.1.2 OK for: glob@7.2.3 want: ^3.1.1
373 timing idealTree:node_modules/@npmcli/move-file/node_modules/glob Completed in 1ms
374 silly placeDep node_modules/@npmcli/move-file brace-expansion@1.1.11 OK for: minimatch@3.1.2 want: ^1.1.7
375 timing idealTree:node_modules/@npmcli/move-file/node_modules/minimatch Completed in 1ms
376 timing idealTree:node_modules/@npmcli/move-file/node_modules/brace-expansion Completed in 0ms
377 silly placeDep node_modules/cacache minimatch@3.1.2 OK for: glob@7.2.3 want: ^3.1.1
378 timing idealTree:node_modules/cacache/node_modules/glob Completed in 0ms
379 timing idealTree:node_modules/cacache/node_modules/lru-cache Completed in 0ms
380 silly placeDep node_modules/cacache brace-expansion@1.1.11 OK for: minimatch@3.1.2 want: ^1.1.7
381 timing idealTree:node_modules/cacache/node_modules/minimatch Completed in 1ms
382 timing idealTree:node_modules/cacache/node_modules/brace-expansion Completed in 0ms
383 timing idealTree:node_modules/cacache/node_modules/minipass Completed in 0ms
384 timing idealTree:node_modules/cacache/node_modules/mkdirp Completed in 0ms
385 timing idealTree:node_modules/cacache/node_modules/rimraf Completed in 0ms
386 timing idealTree:node_modules/fs-minipass/node_modules/minipass Completed in 0ms
387 timing idealTree:node_modules/gauge/node_modules/signal-exit Completed in 0ms
388 timing idealTree:node_modules/make-fetch-happen/node_modules/lru-cache Completed in 0ms
389 timing idealTree:node_modules/make-fetch-happen/node_modules/minipass Completed in 0ms
390 timing idealTree:node_modules/minipass-collect/node_modules/minipass Completed in 0ms
391 timing idealTree:node_modules/minipass-fetch/node_modules/minipass Completed in 0ms
392 timing idealTree:node_modules/minipass-flush/node_modules/minipass Completed in 0ms
393 timing idealTree:node_modules/minipass-pipeline/node_modules/minipass Completed in 0ms
394 timing idealTree:node_modules/minipass-sized/node_modules/minipass Completed in 0ms
395 timing idealTree:node_modules/minizlib/node_modules/minipass Completed in 0ms
396 silly placeDep node_modules/node-gyp minimatch@3.1.2 OK for: glob@7.2.3 want: ^3.1.1
397 timing idealTree:node_modules/node-gyp/node_modules/glob Completed in 1ms
398 silly placeDep node_modules/node-gyp brace-expansion@1.1.11 OK for: minimatch@3.1.2 want: ^1.1.7
399 timing idealTree:node_modules/node-gyp/node_modules/minimatch Completed in 1ms
400 timing idealTree:node_modules/node-gyp/node_modules/brace-expansion Completed in 0ms
401 timing idealTree:node_modules/node-gyp/node_modules/nopt Completed in 0ms
402 silly placeDep node_modules/node-gyp are-we-there-yet@3.0.1 OK for: npmlog@6.0.2 want: ^3.0.0
403 silly placeDep node_modules/node-gyp gauge@4.0.4 OK for: npmlog@6.0.2 want: ^4.0.3
404 silly fetch manifest signal-exit@^3.0.7
405 timing idealTree:node_modules/node-gyp/node_modules/npmlog Completed in 3ms
406 timing idealTree:node_modules/node-gyp/node_modules/are-we-there-yet Completed in 0ms
407 silly placeDep node_modules/node-gyp signal-exit@3.0.7 OK for: gauge@4.0.4 want: ^3.0.7
408 timing idealTree:node_modules/node-gyp/node_modules/gauge Completed in 1ms
409 timing idealTree:node_modules/node-gyp/node_modules/rimraf Completed in 0ms
410 timing idealTree:node_modules/node-gyp/node_modules/signal-exit Completed in 0ms
411 timing idealTree:node_modules/ssri/node_modules/minipass Completed in 0ms
412 timing idealTree:node_modules/tar/node_modules/minipass Completed in 0ms
413 timing idealTree:node_modules/tar/node_modules/mkdirp Completed in 0ms
414 timing idealTree:buildDeps Completed in 5649ms
415 timing idealTree:fixDepFlags Completed in 4ms
416 timing idealTree Completed in 5971ms
417 timing reify:loadTrees Completed in 5972ms
418 timing reify:diffTrees Completed in 8ms
419 silly reify moves {}
420 timing reify:retireShallow Completed in 1ms
421 timing reify:createSparse Completed in 16ms
422 timing reify:loadBundles Completed in 0ms
423 silly audit bulk request {
423 silly audit   '@ampproject/remapping': [ '2.2.1' ],
423 silly audit   '@babel/code-frame': [ '7.21.4' ],
423 silly audit   '@babel/compat-data': [ '7.21.4' ],
423 silly audit   '@babel/core': [ '7.21.4' ],
423 silly audit   'convert-source-map': [ '1.9.0', '2.0.0' ],
423 silly audit   semver: [ '6.3.0', '5.7.1', '7.5.0', '7.0.0' ],
423 silly audit   '@babel/generator': [ '7.21.4' ],
423 silly audit   '@jridgewell/resolve-uri': [ '3.1.0', '3.1.1' ],
423 silly audit   '@jridgewell/sourcemap-codec': [ '1.4.14', '1.4.15' ],
423 silly audit   '@jridgewell/trace-mapping': [ '0.3.18', '0.3.9' ],
423 silly audit   '@babel/helper-compilation-targets': [ '7.21.4' ],
423 silly audit   'lru-cache': [ '5.1.1', '9.1.0', '6.0.0' ],
423 silly audit   yallist: [ '3.1.1', '4.0.0' ],
423 silly audit   '@babel/helper-environment-visitor': [ '7.18.9' ],
423 silly audit   '@babel/helper-function-name': [ '7.21.0' ],
423 silly audit   '@babel/helper-hoist-variables': [ '7.18.6' ],
423 silly audit   '@babel/helper-module-imports': [ '7.21.4' ],
423 silly audit   '@babel/helper-module-transforms': [ '7.21.2' ],
423 silly audit   '@babel/helper-plugin-utils': [ '7.20.2' ],
423 silly audit   '@babel/helper-simple-access': [ '7.20.2' ],
423 silly audit   '@babel/helper-split-export-declaration': [ '7.18.6' ],
423 silly audit   '@babel/helper-string-parser': [ '7.19.4' ],
423 silly audit   '@babel/helper-validator-identifier': [ '7.19.1' ],
423 silly audit   '@babel/helper-validator-option': [ '7.21.0' ],
423 silly audit   '@babel/helpers': [ '7.21.0' ],
423 silly audit   '@babel/highlight': [ '7.18.6' ],
423 silly audit   'ansi-styles': [ '3.2.1', '4.3.0', '5.2.0' ],
423 silly audit   chalk: [ '2.4.2', '4.1.2' ],
423 silly audit   'color-convert': [ '1.9.3', '2.0.1' ],
423 silly audit   'color-name': [ '1.1.3', '1.1.4' ],
423 silly audit   'escape-string-regexp': [ '1.0.5', '4.0.0', '2.0.0' ],
423 silly audit   'has-flag': [ '3.0.0', '4.0.0' ],
423 silly audit   'supports-color': [ '5.5.0', '8.1.1', '7.2.0' ],
423 silly audit   '@babel/parser': [ '7.21.4' ],
423 silly audit   '@babel/plugin-syntax-async-generators': [ '7.8.4' ],
423 silly audit   '@babel/plugin-syntax-bigint': [ '7.8.3' ],
423 silly audit   '@babel/plugin-syntax-class-properties': [ '7.12.13' ],
423 silly audit   '@babel/plugin-syntax-import-meta': [ '7.10.4' ],
423 silly audit   '@babel/plugin-syntax-json-strings': [ '7.8.3' ],
423 silly audit   '@babel/plugin-syntax-jsx': [ '7.21.4' ],
423 silly audit   '@babel/plugin-syntax-logical-assignment-operators': [ '7.10.4' ],
423 silly audit   '@babel/plugin-syntax-nullish-coalescing-operator': [ '7.8.3' ],
423 silly audit   '@babel/plugin-syntax-numeric-separator': [ '7.10.4' ],
423 silly audit   '@babel/plugin-syntax-object-rest-spread': [ '7.8.3' ],
423 silly audit   '@babel/plugin-syntax-optional-catch-binding': [ '7.8.3' ],
423 silly audit   '@babel/plugin-syntax-optional-chaining': [ '7.8.3' ],
423 silly audit   '@babel/plugin-syntax-top-level-await': [ '7.14.5' ],
423 silly audit   '@babel/plugin-syntax-typescript': [ '7.21.4' ],
423 silly audit   '@babel/template': [ '7.20.7' ],
423 silly audit   '@babel/traverse': [ '7.21.4' ],
423 silly audit   globals: [ '11.12.0', '13.20.0' ],
423 silly audit   '@babel/types': [ '7.21.4' ],
423 silly audit   '@bcoe/v8-coverage': [ '0.2.3' ],
423 silly audit   '@cspotcode/source-map-support': [ '0.8.1' ],
423 silly audit   '@eslint-community/eslint-utils': [ '4.4.0' ],
423 silly audit   '@eslint-community/regexpp': [ '4.5.0' ],
423 silly audit   '@eslint/eslintrc': [ '2.0.2' ],
423 silly audit   'brace-expansion': [ '1.1.11', '2.0.1' ],
423 silly audit   minimatch: [ '3.1.2', '9.0.0', '5.1.6' ],
423 silly audit   '@eslint/js': [ '8.39.0' ],
423 silly audit   '@humanwhocodes/config-array': [ '0.11.8' ],
423 silly audit   '@humanwhocodes/module-importer': [ '1.0.1' ],
423 silly audit   '@humanwhocodes/object-schema': [ '1.2.1' ],
423 silly audit   '@istanbuljs/load-nyc-config': [ '1.1.0' ],
423 silly audit   argparse: [ '1.0.10', '2.0.1' ],
423 silly audit   'find-up': [ '4.1.0', '5.0.0' ],
423 silly audit   'js-yaml': [ '3.14.1', '4.1.0' ],
423 silly audit   'locate-path': [ '5.0.0', '6.0.0' ],
423 silly audit   'p-limit': [ '2.3.0', '3.1.0' ],
423 silly audit   'p-locate': [ '4.1.0', '5.0.0' ],
423 silly audit   'resolve-from': [ '5.0.0', '4.0.0' ],
423 silly audit   '@istanbuljs/schema': [ '0.1.3' ],
423 silly audit   '@jest/console': [ '29.5.0' ],
423 silly audit   '@jest/core': [ '29.5.0' ],
423 silly audit   '@jest/environment': [ '29.5.0' ],
423 silly audit   '@jest/expect': [ '29.5.0' ],
423 silly audit   '@jest/expect-utils': [ '29.5.0' ],
423 silly audit   '@jest/fake-timers': [ '29.5.0' ],
423 silly audit   '@jest/globals': [ '29.5.0' ],
423 silly audit   '@jest/reporters': [ '29.5.0' ],
423 silly audit   glob: [ '7.2.3', '10.2.1', '8.1.0' ],
423 silly audit   '@jest/schemas': [ '29.4.3' ],
423 silly audit   '@jest/source-map': [ '29.4.3' ],
423 silly audit   '@jest/test-result': [ '29.5.0' ],
423 silly audit   '@jest/test-sequencer': [ '29.5.0' ],
423 silly audit   '@jest/transform': [ '29.5.0' ],
423 silly audit   '@jest/types': [ '29.5.0' ],
423 silly audit   '@jridgewell/gen-mapping': [ '0.3.3' ],
423 silly audit   '@jridgewell/set-array': [ '1.1.2' ],
423 silly audit   '@matchmakerjs/api-doc-cli': [ '0.0.1' ],
423 silly audit   typescript: [ '4.9.5', '5.0.4' ],
423 silly audit   '@matchmakerjs/di': [ '0.0.1' ],
423 silly audit   '@matchmakerjs/jwt-validator': [ '0.0.1' ],
423 silly audit   '@matchmakerjs/matchmaker': [ '0.0.1' ],
423 silly audit   '@matchmakerjs/matchmaker-security': [ '0.0.1' ],
423 silly audit   '@matchmakerjs/matchmaker-typeorm': [ '0.0.1' ],
423 silly audit   '@matchmakerjs/rest-assured': [ '0.0.1' ],
423 silly audit   '@nodelib/fs.scandir': [ '2.1.5' ],
423 silly audit   '@nodelib/fs.stat': [ '2.0.5' ],
423 silly audit   '@nodelib/fs.walk': [ '1.2.8' ],
423 silly audit   '@pkgjs/parseargs': [ '0.11.0' ],
423 silly audit   '@sinclair/typebox': [ '0.25.24' ],
423 silly audit   '@sinonjs/commons': [ '2.0.0' ],
423 silly audit   '@sinonjs/fake-timers': [ '10.0.2' ],
423 silly audit   '@sqltools/formatter': [ '1.2.5' ],
423 silly audit   '@tsconfig/node10': [ '1.0.9' ],
423 silly audit   '@tsconfig/node12': [ '1.0.11' ],
423 silly audit   '@tsconfig/node14': [ '1.0.3' ],
423 silly audit   '@tsconfig/node16': [ '1.0.3' ],
423 silly audit   '@types/babel__core': [ '7.20.0' ],
423 silly audit   '@types/babel__generator': [ '7.6.4' ],
423 silly audit   '@types/babel__template': [ '7.4.1' ],
423 silly audit   '@types/babel__traverse': [ '7.18.3' ],
423 silly audit   '@types/faker': [ '6.6.9' ],
423 silly audit   '@types/graceful-fs': [ '4.1.6' ],
423 silly audit   '@types/istanbul-lib-coverage': [ '2.0.4' ],
423 silly audit   '@types/istanbul-lib-report': [ '3.0.0' ],
423 silly audit   '@types/istanbul-reports': [ '3.0.1' ],
423 silly audit   '@types/jest': [ '29.5.1' ],
423 silly audit   '@types/json-schema': [ '7.0.11' ],
423 silly audit   '@types/node': [ '18.15.13' ],
423 silly audit   '@types/prettier': [ '2.7.2' ],
423 silly audit   '@types/semver': [ '7.3.13' ],
423 silly audit   '@types/stack-utils': [ '2.0.1' ],
423 silly audit   '@types/validator': [ '13.7.15' ],
423 silly audit   '@types/yargs': [ '17.0.24' ],
423 silly audit   '@types/yargs-parser': [ '21.0.0' ],
423 silly audit   '@typescript-eslint/eslint-plugin': [ '5.59.0' ],
423 silly audit   '@typescript-eslint/parser': [ '5.59.0' ],
423 silly audit   '@typescript-eslint/scope-manager': [ '5.59.0' ],
423 silly audit   '@typescript-eslint/type-utils': [ '5.59.0' ],
423 silly audit   '@typescript-eslint/types': [ '5.59.0' ],
423 silly audit   '@typescript-eslint/typescript-estree': [ '5.59.0' ],
423 silly audit   '@typescript-eslint/utils': [ '5.59.0' ],
423 silly audit   '@typescript-eslint/visitor-keys': [ '5.59.0' ],
423 silly audit   abbrev: [ '1.1.1' ],
423 silly audit   acorn: [ '8.8.2' ],
423 silly audit   'acorn-jsx': [ '5.3.2' ],
423 silly audit   'acorn-walk': [ '8.2.0' ],
423 silly audit   ajv: [ '6.12.6' ],
423 silly audit   'ansi-escapes': [ '4.3.2' ],
423 silly audit   'type-fest': [ '0.21.3', '0.20.2' ],
423 silly audit   'ansi-regex': [ '5.0.1' ],
423 silly audit   'any-promise': [ '1.3.0' ],
423 silly audit   anymatch: [ '3.1.3' ],
423 silly audit   'app-root-path': [ '3.1.0' ],
423 silly audit   arg: [ '4.1.3' ],
423 silly audit   'array-union': [ '2.1.0' ],
423 silly audit   'babel-jest': [ '29.5.0' ],
423 silly audit   'babel-plugin-istanbul': [ '6.1.1' ],
423 silly audit   'babel-plugin-jest-hoist': [ '29.5.0' ],
423 silly audit   'babel-preset-current-node-syntax': [ '1.0.1' ],
423 silly audit   'babel-preset-jest': [ '29.5.0' ],
423 silly audit   'balanced-match': [ '1.0.2' ],
423 silly audit   'base64-js': [ '1.5.1' ],
423 silly audit   'binary-extensions': [ '2.2.0' ],
423 silly audit   braces: [ '3.0.2' ],
423 silly audit   browserslist: [ '4.21.5' ],
423 silly audit   'bs-logger': [ '0.2.6' ],
423 silly audit   bser: [ '2.1.1' ],
423 silly audit   buffer: [ '6.0.3' ],
423 silly audit   'buffer-from': [ '1.1.2' ],
423 silly audit   callsites: [ '3.1.0' ],
423 silly audit   camelcase: [ '5.3.1', '6.3.0' ],
423 silly audit   'caniuse-lite': [ '1.0.30001481' ],
423 silly audit   'char-regex': [ '1.0.2' ],
423 silly audit   chokidar: [ '3.5.3' ],
423 silly audit   'glob-parent': [ '5.1.2', '6.0.2' ],
423 silly audit   'ci-info': [ '3.8.0' ],
423 silly audit   'cjs-module-lexer': [ '1.2.2' ],
423 silly audit   'class-transformer': [ '0.5.1' ],
423 silly audit   'class-validator': [ '0.14.0' ],
423 silly audit   'cli-highlight': [ '2.1.11' ],
423 silly audit   yargs: [ '16.2.0', '17.7.1' ],
423 silly audit   'yargs-parser': [ '20.2.9', '21.1.1' ],
423 silly audit   cliui: [ '7.0.4', '8.0.1' ],
423 silly audit   co: [ '4.6.0' ],
423 silly audit   'collect-v8-coverage': [ '1.0.1' ],
423 silly audit   'concat-map': [ '0.0.1' ],
423 silly audit   'create-require': [ '1.1.1' ],
423 silly audit   'cross-spawn': [ '7.0.3' ],
423 silly audit   debug: [ '4.3.4', '3.2.7' ],
423 silly audit   dedent: [ '0.7.0' ],
423 silly audit   'deep-is': [ '0.1.4' ],
423 silly audit   deepmerge: [ '4.3.1' ],
423 silly audit   'detect-newline': [ '3.1.0' ],
423 silly audit   diff: [ '4.0.2' ],
423 silly audit   'diff-sequences': [ '29.4.3' ],
423 silly audit   'dir-glob': [ '3.0.1' ],
423 silly audit   doctrine: [ '3.0.0' ],
423 silly audit   dotenv: [ '16.0.3' ],
423 silly audit   'electron-to-chromium': [ '1.4.369' ],
423 silly audit   emittery: [ '0.13.1' ],
423 silly audit   'emoji-regex': [ '8.0.0' ],
423 silly audit   'error-ex': [ '1.3.2' ],
423 silly audit   escalade: [ '3.1.1' ],
423 silly audit   eslint: [ '8.39.0' ],
423 silly audit   'eslint-config-prettier': [ '8.8.0' ],
423 silly audit   'eslint-plugin-prettier': [ '4.2.1' ],
423 silly audit   'eslint-scope': [ '5.1.1', '7.2.0' ],
423 silly audit   'eslint-visitor-keys': [ '3.4.0' ],
423 silly audit   estraverse: [ '5.3.0', '4.3.0' ],
423 silly audit   espree: [ '9.5.1' ],
423 silly audit   esprima: [ '4.0.1' ],
423 silly audit   esquery: [ '1.5.0' ],
423 silly audit   esrecurse: [ '4.3.0' ],
423 silly audit   esutils: [ '2.0.3' ],
423 silly audit   execa: [ '5.1.1' ],
423 silly audit   'signal-exit': [ '3.0.7', '4.0.1' ],
423 silly audit   exit: [ '0.1.2' ],
423 silly audit   expect: [ '29.5.0' ],
423 silly audit   faker: [ '6.6.6' ],
423 silly audit   'fast-deep-equal': [ '3.1.3' ],
423 silly audit   'fast-diff': [ '1.2.0' ],
423 silly audit   'fast-glob': [ '3.2.12' ],
423 silly audit   'fast-json-stable-stringify': [ '2.1.0' ],
423 silly audit   'fast-levenshtein': [ '2.0.6' ],
423 silly audit   fastq: [ '1.15.0' ],
423 silly audit   'fb-watchman': [ '2.0.2' ],
423 silly audit   'file-entry-cache': [ '6.0.1' ],
423 silly audit   'fill-range': [ '7.0.1' ],
423 silly audit   'flat-cache': [ '3.0.4' ],
423 silly audit   rimraf: [ '3.0.2', '5.0.0' ],
423 silly audit   flatted: [ '3.2.7' ],
423 silly audit   'foreground-child': [ '3.1.1' ],
423 silly audit   'fs.realpath': [ '1.0.0' ],
423 silly audit   fsevents: [ '2.3.2' ],
423 silly audit   'function-bind': [ '1.1.1' ],
423 silly audit   gensync: [ '1.0.0-beta.2' ],
423 silly audit   'get-caller-file': [ '2.0.5' ],
423 silly audit   'get-package-type': [ '0.1.0' ],
423 silly audit   'get-stream': [ '6.0.1' ],
423 silly audit   globby: [ '11.1.0' ],
423 silly audit   'graceful-fs': [ '4.2.11' ],
423 silly audit   'grapheme-splitter': [ '1.0.4' ],
423 silly audit   has: [ '1.0.3' ],
423 silly audit   'highlight.js': [ '10.7.3' ],
423 silly audit   'html-escaper': [ '2.0.2' ],
423 silly audit   'human-signals': [ '2.1.0' ],
423 silly audit   ieee754: [ '1.2.1' ],
423 silly audit   ignore: [ '5.2.4' ],
423 silly audit   'ignore-by-default': [ '1.0.1' ],
423 silly audit   'import-fresh': [ '3.3.0' ],
423 silly audit   'import-local': [ '3.1.0' ],
423 silly audit   imurmurhash: [ '0.1.4' ],
423 silly audit   inflight: [ '1.0.6' ],
423 silly audit   inherits: [ '2.0.4' ],
423 silly audit   'is-arrayish': [ '0.2.1' ],
423 silly audit   'is-binary-path': [ '2.1.0' ],
423 silly audit   'is-core-module': [ '2.12.0' ],
423 silly audit   'is-extglob': [ '2.1.1' ],
423 silly audit   'is-fullwidth-code-point': [ '3.0.0' ],
423 silly audit   'is-generator-fn': [ '2.1.0' ],
423 silly audit   'is-glob': [ '4.0.3' ],
423 silly audit   'is-number': [ '7.0.0' ],
423 silly audit   'is-path-inside': [ '3.0.3' ],
423 silly audit   'is-stream': [ '2.0.1' ],
423 silly audit   isexe: [ '2.0.0' ],
423 silly audit   'istanbul-lib-coverage': [ '3.2.0' ],
423 silly audit   'istanbul-lib-instrument': [ '5.2.1' ],
423 silly audit   'istanbul-lib-report': [ '3.0.0' ],
423 silly audit   'istanbul-lib-source-maps': [ '4.0.1' ],
423 silly audit   'istanbul-reports': [ '3.1.5' ],
423 silly audit   jackspeak: [ '2.0.3' ],
423 silly audit   jest: [ '29.5.0' ],
423 silly audit   'jest-changed-files': [ '29.5.0' ],
423 silly audit   'jest-circus': [ '29.5.0' ],
423 silly audit   'jest-cli': [ '29.5.0' ],
423 silly audit   'jest-config': [ '29.5.0' ],
423 silly audit   'jest-diff': [ '29.5.0' ],
423 silly audit   'jest-docblock': [ '29.4.3' ],
423 silly audit   'jest-each': [ '29.5.0' ],
423 silly audit   'jest-environment-node': [ '29.5.0' ],
423 silly audit   'jest-get-type': [ '29.4.3' ],
423 silly audit   'jest-haste-map': [ '29.5.0' ],
423 silly audit   'jest-leak-detector': [ '29.5.0' ],
423 silly audit   'jest-matcher-utils': [ '29.5.0' ],
423 silly audit   'jest-message-util': [ '29.5.0' ],
423 silly audit   'jest-mock': [ '29.5.0' ],
423 silly audit   'jest-pnp-resolver': [ '1.2.3' ],
423 silly audit   'jest-regex-util': [ '29.4.3' ],
423 silly audit   'jest-resolve': [ '29.5.0' ],
423 silly audit   'jest-resolve-dependencies': [ '29.5.0' ],
423 silly audit   'jest-runner': [ '29.5.0' ],
423 silly audit   'jest-runtime': [ '29.5.0' ],
423 silly audit   'jest-snapshot': [ '29.5.0' ],
423 silly audit   'jest-util': [ '29.5.0' ],
423 silly audit   'jest-validate': [ '29.5.0' ],
423 silly audit   'jest-watcher': [ '29.5.0' ],
423 silly audit   'jest-worker': [ '29.5.0' ],
423 silly audit   'js-sdsl': [ '4.4.0' ],
423 silly audit   'js-tokens': [ '4.0.0' ],
423 silly audit   jsesc: [ '2.5.2' ],
423 silly audit   'json-parse-even-better-errors': [ '2.3.1' ],
423 silly audit   'json-schema-traverse': [ '0.4.1' ],
423 silly audit   'json-stable-stringify-without-jsonify': [ '1.0.1' ],
423 silly audit   json5: [ '2.2.3' ],
423 silly audit   kleur: [ '3.0.3' ],
423 silly audit   leven: [ '3.1.0' ],
423 silly audit   levn: [ '0.4.1' ],
423 silly audit   'libphonenumber-js': [ '1.10.28' ],
423 silly audit   'lines-and-columns': [ '1.2.4' ],
423 silly audit   'lodash.memoize': [ '4.1.2' ],
423 silly audit   'lodash.merge': [ '4.6.2' ],
423 silly audit   'make-dir': [ '3.1.0' ],
423 silly audit   'make-error': [ '1.3.6' ],
423 silly audit   makeerror: [ '1.0.12' ],
423 silly audit   'merge-stream': [ '2.0.0' ],
423 silly audit   merge2: [ '1.4.1' ],
423 silly audit   micromatch: [ '4.0.5' ],
423 silly audit   'mimic-fn': [ '2.1.0' ],
423 silly audit   minipass: [ '5.0.0', '3.3.6', '4.2.8' ],
423 silly audit   mkdirp: [ '2.1.6', '1.0.4' ],
423 silly audit   ms: [ '2.1.2' ],
423 silly audit   mz: [ '2.7.0' ],
423 silly audit   'natural-compare': [ '1.4.0' ],
423 silly audit   'natural-compare-lite': [ '1.4.0' ],
423 silly audit   'node-int64': [ '0.4.0' ],
423 silly audit   'node-releases': [ '2.0.10' ],
423 silly audit   nodemon: [ '2.0.22' ],
423 silly audit   nopt: [ '1.0.10', '5.0.0' ],
423 silly audit   'normalize-path': [ '3.0.0' ],
423 silly audit   'npm-run-path': [ '4.0.1' ],
423 silly audit   'object-assign': [ '4.1.1' ],
423 silly audit   once: [ '1.4.0' ],
423 silly audit   onetime: [ '5.1.2' ],
423 silly audit   optionator: [ '0.9.1' ],
423 silly audit   'p-try': [ '2.2.0' ],
423 silly audit   'parent-module': [ '1.0.1' ],
423 silly audit   'parse-json': [ '5.2.0' ],
423 silly audit   parse5: [ '5.1.1', '6.0.1' ],
423 silly audit   'parse5-htmlparser2-tree-adapter': [ '6.0.1' ],
423 silly audit   'path-exists': [ '4.0.0' ],
423 silly audit   'path-is-absolute': [ '1.0.1' ],
423 silly audit   'path-key': [ '3.1.1' ],
423 silly audit   'path-parse': [ '1.0.7' ],
423 silly audit   'path-scurry': [ '1.7.0' ],
423 silly audit   'path-type': [ '4.0.0' ],
423 silly audit   picocolors: [ '1.0.0' ],
423 silly audit   picomatch: [ '2.3.1' ],
423 silly audit   pirates: [ '4.0.5' ],
423 silly audit   'pkg-dir': [ '4.2.0' ],
423 silly audit   'prelude-ls': [ '1.2.1' ],
423 silly audit   prettier: [ '2.8.7' ],
423 silly audit   'prettier-linter-helpers': [ '1.0.0' ],
423 silly audit   'pretty-format': [ '29.5.0' ],
423 silly audit   prompts: [ '2.4.2' ],
423 silly audit   'pstree.remy': [ '1.1.8' ],
423 silly audit   punycode: [ '2.3.0' ],
423 silly audit   'pure-rand': [ '6.0.1' ],
423 silly audit   'queue-microtask': [ '1.2.3' ],
423 silly audit   'react-is': [ '18.2.0' ],
423 silly audit   readdirp: [ '3.6.0' ],
423 silly audit   'reflect-metadata': [ '0.1.13' ],
423 silly audit   'require-directory': [ '2.1.1' ],
423 silly audit   resolve: [ '1.22.2' ],
423 silly audit   'resolve-cwd': [ '3.0.0' ],
423 silly audit   'resolve.exports': [ '2.0.2' ],
423 silly audit   reusify: [ '1.0.4' ],
423 silly audit   'run-parallel': [ '1.2.0' ],
423 silly audit   'safe-buffer': [ '5.2.1' ],
423 silly audit   'sha.js': [ '2.4.11' ],
423 silly audit   'shebang-command': [ '2.0.0' ],
423 silly audit   'shebang-regex': [ '3.0.0' ],
423 silly audit   'simple-update-notifier': [ '1.1.0' ],
423 silly audit   sisteransi: [ '1.0.5' ],
423 silly audit   slash: [ '3.0.0' ],
423 silly audit   'source-map': [ '0.6.1' ],
423 silly audit   'source-map-support': [ '0.5.13' ],
423 silly audit   'sprintf-js': [ '1.0.3' ],
423 silly audit   'stack-utils': [ '2.0.6' ],
423 silly audit   'string-length': [ '4.0.2' ],
423 silly audit   'string-width': [ '4.2.3' ],
423 silly audit   'strip-ansi': [ '6.0.1' ],
423 silly audit   'strip-bom': [ '4.0.0' ],
423 silly audit   'strip-final-newline': [ '2.0.0' ],
423 silly audit   'strip-json-comments': [ '3.1.1' ],
423 silly audit   'supports-preserve-symlinks-flag': [ '1.0.0' ],
423 silly audit   'test-exclude': [ '6.0.0' ],
423 silly audit   'text-table': [ '0.2.0' ],
423 silly audit   thenify: [ '3.3.1' ],
423 silly audit   'thenify-all': [ '1.6.0' ],
423 silly audit   tmpl: [ '1.0.5' ],
423 silly audit   'to-fast-properties': [ '2.0.0' ],
423 silly audit   'to-regex-range': [ '5.0.1' ],
423 silly audit   touch: [ '3.1.0' ],
423 silly audit   'ts-jest': [ '29.1.0' ],
423 silly audit   'ts-node': [ '10.9.1' ],
423 silly audit   tslib: [ '1.14.1', '2.5.0' ],
423 silly audit   tsutils: [ '3.21.0' ],
423 silly audit   'type-check': [ '0.4.0' ],
423 silly audit   'type-detect': [ '4.0.8' ],
423 silly audit   typeorm: [ '0.3.15' ],
423 silly audit   undefsafe: [ '2.0.5' ],
423 silly audit   'update-browserslist-db': [ '1.0.11' ],
423 silly audit   'uri-js': [ '4.4.1' ],
423 silly audit   uuid: [ '9.0.0' ],
423 silly audit   'v8-compile-cache-lib': [ '3.0.1' ],
423 silly audit   'v8-to-istanbul': [ '9.1.0' ],
423 silly audit   validator: [ '13.9.0' ],
423 silly audit   walker: [ '1.0.8' ],
423 silly audit   which: [ '2.0.2' ],
423 silly audit   'word-wrap': [ '1.2.3' ],
423 silly audit   'wrap-ansi': [ '7.0.0' ],
423 silly audit   wrappy: [ '1.0.2' ],
423 silly audit   'write-file-atomic': [ '4.0.2' ],
423 silly audit   y18n: [ '5.0.8' ],
423 silly audit   yn: [ '3.1.1' ],
423 silly audit   'yocto-queue': [ '0.1.0' ],
423 silly audit   sqlite3: [ '5.1.6' ],
423 silly audit   '@mapbox/node-pre-gyp': [ '1.0.10' ],
423 silly audit   'node-addon-api': [ '4.3.0' ],
423 silly audit   'node-gyp': [ '8.4.1' ],
423 silly audit   tar: [ '6.1.13' ],
423 silly audit   'detect-libc': [ '2.0.1' ],
423 silly audit   'https-proxy-agent': [ '5.0.1' ],
423 silly audit   'node-fetch': [ '2.6.9' ],
423 silly audit   npmlog: [ '5.0.1', '6.0.2' ],
423 silly audit   'agent-base': [ '6.0.2' ],
423 silly audit   'whatwg-url': [ '5.0.0' ],
423 silly audit   'env-paths': [ '2.2.1' ],
423 silly audit   'make-fetch-happen': [ '9.1.0' ],
423 silly audit   agentkeepalive: [ '4.3.0' ],
423 silly audit   cacache: [ '15.3.0' ],
423 silly audit   'http-cache-semantics': [ '4.1.1' ],
423 silly audit   'http-proxy-agent': [ '4.0.1' ],
423 silly audit   'is-lambda': [ '1.0.1' ],
423 silly audit   'minipass-collect': [ '1.0.2' ],
423 silly audit   'minipass-fetch': [ '1.4.1' ],
423 silly audit   'minipass-flush': [ '1.0.5' ],
423 silly audit   'minipass-pipeline': [ '1.2.4' ],
423 silly audit   negotiator: [ '0.6.3' ],
423 silly audit   'promise-retry': [ '2.0.1' ],
423 silly audit   'socks-proxy-agent': [ '6.2.1' ],
423 silly audit   ssri: [ '8.0.1' ],
423 silly audit   depd: [ '2.0.0' ],
423 silly audit   'humanize-ms': [ '1.2.1' ],
423 silly audit   '@npmcli/fs': [ '1.1.1' ],
423 silly audit   '@npmcli/move-file': [ '1.1.2' ],
423 silly audit   chownr: [ '2.0.0' ],
423 silly audit   'fs-minipass': [ '2.1.0' ],
423 silly audit   'infer-owner': [ '1.0.4' ],
423 silly audit   'p-map': [ '4.0.0' ],
423 silly audit   'promise-inflight': [ '1.0.1' ],
423 silly audit   'unique-filename': [ '1.1.1' ],
423 silly audit   '@gar/promisify': [ '1.1.3' ],
423 silly audit   '@tootallnate/once': [ '1.1.2' ],
423 silly audit   encoding: [ '0.1.13' ],
423 silly audit   'minipass-sized': [ '1.0.3' ],
423 silly audit   minizlib: [ '2.1.2' ],
423 silly audit   'iconv-lite': [ '0.6.3' ],
423 silly audit   'safer-buffer': [ '2.1.2' ],
423 silly audit   'are-we-there-yet': [ '2.0.0', '3.0.1' ],
423 silly audit   'console-control-strings': [ '1.1.0' ],
423 silly audit   gauge: [ '3.0.2', '4.0.4' ],
423 silly audit   'set-blocking': [ '2.0.0' ],
423 silly audit   delegates: [ '1.0.0' ],
423 silly audit   'readable-stream': [ '3.6.2' ],
423 silly audit   aproba: [ '2.0.0' ],
423 silly audit   'color-support': [ '1.1.3' ],
423 silly audit   'has-unicode': [ '2.0.1' ],
423 silly audit   'wide-align': [ '1.1.5' ],
423 silly audit   'aggregate-error': [ '3.1.0' ],
423 silly audit   'clean-stack': [ '2.2.0' ],
423 silly audit   'indent-string': [ '4.0.0' ],
423 silly audit   'err-code': [ '2.0.3' ],
423 silly audit   retry: [ '0.12.0' ],
423 silly audit   string_decoder: [ '1.3.0' ],
423 silly audit   'util-deprecate': [ '1.0.2' ],
423 silly audit   socks: [ '2.7.1' ],
423 silly audit   ip: [ '2.0.0' ],
423 silly audit   'smart-buffer': [ '4.2.0' ],
423 silly audit   'unique-slug': [ '2.0.2' ],
423 silly audit   tr46: [ '0.0.3' ],
423 silly audit   'webidl-conversions': [ '3.0.1' ]
423 silly audit }
424 silly tarball no local data for webidl-conversions@https://registry.npmjs.org/webidl-conversions/-/webidl-conversions-3.0.1.tgz. Extracting by manifest.
425 silly tarball no local data for tr46@https://registry.npmjs.org/tr46/-/tr46-0.0.3.tgz. Extracting by manifest.
426 silly tarball no local data for smart-buffer@https://registry.npmjs.org/smart-buffer/-/smart-buffer-4.2.0.tgz. Extracting by manifest.
427 silly tarball no local data for util-deprecate@https://registry.npmjs.org/util-deprecate/-/util-deprecate-1.0.2.tgz. Extracting by manifest.
428 silly tarball no local data for unique-slug@https://registry.npmjs.org/unique-slug/-/unique-slug-2.0.2.tgz. Extracting by manifest.
429 silly tarball no local data for socks@https://registry.npmjs.org/socks/-/socks-2.7.1.tgz. Extracting by manifest.
430 silly tarball no local data for string_decoder@https://registry.npmjs.org/string_decoder/-/string_decoder-1.3.0.tgz. Extracting by manifest.
431 silly tarball no local data for retry@https://registry.npmjs.org/retry/-/retry-0.12.0.tgz. Extracting by manifest.
432 silly tarball no local data for ip@https://registry.npmjs.org/ip/-/ip-2.0.0.tgz. Extracting by manifest.
433 silly tarball no local data for err-code@https://registry.npmjs.org/err-code/-/err-code-2.0.3.tgz. Extracting by manifest.
434 silly tarball no local data for clean-stack@https://registry.npmjs.org/clean-stack/-/clean-stack-2.2.0.tgz. Extracting by manifest.
435 silly tarball no local data for indent-string@https://registry.npmjs.org/indent-string/-/indent-string-4.0.0.tgz. Extracting by manifest.
436 silly tarball no local data for aggregate-error@https://registry.npmjs.org/aggregate-error/-/aggregate-error-3.1.0.tgz. Extracting by manifest.
437 silly tarball no local data for wide-align@https://registry.npmjs.org/wide-align/-/wide-align-1.1.5.tgz. Extracting by manifest.
438 silly tarball no local data for color-support@https://registry.npmjs.org/color-support/-/color-support-1.1.3.tgz. Extracting by manifest.
439 silly tarball no local data for readable-stream@https://registry.npmjs.org/readable-stream/-/readable-stream-3.6.2.tgz. Extracting by manifest.
440 silly tarball no local data for set-blocking@https://registry.npmjs.org/set-blocking/-/set-blocking-2.0.0.tgz. Extracting by manifest.
441 silly tarball no local data for console-control-strings@https://registry.npmjs.org/console-control-strings/-/console-control-strings-1.1.0.tgz. Extracting by manifest.
442 silly tarball no local data for gauge@https://registry.npmjs.org/gauge/-/gauge-3.0.2.tgz. Extracting by manifest.
443 silly tarball no local data for has-unicode@https://registry.npmjs.org/has-unicode/-/has-unicode-2.0.1.tgz. Extracting by manifest.
444 silly tarball no local data for are-we-there-yet@https://registry.npmjs.org/are-we-there-yet/-/are-we-there-yet-2.0.0.tgz. Extracting by manifest.
445 silly tarball no local data for safer-buffer@https://registry.npmjs.org/safer-buffer/-/safer-buffer-2.1.2.tgz. Extracting by manifest.
446 silly tarball no local data for delegates@https://registry.npmjs.org/delegates/-/delegates-1.0.0.tgz. Extracting by manifest.
447 silly tarball no local data for aproba@https://registry.npmjs.org/aproba/-/aproba-2.0.0.tgz. Extracting by manifest.
448 silly tarball no local data for minizlib@https://registry.npmjs.org/minizlib/-/minizlib-2.1.2.tgz. Extracting by manifest.
449 silly tarball no local data for encoding@https://registry.npmjs.org/encoding/-/encoding-0.1.13.tgz. Extracting by manifest.
450 silly tarball no local data for iconv-lite@https://registry.npmjs.org/iconv-lite/-/iconv-lite-0.6.3.tgz. Extracting by manifest.
451 silly tarball no local data for @gar/promisify@https://registry.npmjs.org/@gar/promisify/-/promisify-1.1.3.tgz. Extracting by manifest.
452 silly tarball no local data for @tootallnate/once@https://registry.npmjs.org/@tootallnate/once/-/once-1.1.2.tgz. Extracting by manifest.
453 silly tarball no local data for unique-filename@https://registry.npmjs.org/unique-filename/-/unique-filename-1.1.1.tgz. Extracting by manifest.
454 silly tarball no local data for promise-inflight@https://registry.npmjs.org/promise-inflight/-/promise-inflight-1.0.1.tgz. Extracting by manifest.
455 silly tarball no local data for p-map@https://registry.npmjs.org/p-map/-/p-map-4.0.0.tgz. Extracting by manifest.
456 silly tarball no local data for infer-owner@https://registry.npmjs.org/infer-owner/-/infer-owner-1.0.4.tgz. Extracting by manifest.
457 silly tarball no local data for @npmcli/move-file@https://registry.npmjs.org/@npmcli/move-file/-/move-file-1.1.2.tgz. Extracting by manifest.
458 silly tarball no local data for fs-minipass@https://registry.npmjs.org/fs-minipass/-/fs-minipass-2.1.0.tgz. Extracting by manifest.
459 silly tarball no local data for chownr@https://registry.npmjs.org/chownr/-/chownr-2.0.0.tgz. Extracting by manifest.
460 silly tarball no local data for @npmcli/fs@https://registry.npmjs.org/@npmcli/fs/-/fs-1.1.1.tgz. Extracting by manifest.
461 silly tarball no local data for depd@https://registry.npmjs.org/depd/-/depd-2.0.0.tgz. Extracting by manifest.
462 silly tarball no local data for humanize-ms@https://registry.npmjs.org/humanize-ms/-/humanize-ms-1.2.1.tgz. Extracting by manifest.
463 silly tarball no local data for ssri@https://registry.npmjs.org/ssri/-/ssri-8.0.1.tgz. Extracting by manifest.
464 silly tarball no local data for promise-retry@https://registry.npmjs.org/promise-retry/-/promise-retry-2.0.1.tgz. Extracting by manifest.
465 silly tarball no local data for socks-proxy-agent@https://registry.npmjs.org/socks-proxy-agent/-/socks-proxy-agent-6.2.1.tgz. Extracting by manifest.
466 silly tarball no local data for negotiator@https://registry.npmjs.org/negotiator/-/negotiator-0.6.3.tgz. Extracting by manifest.
467 silly tarball no local data for minipass-pipeline@https://registry.npmjs.org/minipass-pipeline/-/minipass-pipeline-1.2.4.tgz. Extracting by manifest.
468 silly tarball no local data for minipass-flush@https://registry.npmjs.org/minipass-flush/-/minipass-flush-1.0.5.tgz. Extracting by manifest.
469 silly tarball no local data for minipass-fetch@https://registry.npmjs.org/minipass-fetch/-/minipass-fetch-1.4.1.tgz. Extracting by manifest.
470 silly tarball no local data for minipass-collect@https://registry.npmjs.org/minipass-collect/-/minipass-collect-1.0.2.tgz. Extracting by manifest.
471 silly tarball no local data for is-lambda@https://registry.npmjs.org/is-lambda/-/is-lambda-1.0.1.tgz. Extracting by manifest.
472 silly tarball no local data for http-proxy-agent@https://registry.npmjs.org/http-proxy-agent/-/http-proxy-agent-4.0.1.tgz. Extracting by manifest.
473 silly tarball no local data for http-cache-semantics@https://registry.npmjs.org/http-cache-semantics/-/http-cache-semantics-4.1.1.tgz. Extracting by manifest.
474 silly tarball no local data for cacache@https://registry.npmjs.org/cacache/-/cacache-15.3.0.tgz. Extracting by manifest.
475 silly tarball no local data for agentkeepalive@https://registry.npmjs.org/agentkeepalive/-/agentkeepalive-4.3.0.tgz. Extracting by manifest.
476 silly tarball no local data for whatwg-url@https://registry.npmjs.org/whatwg-url/-/whatwg-url-5.0.0.tgz. Extracting by manifest.
477 silly tarball no local data for agent-base@https://registry.npmjs.org/agent-base/-/agent-base-6.0.2.tgz. Extracting by manifest.
478 silly tarball no local data for detect-libc@https://registry.npmjs.org/detect-libc/-/detect-libc-2.0.1.tgz. Extracting by manifest.
479 silly tarball no local data for https-proxy-agent@https://registry.npmjs.org/https-proxy-agent/-/https-proxy-agent-5.0.1.tgz. Extracting by manifest.
480 silly tarball no local data for npmlog@https://registry.npmjs.org/npmlog/-/npmlog-5.0.1.tgz. Extracting by manifest.
481 silly tarball no local data for node-gyp@https://registry.npmjs.org/node-gyp/-/node-gyp-8.4.1.tgz. Extracting by manifest.
482 silly tarball no local data for node-addon-api@https://registry.npmjs.org/node-addon-api/-/node-addon-api-4.3.0.tgz. Extracting by manifest.
483 silly tarball no local data for sqlite3@https://registry.npmjs.org/sqlite3/-/sqlite3-5.1.6.tgz. Extracting by manifest.
484 silly tarball no local data for @mapbox/node-pre-gyp@https://registry.npmjs.org/@mapbox/node-pre-gyp/-/node-pre-gyp-1.0.10.tgz. Extracting by manifest.
485 silly tarball no local data for minipass@https://registry.npmjs.org/minipass/-/minipass-3.3.6.tgz. Extracting by manifest.
486 silly tarball no local data for minipass@https://registry.npmjs.org/minipass/-/minipass-3.3.6.tgz. Extracting by manifest.
487 silly tarball no local data for minipass@https://registry.npmjs.org/minipass/-/minipass-3.3.6.tgz. Extracting by manifest.
488 silly tarball no local data for node-fetch@https://registry.npmjs.org/node-fetch/-/node-fetch-2.6.9.tgz. Extracting by manifest.
489 silly tarball no local data for tar@https://registry.npmjs.org/tar/-/tar-6.1.13.tgz. Extracting by manifest.
490 silly tarball no local data for env-paths@https://registry.npmjs.org/env-paths/-/env-paths-2.2.1.tgz. Extracting by manifest.
491 silly tarball no local data for minipass@https://registry.npmjs.org/minipass/-/minipass-3.3.6.tgz. Extracting by manifest.
492 silly tarball no local data for mkdirp@https://registry.npmjs.org/mkdirp/-/mkdirp-1.0.4.tgz. Extracting by manifest.
493 silly tarball no local data for minipass@https://registry.npmjs.org/minipass/-/minipass-3.3.6.tgz. Extracting by manifest.
494 silly tarball no local data for minipass@https://registry.npmjs.org/minipass/-/minipass-3.3.6.tgz. Extracting by manifest.
495 silly tarball no local data for minipass@https://registry.npmjs.org/minipass/-/minipass-3.3.6.tgz. Extracting by manifest.
496 silly tarball no local data for minipass@https://registry.npmjs.org/minipass/-/minipass-3.3.6.tgz. Extracting by manifest.
497 silly tarball no local data for mkdirp@https://registry.npmjs.org/mkdirp/-/mkdirp-1.0.4.tgz. Extracting by manifest.
498 silly tarball no local data for minipass@https://registry.npmjs.org/minipass/-/minipass-3.3.6.tgz. Extracting by manifest.
499 silly tarball no local data for minipass@https://registry.npmjs.org/minipass/-/minipass-3.3.6.tgz. Extracting by manifest.
500 silly tarball no local data for mkdirp@https://registry.npmjs.org/mkdirp/-/mkdirp-1.0.4.tgz. Extracting by manifest.
501 silly tarball no local data for minipass@https://registry.npmjs.org/minipass/-/minipass-4.2.8.tgz. Extracting by manifest.
502 silly tarball no local data for are-we-there-yet@https://registry.npmjs.org/are-we-there-yet/-/are-we-there-yet-3.0.1.tgz. Extracting by manifest.
503 silly tarball no local data for gauge@https://registry.npmjs.org/gauge/-/gauge-4.0.4.tgz. Extracting by manifest.
504 silly tarball no local data for make-fetch-happen@https://registry.npmjs.org/make-fetch-happen/-/make-fetch-happen-9.1.0.tgz. Extracting by manifest.
505 silly tarball no local data for nopt@https://registry.npmjs.org/nopt/-/nopt-5.0.0.tgz. Extracting by manifest.
506 silly tarball no local data for npmlog@https://registry.npmjs.org/npmlog/-/npmlog-6.0.2.tgz. Extracting by manifest.
507 silly tarball no local data for minipass-sized@https://registry.npmjs.org/minipass-sized/-/minipass-sized-1.0.3.tgz. Extracting by manifest.
508 silly tarball no local data for nopt@https://registry.npmjs.org/nopt/-/nopt-5.0.0.tgz. Extracting by manifest.
509 timing reifyNode:node_modules/@npmcli/move-file/node_modules/brace-expansion Completed in 296ms
510 timing reifyNode:node_modules/cacache/node_modules/brace-expansion Completed in 295ms
511 timing reifyNode:node_modules/node-gyp/node_modules/brace-expansion Completed in 294ms
512 timing reifyNode:node_modules/@mapbox/node-pre-gyp/node_modules/brace-expansion Completed in 293ms
513 timing reifyNode:node_modules/cacache/node_modules/lru-cache Completed in 297ms
514 timing reifyNode:node_modules/make-fetch-happen/node_modules/lru-cache Completed in 296ms
515 timing reifyNode:node_modules/node-gyp/node_modules/signal-exit Completed in 296ms
516 timing reifyNode:node_modules/gauge/node_modules/signal-exit Completed in 301ms
517 timing reifyNode:node_modules/node-gyp/node_modules/minimatch Completed in 298ms
518 timing reifyNode:node_modules/cacache/node_modules/minimatch Completed in 301ms
519 timing reifyNode:node_modules/@npmcli/move-file/node_modules/minimatch Completed in 303ms
520 timing reifyNode:node_modules/@mapbox/node-pre-gyp/node_modules/minimatch Completed in 298ms
521 timing reifyNode:node_modules/@npmcli/move-file/node_modules/rimraf Completed in 304ms
522 timing reifyNode:node_modules/cacache/node_modules/rimraf Completed in 302ms
523 timing reifyNode:node_modules/node-gyp/node_modules/rimraf Completed in 300ms
524 timing reifyNode:node_modules/@mapbox/node-pre-gyp/node_modules/rimraf Completed in 299ms
525 timing reifyNode:node_modules/@npmcli/move-file/node_modules/glob Completed in 306ms
526 timing reifyNode:node_modules/cacache/node_modules/glob Completed in 305ms
527 timing reifyNode:node_modules/node-gyp/node_modules/glob Completed in 303ms
528 timing reifyNode:node_modules/@mapbox/node-pre-gyp/node_modules/glob Completed in 302ms
529 http fetch GET 200 https://registry.npmjs.org/webidl-conversions/-/webidl-conversions-3.0.1.tgz 254ms (cache miss)
530 timing reifyNode:node_modules/webidl-conversions Completed in 314ms
531 http fetch GET 200 https://registry.npmjs.org/indent-string/-/indent-string-4.0.0.tgz 270ms (cache miss)
532 timing reifyNode:node_modules/indent-string Completed in 343ms
533 http fetch GET 200 https://registry.npmjs.org/clean-stack/-/clean-stack-2.2.0.tgz 299ms (cache miss)
534 timing reifyNode:node_modules/clean-stack Completed in 371ms
535 http fetch GET 200 https://registry.npmjs.org/ip/-/ip-2.0.0.tgz 303ms (cache miss)
536 timing reifyNode:node_modules/ip Completed in 373ms
537 http fetch GET 200 https://registry.npmjs.org/util-deprecate/-/util-deprecate-1.0.2.tgz 311ms (cache miss)
538 timing reifyNode:node_modules/util-deprecate Completed in 375ms
539 http fetch GET 200 https://registry.npmjs.org/unique-slug/-/unique-slug-2.0.2.tgz 312ms (cache miss)
540 timing reifyNode:node_modules/unique-slug Completed in 377ms
541 http fetch GET 200 https://registry.npmjs.org/smart-buffer/-/smart-buffer-4.2.0.tgz 318ms (cache miss)
542 timing reifyNode:node_modules/smart-buffer Completed in 381ms
543 http fetch GET 200 https://registry.npmjs.org/err-code/-/err-code-2.0.3.tgz 321ms (cache miss)
544 timing reifyNode:node_modules/err-code Completed in 394ms
545 http fetch GET 200 https://registry.npmjs.org/tr46/-/tr46-0.0.3.tgz 333ms (cache miss)
546 timing reifyNode:node_modules/tr46 Completed in 394ms
547 http fetch GET 200 https://registry.npmjs.org/aggregate-error/-/aggregate-error-3.1.0.tgz 318ms (cache miss)
548 timing reifyNode:node_modules/aggregate-error Completed in 393ms
549 http fetch GET 200 https://registry.npmjs.org/string_decoder/-/string_decoder-1.3.0.tgz 331ms (cache miss)
550 timing reifyNode:node_modules/string_decoder Completed in 398ms
551 http fetch GET 200 https://registry.npmjs.org/retry/-/retry-0.12.0.tgz 331ms (cache miss)
552 timing reifyNode:node_modules/retry Completed in 399ms
553 http fetch GET 200 https://registry.npmjs.org/color-support/-/color-support-1.1.3.tgz 321ms (cache miss)
554 timing reifyNode:node_modules/color-support Completed in 399ms
555 http fetch GET 200 https://registry.npmjs.org/socks/-/socks-2.7.1.tgz 342ms (cache miss)
556 timing reifyNode:node_modules/socks Completed in 408ms
557 http fetch GET 200 https://registry.npmjs.org/has-unicode/-/has-unicode-2.0.1.tgz 355ms (cache miss)
558 timing reifyNode:node_modules/has-unicode Completed in 442ms
559 http fetch GET 200 https://registry.npmjs.org/are-we-there-yet/-/are-we-there-yet-2.0.0.tgz 356ms (cache miss)
560 timing reifyNode:node_modules/are-we-there-yet Completed in 444ms
561 http fetch GET 200 https://registry.npmjs.org/console-control-strings/-/console-control-strings-1.1.0.tgz 364ms (cache miss)
562 timing reifyNode:node_modules/console-control-strings Completed in 444ms
563 http fetch GET 200 https://registry.npmjs.org/gauge/-/gauge-3.0.2.tgz 372ms (cache miss)
564 timing reifyNode:node_modules/gauge Completed in 457ms
565 http fetch POST 200 https://registry.npmjs.org/-/npm/v1/security/advisories/bulk 468ms
566 timing auditReport:getReport Completed in 477ms
567 silly audit report {
567 silly audit report   faker: [
567 silly audit report     {
567 silly audit report       id: 1088114,
567 silly audit report       url: 'https://github.com/advisories/GHSA-5w9c-rv96-fr7g',
567 silly audit report       title: 'Removal of functional code in faker.js',
567 silly audit report       severity: 'high',
567 silly audit report       vulnerable_versions: '=6.6.6',
567 silly audit report       cwe: [],
567 silly audit report       cvss: [Object]
567 silly audit report     }
567 silly audit report   ]
567 silly audit report }
568 http fetch GET 200 https://registry.npmjs.org/encoding/-/encoding-0.1.13.tgz 389ms (cache miss)
569 timing reifyNode:node_modules/encoding Completed in 485ms
570 timing metavuln:cache:get:security-advisory:faker:Goe45kPazgIFYH198L4vQMRm3tuNZNuEJJQ4Qd+JCG82w4USeO+Q7vIzC2cS/SYAmsyFXE1URiefoLLtQ2khow== Completed in 21ms
571 http fetch GET 200 https://registry.npmjs.org/safer-buffer/-/safer-buffer-2.1.2.tgz 396ms (cache miss)
572 timing reifyNode:node_modules/safer-buffer Completed in 486ms
573 http fetch GET 200 https://registry.npmjs.org/minizlib/-/minizlib-2.1.2.tgz 395ms (cache miss)
574 timing reifyNode:node_modules/minizlib Completed in 489ms
575 http fetch GET 200 https://registry.npmjs.org/delegates/-/delegates-1.0.0.tgz 402ms (cache miss)
576 timing reifyNode:node_modules/delegates Completed in 494ms
577 http fetch GET 200 https://registry.npmjs.org/set-blocking/-/set-blocking-2.0.0.tgz 415ms (cache miss)
578 timing reifyNode:node_modules/set-blocking Completed in 495ms
579 http fetch GET 200 https://registry.npmjs.org/aproba/-/aproba-2.0.0.tgz 402ms (cache miss)
580 timing reifyNode:node_modules/aproba Completed in 496ms
581 http fetch GET 200 https://registry.npmjs.org/readable-stream/-/readable-stream-3.6.2.tgz 421ms (cache miss)
582 http fetch GET 200 https://registry.npmjs.org/faker 35ms (cache hit)
583 timing metavuln:packument:faker Completed in 35ms
584 timing metavuln:load:security-advisory:faker:1088114 Completed in 1ms
585 timing metavuln:calculate:security-advisory:faker:1088114 Completed in 37ms
586 timing reifyNode:node_modules/readable-stream Completed in 506ms
587 http fetch GET 200 https://registry.npmjs.org/wide-align/-/wide-align-1.1.5.tgz 437ms (cache miss)
588 timing reifyNode:node_modules/wide-align Completed in 514ms
589 timing metavuln:cache:get:security-advisory:@types/faker:2HjK2CGi0WuI6wsKQprDcGRuVI9j/U1SEoDgThf3KL/oRLTgi98LLchyHBXjFkXdfbcoTqyCVjH9WtbWCIeTWQ== Completed in 15ms
590 http fetch GET 200 https://registry.npmjs.org/promise-inflight/-/promise-inflight-1.0.1.tgz 429ms (cache miss)
591 timing reifyNode:node_modules/promise-inflight Completed in 531ms
592 http fetch GET 200 https://registry.npmjs.org/@types%2ffaker 30ms (cache hit)
593 timing metavuln:packument:@types/faker Completed in 32ms
594 timing metavuln:load:security-advisory:@types/faker:Goe45kPazgIFYH198L4vQMRm3tuNZNuEJJQ4Qd+JCG82w4USeO+Q7vIzC2cS/SYAmsyFXE1URiefoLLtQ2khow== Completed in 0ms
595 timing metavuln:calculate:security-advisory:@types/faker:Goe45kPazgIFYH198L4vQMRm3tuNZNuEJJQ4Qd+JCG82w4USeO+Q7vIzC2cS/SYAmsyFXE1URiefoLLtQ2khow== Completed in 32ms
596 timing auditReport:init Completed in 69ms
597 timing reify:audit Completed in 548ms
598 http fetch GET 200 https://registry.npmjs.org/unique-filename/-/unique-filename-1.1.1.tgz 442ms (cache miss)
599 timing reifyNode:node_modules/unique-filename Completed in 547ms
600 http fetch GET 200 https://registry.npmjs.org/p-map/-/p-map-4.0.0.tgz 445ms (cache miss)
601 timing reifyNode:node_modules/p-map Completed in 548ms
602 http fetch GET 200 https://registry.npmjs.org/@tootallnate/once/-/once-1.1.2.tgz 450ms (cache miss)
603 timing reifyNode:node_modules/@tootallnate/once Completed in 549ms
604 http fetch GET 200 https://registry.npmjs.org/infer-owner/-/infer-owner-1.0.4.tgz 440ms (cache miss)
605 timing reifyNode:node_modules/infer-owner Completed in 549ms
606 http fetch GET 200 https://registry.npmjs.org/fs-minipass/-/fs-minipass-2.1.0.tgz 447ms (cache miss)
607 timing reifyNode:node_modules/fs-minipass Completed in 559ms
608 http fetch GET 200 https://registry.npmjs.org/iconv-lite/-/iconv-lite-0.6.3.tgz 487ms (cache miss)
609 http fetch GET 200 https://registry.npmjs.org/humanize-ms/-/humanize-ms-1.2.1.tgz 473ms (cache miss)
610 timing reifyNode:node_modules/humanize-ms Completed in 589ms
611 timing reifyNode:node_modules/iconv-lite Completed in 595ms
612 http fetch GET 200 https://registry.npmjs.org/ssri/-/ssri-8.0.1.tgz 476ms (cache miss)
613 timing reifyNode:node_modules/ssri Completed in 593ms
614 http fetch GET 200 https://registry.npmjs.org/chownr/-/chownr-2.0.0.tgz 485ms (cache miss)
615 timing reifyNode:node_modules/chownr Completed in 598ms
616 http fetch GET 200 https://registry.npmjs.org/depd/-/depd-2.0.0.tgz 483ms (cache miss)
617 timing reifyNode:node_modules/depd Completed in 598ms
618 http fetch GET 200 https://registry.npmjs.org/socks-proxy-agent/-/socks-proxy-agent-6.2.1.tgz 484ms (cache miss)
619 timing reifyNode:node_modules/socks-proxy-agent Completed in 604ms
620 http fetch GET 200 https://registry.npmjs.org/negotiator/-/negotiator-0.6.3.tgz 482ms (cache miss)
621 timing reifyNode:node_modules/negotiator Completed in 605ms
622 http fetch GET 200 https://registry.npmjs.org/promise-retry/-/promise-retry-2.0.1.tgz 487ms (cache miss)
623 timing reifyNode:node_modules/promise-retry Completed in 606ms
624 http fetch GET 200 https://registry.npmjs.org/minipass-flush/-/minipass-flush-1.0.5.tgz 559ms (cache miss)
625 timing reifyNode:node_modules/minipass-flush Completed in 684ms
626 http fetch GET 200 https://registry.npmjs.org/is-lambda/-/is-lambda-1.0.1.tgz 556ms (cache miss)
627 timing reifyNode:node_modules/is-lambda Completed in 683ms
628 http fetch GET 200 https://registry.npmjs.org/minipass-fetch/-/minipass-fetch-1.4.1.tgz 561ms (cache miss)
629 http fetch GET 200 https://registry.npmjs.org/minipass-collect/-/minipass-collect-1.0.2.tgz 561ms (cache miss)
630 timing reifyNode:node_modules/minipass-collect Completed in 689ms
631 http fetch GET 200 https://registry.npmjs.org/http-cache-semantics/-/http-cache-semantics-4.1.1.tgz 560ms (cache miss)
632 timing reifyNode:node_modules/http-cache-semantics Completed in 691ms
633 http fetch GET 200 https://registry.npmjs.org/minipass-pipeline/-/minipass-pipeline-1.2.4.tgz 568ms (cache miss)
634 timing reifyNode:node_modules/minipass-pipeline Completed in 692ms
635 http fetch GET 200 https://registry.npmjs.org/http-proxy-agent/-/http-proxy-agent-4.0.1.tgz 563ms (cache miss)
636 timing reifyNode:node_modules/http-proxy-agent Completed in 692ms
637 timing reifyNode:node_modules/minipass-fetch Completed in 695ms
638 http fetch GET 200 https://registry.npmjs.org/agentkeepalive/-/agentkeepalive-4.3.0.tgz 562ms (cache miss)
639 http fetch GET 200 https://registry.npmjs.org/whatwg-url/-/whatwg-url-5.0.0.tgz 555ms (cache miss)
640 timing reifyNode:node_modules/whatwg-url Completed in 694ms
641 timing reifyNode:node_modules/agentkeepalive Completed in 695ms
642 http fetch GET 200 https://registry.npmjs.org/detect-libc/-/detect-libc-2.0.1.tgz 554ms (cache miss)
643 timing reifyNode:node_modules/detect-libc Completed in 695ms
644 http fetch GET 200 https://registry.npmjs.org/agent-base/-/agent-base-6.0.2.tgz 559ms (cache miss)
645 timing reifyNode:node_modules/agent-base Completed in 699ms
646 http fetch GET 200 https://registry.npmjs.org/cacache/-/cacache-15.3.0.tgz 571ms (cache miss)
647 timing reifyNode:node_modules/cacache Completed in 704ms
648 http fetch GET 200 https://registry.npmjs.org/npmlog/-/npmlog-5.0.1.tgz 581ms (cache miss)
649 timing reifyNode:node_modules/npmlog Completed in 725ms
650 http fetch GET 200 https://registry.npmjs.org/https-proxy-agent/-/https-proxy-agent-5.0.1.tgz 595ms (cache miss)
651 timing reifyNode:node_modules/https-proxy-agent Completed in 739ms
652 http fetch GET 200 https://registry.npmjs.org/minipass/-/minipass-3.3.6.tgz 593ms (cache miss)
653 timing reifyNode:node_modules/minizlib/node_modules/minipass Completed in 746ms
654 http fetch GET 200 https://registry.npmjs.org/minipass/-/minipass-3.3.6.tgz 626ms (cache miss)
655 timing reifyNode:node_modules/fs-minipass/node_modules/minipass Completed in 779ms
656 http fetch GET 200 https://registry.npmjs.org/node-addon-api/-/node-addon-api-4.3.0.tgz 837ms (cache miss)
657 timing reifyNode:node_modules/node-addon-api Completed in 981ms
658 http fetch GET 200 https://registry.npmjs.org/minipass/-/minipass-3.3.6.tgz 851ms (cache miss)
659 timing reifyNode:node_modules/minipass-sized/node_modules/minipass Completed in 1007ms
660 http fetch GET 200 https://registry.npmjs.org/node-fetch/-/node-fetch-2.6.9.tgz 851ms (cache miss)
661 timing reifyNode:node_modules/node-fetch Completed in 1003ms
662 http fetch GET 200 https://registry.npmjs.org/env-paths/-/env-paths-2.2.1.tgz 1020ms (cache miss)
663 timing reifyNode:node_modules/env-paths Completed in 1178ms
664 http fetch GET 200 https://registry.npmjs.org/tar/-/tar-6.1.13.tgz 1035ms (cache miss)
665 timing reifyNode:node_modules/tar Completed in 1189ms
666 http fetch GET 200 https://registry.npmjs.org/minipass/-/minipass-3.3.6.tgz 1036ms (cache miss)
667 timing reifyNode:node_modules/ssri/node_modules/minipass Completed in 1198ms
668 http fetch GET 200 https://registry.npmjs.org/minipass/-/minipass-3.3.6.tgz 1036ms (cache miss)
669 timing reifyNode:node_modules/minipass-flush/node_modules/minipass Completed in 1200ms
670 http fetch GET 200 https://registry.npmjs.org/mkdirp/-/mkdirp-1.0.4.tgz 1037ms (cache miss)
671 timing reifyNode:node_modules/@npmcli/move-file/node_modules/mkdirp Completed in 1201ms
672 http fetch GET 200 https://registry.npmjs.org/@npmcli/move-file/-/move-file-1.1.2.tgz 1091ms (cache miss)
673 warn deprecated @npmcli/move-file@1.1.2: This functionality has been moved to @npmcli/fs
674 timing reifyNode:node_modules/@npmcli/move-file Completed in 1202ms
675 http fetch GET 200 https://registry.npmjs.org/minipass/-/minipass-3.3.6.tgz 1037ms (cache miss)
676 timing reifyNode:node_modules/minipass-fetch/node_modules/minipass Completed in 1203ms
677 http fetch GET 200 https://registry.npmjs.org/minipass/-/minipass-3.3.6.tgz 1094ms (cache miss)
678 timing reifyNode:node_modules/minipass-pipeline/node_modules/minipass Completed in 1262ms
679 http fetch GET 200 https://registry.npmjs.org/minipass/-/minipass-3.3.6.tgz 1129ms (cache miss)
680 timing reifyNode:node_modules/minipass-collect/node_modules/minipass Completed in 1296ms
681 http fetch GET 200 https://registry.npmjs.org/mkdirp/-/mkdirp-1.0.4.tgz 1128ms (cache miss)
682 timing reifyNode:node_modules/cacache/node_modules/mkdirp Completed in 1296ms
683 http fetch GET 200 https://registry.npmjs.org/mkdirp/-/mkdirp-1.0.4.tgz 1686ms (cache miss)
684 http fetch GET 200 https://registry.npmjs.org/are-we-there-yet/-/are-we-there-yet-3.0.1.tgz 1687ms (cache miss)
685 timing reifyNode:node_modules/node-gyp/node_modules/are-we-there-yet Completed in 1859ms
686 http fetch GET 200 https://registry.npmjs.org/minipass/-/minipass-3.3.6.tgz 1695ms (cache miss)
687 timing reifyNode:node_modules/cacache/node_modules/minipass Completed in 1866ms
688 timing reifyNode:node_modules/tar/node_modules/mkdirp Completed in 1865ms
689 http fetch GET 200 https://registry.npmjs.org/minipass/-/minipass-3.3.6.tgz 1702ms (cache miss)
690 timing reifyNode:node_modules/make-fetch-happen/node_modules/minipass Completed in 1872ms
691 http fetch GET 200 https://registry.npmjs.org/minipass/-/minipass-4.2.8.tgz 1706ms (cache miss)
692 timing reifyNode:node_modules/tar/node_modules/minipass Completed in 1877ms
693 http fetch GET 200 https://registry.npmjs.org/gauge/-/gauge-4.0.4.tgz 1711ms (cache miss)
694 http fetch GET 200 https://registry.npmjs.org/nopt/-/nopt-5.0.0.tgz 1710ms (cache miss)
695 timing reifyNode:node_modules/node-gyp/node_modules/nopt Completed in 1886ms
696 timing reifyNode:node_modules/node-gyp/node_modules/gauge Completed in 1887ms
697 http fetch GET 200 https://registry.npmjs.org/npmlog/-/npmlog-6.0.2.tgz 1710ms (cache miss)
698 timing reifyNode:node_modules/node-gyp/node_modules/npmlog Completed in 1889ms
699 http fetch GET 200 https://registry.npmjs.org/make-fetch-happen/-/make-fetch-happen-9.1.0.tgz 1714ms (cache miss)
700 timing reifyNode:node_modules/make-fetch-happen Completed in 1891ms
701 http fetch GET 200 https://registry.npmjs.org/minipass-sized/-/minipass-sized-1.0.3.tgz 1716ms (cache miss)
702 timing reifyNode:node_modules/minipass-sized Completed in 1900ms
703 http fetch GET 200 https://registry.npmjs.org/@gar/promisify/-/promisify-1.1.3.tgz 1805ms (cache miss)
704 timing reifyNode:node_modules/@gar/promisify Completed in 1903ms
705 http fetch GET 200 https://registry.npmjs.org/node-gyp/-/node-gyp-8.4.1.tgz 1755ms (cache miss)
706 timing reifyNode:node_modules/node-gyp Completed in 1899ms
707 http fetch GET 200 https://registry.npmjs.org/@npmcli/fs/-/fs-1.1.1.tgz 1790ms (cache miss)
708 timing reifyNode:node_modules/@npmcli/fs Completed in 1906ms
709 http fetch GET 200 https://registry.npmjs.org/@mapbox/node-pre-gyp/-/node-pre-gyp-1.0.10.tgz 1760ms (cache miss)
710 timing reifyNode:node_modules/@mapbox/node-pre-gyp Completed in 1906ms
711 http fetch GET 200 https://registry.npmjs.org/nopt/-/nopt-5.0.0.tgz 1754ms (cache miss)
712 timing reifyNode:node_modules/@mapbox/node-pre-gyp/node_modules/nopt Completed in 1937ms
713 http fetch GET 200 https://registry.npmjs.org/sqlite3/-/sqlite3-5.1.6.tgz 4180ms (cache miss)
714 timing reifyNode:node_modules/sqlite3 Completed in 4325ms
715 timing reify:unpack Completed in 4334ms
716 timing reify:unretire Completed in 0ms
717 timing build:queue Completed in 3ms
718 timing build:link:node_modules/@mapbox/node-pre-gyp Completed in 5ms
719 timing build:link:node_modules/@mapbox/node-pre-gyp/node_modules/nopt Completed in 4ms
720 timing build:link:node_modules/color-support Completed in 4ms
721 timing build:link:node_modules/cacache/node_modules/mkdirp Completed in 4ms
722 timing build:link:node_modules/@npmcli/move-file/node_modules/mkdirp Completed in 5ms
723 timing build:link:node_modules/tar/node_modules/mkdirp Completed in 4ms
724 timing build:link:node_modules/node-gyp/node_modules/rimraf Completed in 4ms
725 timing build:link:node_modules/@mapbox/node-pre-gyp/node_modules/rimraf Completed in 5ms
726 timing build:link:node_modules/@npmcli/move-file/node_modules/rimraf Completed in 5ms
727 timing build:link:node_modules/node-gyp Completed in 5ms
728 timing build:link:node_modules/node-gyp/node_modules/nopt Completed in 5ms
729 timing build:link:node_modules/cacache/node_modules/rimraf Completed in 5ms
730 timing build:link Completed in 6ms
731 info run sqlite3@5.1.6 install node_modules/sqlite3 node-pre-gyp install --fallback-to-build
732 info run sqlite3@5.1.6 install { code: 0, signal: null }
733 timing build:run:install:node_modules/sqlite3 Completed in 4297ms
734 timing build:run:install Completed in 4297ms
735 timing build:deps Completed in 4307ms
736 timing build Completed in 4307ms
737 timing reify:build Completed in 4307ms
738 timing reify:trash Completed in 0ms
739 timing reify:save Completed in 129ms
740 timing reify Completed in 14844ms
741 silly ADD node_modules/webidl-conversions
742 silly ADD node_modules/tr46
743 silly ADD node_modules/unique-slug
744 silly ADD node_modules/smart-buffer
745 silly ADD node_modules/ip
746 silly ADD node_modules/socks
747 silly ADD node_modules/util-deprecate
748 silly ADD node_modules/string_decoder
749 silly ADD node_modules/retry
750 silly ADD node_modules/err-code
751 silly ADD node_modules/indent-string
752 silly ADD node_modules/clean-stack
753 silly ADD node_modules/aggregate-error
754 silly ADD node_modules/wide-align
755 silly ADD node_modules/has-unicode
756 silly ADD node_modules/color-support
757 silly ADD node_modules/aproba
758 silly ADD node_modules/readable-stream
759 silly ADD node_modules/delegates
760 silly ADD node_modules/set-blocking
761 silly ADD node_modules/gauge
762 silly ADD node_modules/gauge/node_modules/signal-exit
763 silly ADD node_modules/console-control-strings
764 silly ADD node_modules/are-we-there-yet
765 silly ADD node_modules/safer-buffer
766 silly ADD node_modules/iconv-lite
767 silly ADD node_modules/minizlib
768 silly ADD node_modules/minizlib/node_modules/minipass
769 silly ADD node_modules/minipass-sized
770 silly ADD node_modules/minipass-sized/node_modules/minipass
771 silly ADD node_modules/encoding
772 silly ADD node_modules/@tootallnate/once
773 silly ADD node_modules/@gar/promisify
774 silly ADD node_modules/unique-filename
775 silly ADD node_modules/promise-inflight
776 silly ADD node_modules/p-map
777 silly ADD node_modules/infer-owner
778 silly ADD node_modules/fs-minipass
779 silly ADD node_modules/fs-minipass/node_modules/minipass
780 silly ADD node_modules/chownr
781 silly ADD node_modules/@npmcli/move-file
782 silly ADD node_modules/@npmcli/move-file/node_modules/brace-expansion
783 silly ADD node_modules/@npmcli/move-file/node_modules/minimatch
784 silly ADD node_modules/@npmcli/move-file/node_modules/glob
785 silly ADD node_modules/@npmcli/move-file/node_modules/rimraf
786 silly ADD node_modules/@npmcli/move-file/node_modules/mkdirp
787 silly ADD node_modules/@npmcli/fs
788 silly ADD node_modules/humanize-ms
789 silly ADD node_modules/depd
790 silly ADD node_modules/ssri
791 silly ADD node_modules/ssri/node_modules/minipass
792 silly ADD node_modules/socks-proxy-agent
793 silly ADD node_modules/promise-retry
794 silly ADD node_modules/negotiator
795 silly ADD node_modules/minipass-pipeline
796 silly ADD node_modules/minipass-pipeline/node_modules/minipass
797 silly ADD node_modules/minipass-flush
798 silly ADD node_modules/minipass-flush/node_modules/minipass
799 silly ADD node_modules/minipass-fetch
800 silly ADD node_modules/minipass-fetch/node_modules/minipass
801 silly ADD node_modules/minipass-collect
802 silly ADD node_modules/minipass-collect/node_modules/minipass
803 silly ADD node_modules/is-lambda
804 silly ADD node_modules/http-proxy-agent
805 silly ADD node_modules/http-cache-semantics
806 silly ADD node_modules/cacache
807 silly ADD node_modules/cacache/node_modules/brace-expansion
808 silly ADD node_modules/cacache/node_modules/minimatch
809 silly ADD node_modules/cacache/node_modules/rimraf
810 silly ADD node_modules/cacache/node_modules/mkdirp
811 silly ADD node_modules/cacache/node_modules/minipass
812 silly ADD node_modules/cacache/node_modules/lru-cache
813 silly ADD node_modules/cacache/node_modules/glob
814 silly ADD node_modules/agentkeepalive
815 silly ADD node_modules/make-fetch-happen
816 silly ADD node_modules/make-fetch-happen/node_modules/minipass
817 silly ADD node_modules/make-fetch-happen/node_modules/lru-cache
818 silly ADD node_modules/env-paths
819 silly ADD node_modules/whatwg-url
820 silly ADD node_modules/agent-base
821 silly ADD node_modules/npmlog
822 silly ADD node_modules/node-fetch
823 silly ADD node_modules/https-proxy-agent
824 silly ADD node_modules/detect-libc
825 silly ADD node_modules/tar
826 silly ADD node_modules/tar/node_modules/mkdirp
827 silly ADD node_modules/tar/node_modules/minipass
828 silly ADD node_modules/node-gyp
829 silly ADD node_modules/node-gyp/node_modules/signal-exit
830 silly ADD node_modules/node-gyp/node_modules/gauge
831 silly ADD node_modules/node-gyp/node_modules/are-we-there-yet
832 silly ADD node_modules/node-gyp/node_modules/brace-expansion
833 silly ADD node_modules/node-gyp/node_modules/minimatch
834 silly ADD node_modules/node-gyp/node_modules/rimraf
835 silly ADD node_modules/node-gyp/node_modules/npmlog
836 silly ADD node_modules/node-gyp/node_modules/nopt
837 silly ADD node_modules/node-gyp/node_modules/glob
838 silly ADD node_modules/node-addon-api
839 silly ADD node_modules/@mapbox/node-pre-gyp
840 silly ADD node_modules/@mapbox/node-pre-gyp/node_modules/brace-expansion
841 silly ADD node_modules/@mapbox/node-pre-gyp/node_modules/minimatch
842 silly ADD node_modules/@mapbox/node-pre-gyp/node_modules/glob
843 silly ADD node_modules/@mapbox/node-pre-gyp/node_modules/rimraf
844 silly ADD node_modules/@mapbox/node-pre-gyp/node_modules/nopt
845 silly ADD node_modules/sqlite3
846 timing command:i Completed in 14858ms
847 verbose exit 0
848 timing npm Completed in 15002ms
849 info ok
