0 verbose cli /usr/local/bin/node /usr/local/bin/npm
1 info using npm@8.19.3
2 info using node@v18.13.0
3 timing npm:load:whichnode Completed in 0ms
4 timing config:load:defaults Completed in 1ms
5 timing config:load:file:/usr/local/lib/node_modules/npm/npmrc Completed in 1ms
6 timing config:load:builtin Completed in 1ms
7 timing config:load:cli Completed in 3ms
8 timing config:load:env Completed in 0ms
9 timing config:load:file:/Users/chijiooke/Desktop/inventory-app/.npmrc Completed in 5ms
10 timing config:load:project Completed in 5ms
11 timing config:load:file:/Users/chijiooke/.npmrc Completed in 0ms
12 timing config:load:user Completed in 1ms
13 timing config:load:file:/Users/chijiooke/Desktop/inventory-app/etc/npmrc Completed in 0ms
14 timing config:load:global Completed in 0ms
15 timing config:load:validate Completed in 0ms
16 timing config:load:credentials Completed in 1ms
17 timing config:load:setEnvs Completed in 1ms
18 timing config:load Completed in 13ms
19 timing npm:load:configload Completed in 14ms
20 timing npm:load:mkdirpcache Completed in 1ms
21 timing npm:load:mkdirplogs Completed in 0ms
22 verbose title npm i @matchmakerjs/rest-assured @matchmakerjs/api-doc-cli @types/validator dotenv ts-node nodemon
23 verbose argv "i" "--prefix" "/Users/chijiooke/Desktop/inventory-app" "@matchmakerjs/rest-assured" "@matchmakerjs/api-doc-cli" "@types/validator" "dotenv" "ts-node" "nodemon" "--save-dev"
24 timing npm:load:setTitle Completed in 20ms
25 timing config:load:flatten Completed in 3ms
26 timing npm:load:display Completed in 3ms
27 verbose logfile logs-max:10 dir:/Users/chijiooke/Desktop/inventory-app/.npm-cache/_logs
28 verbose logfile /Users/chijiooke/Desktop/inventory-app/.npm-cache/_logs/2023-04-22T19_05_14_104Z-debug-0.log
29 timing npm:load:logFile Completed in 5ms
30 timing npm:load:timers Completed in 0ms
31 timing npm:load:configScope Completed in 0ms
32 timing npm:load Completed in 44ms
33 timing arborist:ctor Completed in 1ms
34 silly logfile start cleaning logs, removing 1 files
35 silly logfile done cleaning log files
36 timing idealTree:init Completed in 289ms
37 timing idealTree:userRequests Completed in 6ms
38 silly idealTree buildDeps
39 silly fetch manifest @matchmakerjs/api-doc-cli@^0.0.1
40 timing arborist:ctor Completed in 0ms
41 http fetch GET 200 https://npm.pkg.github.com/@matchmakerjs%2fapi-doc-cli 1252ms (cache updated)
42 silly fetch manifest @matchmakerjs/rest-assured@^0.0.1
43 http fetch GET 200 https://npm.pkg.github.com/@matchmakerjs%2frest-assured 504ms (cache updated)
44 silly fetch manifest @types/validator@^13.7.15
45 http fetch GET 200 https://registry.npmjs.org/@types%2fvalidator 9ms (cache hit)
46 silly fetch manifest dotenv@^16.0.3
47 http fetch GET 200 https://registry.npmjs.org/dotenv 4ms (cache hit)
48 silly fetch manifest nodemon@^2.0.22
49 http fetch GET 200 https://registry.npmjs.org/nodemon 6ms (cache hit)
50 silly fetch manifest ts-node@^10.9.1
51 http fetch GET 200 https://registry.npmjs.org/ts-node 4ms (cache hit)
52 silly fetch manifest @swc/core@>=1.2.50
53 http fetch GET 200 https://registry.npmjs.org/@swc%2fcore 7ms (cache hit)
54 silly fetch manifest @swc/helpers@^0.5.0
55 http fetch GET 200 https://registry.npmjs.org/@swc%2fhelpers 4ms (cache hit)
56 silly fetch manifest @swc/wasm@>=1.2.50
57 http fetch GET 200 https://registry.npmjs.org/@swc%2fwasm 4ms (cache hit)
58 silly fetch manifest @types/node@^18.15.13
59 http fetch GET 200 https://registry.npmjs.org/@types%2fnode 8ms (cache hit)
60 silly fetch manifest typescript@^5.0.4
61 http fetch GET 200 https://registry.npmjs.org/typescript 18ms (cache hit)
62 silly placeDep ROOT @matchmakerjs/api-doc-cli@0.0.1 REPLACE for: inventory-app@1.0.0 want: ^0.0.1
63 silly placeDep ROOT @matchmakerjs/rest-assured@0.0.1 REPLACE for: inventory-app@1.0.0 want: ^0.0.1
64 silly placeDep ROOT @types/validator@13.7.15 REPLACE for: inventory-app@1.0.0 want: ^13.7.15
65 silly placeDep ROOT dotenv@16.0.3 REPLACE for: inventory-app@1.0.0 want: ^16.0.3
66 silly placeDep ROOT nodemon@2.0.22 REPLACE for: inventory-app@1.0.0 want: ^2.0.22
67 silly placeDep ROOT ts-node@10.9.1 REPLACE for: inventory-app@1.0.0 want: ^10.9.1
68 timing idealTree:#root Completed in 1929ms
69 timing idealTree:node_modules/@matchmakerjs/api-doc-cli Completed in 0ms
70 timing idealTree:node_modules/@matchmakerjs/rest-assured Completed in 1ms
71 timing idealTree:node_modules/@types/validator Completed in 0ms
72 timing idealTree:node_modules/dotenv Completed in 0ms
73 timing idealTree:node_modules/nodemon Completed in 0ms
74 timing idealTree:node_modules/ts-node Completed in 0ms
75 timing idealTree:buildDeps Completed in 1931ms
76 timing idealTree:fixDepFlags Completed in 3ms
77 timing idealTree Completed in 2236ms
78 timing reify:loadTrees Completed in 2236ms
79 timing reify:diffTrees Completed in 7ms
80 silly reify moves {}
81 timing reify:retireShallow Completed in 0ms
82 timing reify:createSparse Completed in 0ms
83 timing reify:loadBundles Completed in 0ms
84 silly audit bulk request {
84 silly audit   '@ampproject/remapping': [ '2.2.1' ],
84 silly audit   '@babel/code-frame': [ '7.21.4' ],
84 silly audit   '@babel/compat-data': [ '7.21.4' ],
84 silly audit   '@babel/core': [ '7.21.4' ],
84 silly audit   'convert-source-map': [ '1.9.0', '2.0.0' ],
84 silly audit   semver: [ '6.3.0', '7.5.0', '7.0.0', '5.7.1' ],
84 silly audit   '@babel/generator': [ '7.21.4' ],
84 silly audit   '@jridgewell/resolve-uri': [ '3.1.0', '3.1.1' ],
84 silly audit   '@jridgewell/sourcemap-codec': [ '1.4.14', '1.4.15' ],
84 silly audit   '@jridgewell/trace-mapping': [ '0.3.18', '0.3.9' ],
84 silly audit   '@babel/helper-compilation-targets': [ '7.21.4' ],
84 silly audit   'lru-cache': [ '5.1.1', '9.1.0', '6.0.0' ],
84 silly audit   yallist: [ '3.1.1', '4.0.0' ],
84 silly audit   '@babel/helper-environment-visitor': [ '7.18.9' ],
84 silly audit   '@babel/helper-function-name': [ '7.21.0' ],
84 silly audit   '@babel/helper-hoist-variables': [ '7.18.6' ],
84 silly audit   '@babel/helper-module-imports': [ '7.21.4' ],
84 silly audit   '@babel/helper-module-transforms': [ '7.21.2' ],
84 silly audit   '@babel/helper-plugin-utils': [ '7.20.2' ],
84 silly audit   '@babel/helper-simple-access': [ '7.20.2' ],
84 silly audit   '@babel/helper-split-export-declaration': [ '7.18.6' ],
84 silly audit   '@babel/helper-string-parser': [ '7.19.4' ],
84 silly audit   '@babel/helper-validator-identifier': [ '7.19.1' ],
84 silly audit   '@babel/helper-validator-option': [ '7.21.0' ],
84 silly audit   '@babel/helpers': [ '7.21.0' ],
84 silly audit   '@babel/highlight': [ '7.18.6' ],
84 silly audit   'ansi-styles': [ '3.2.1', '4.3.0', '5.2.0' ],
84 silly audit   chalk: [ '2.4.2', '4.1.2' ],
84 silly audit   'color-convert': [ '1.9.3', '2.0.1' ],
84 silly audit   'color-name': [ '1.1.3', '1.1.4' ],
84 silly audit   'escape-string-regexp': [ '1.0.5', '4.0.0', '2.0.0' ],
84 silly audit   'has-flag': [ '3.0.0', '4.0.0' ],
84 silly audit   'supports-color': [ '5.5.0', '8.1.1', '7.2.0' ],
84 silly audit   '@babel/parser': [ '7.21.4' ],
84 silly audit   '@babel/plugin-syntax-async-generators': [ '7.8.4' ],
84 silly audit   '@babel/plugin-syntax-bigint': [ '7.8.3' ],
84 silly audit   '@babel/plugin-syntax-class-properties': [ '7.12.13' ],
84 silly audit   '@babel/plugin-syntax-import-meta': [ '7.10.4' ],
84 silly audit   '@babel/plugin-syntax-json-strings': [ '7.8.3' ],
84 silly audit   '@babel/plugin-syntax-jsx': [ '7.21.4' ],
84 silly audit   '@babel/plugin-syntax-logical-assignment-operators': [ '7.10.4' ],
84 silly audit   '@babel/plugin-syntax-nullish-coalescing-operator': [ '7.8.3' ],
84 silly audit   '@babel/plugin-syntax-numeric-separator': [ '7.10.4' ],
84 silly audit   '@babel/plugin-syntax-object-rest-spread': [ '7.8.3' ],
84 silly audit   '@babel/plugin-syntax-optional-catch-binding': [ '7.8.3' ],
84 silly audit   '@babel/plugin-syntax-optional-chaining': [ '7.8.3' ],
84 silly audit   '@babel/plugin-syntax-top-level-await': [ '7.14.5' ],
84 silly audit   '@babel/plugin-syntax-typescript': [ '7.21.4' ],
84 silly audit   '@babel/template': [ '7.20.7' ],
84 silly audit   '@babel/traverse': [ '7.21.4' ],
84 silly audit   globals: [ '11.12.0', '13.20.0' ],
84 silly audit   '@babel/types': [ '7.21.4' ],
84 silly audit   '@bcoe/v8-coverage': [ '0.2.3' ],
84 silly audit   '@cspotcode/source-map-support': [ '0.8.1' ],
84 silly audit   '@eslint-community/eslint-utils': [ '4.4.0' ],
84 silly audit   '@eslint-community/regexpp': [ '4.5.0' ],
84 silly audit   '@eslint/eslintrc': [ '2.0.2' ],
84 silly audit   'brace-expansion': [ '1.1.11', '2.0.1' ],
84 silly audit   minimatch: [ '3.1.2', '9.0.0' ],
84 silly audit   '@eslint/js': [ '8.39.0' ],
84 silly audit   '@humanwhocodes/config-array': [ '0.11.8' ],
84 silly audit   '@humanwhocodes/module-importer': [ '1.0.1' ],
84 silly audit   '@humanwhocodes/object-schema': [ '1.2.1' ],
84 silly audit   '@istanbuljs/load-nyc-config': [ '1.1.0' ],
84 silly audit   argparse: [ '1.0.10', '2.0.1' ],
84 silly audit   'find-up': [ '4.1.0', '5.0.0' ],
84 silly audit   'js-yaml': [ '3.14.1', '4.1.0' ],
84 silly audit   'locate-path': [ '5.0.0', '6.0.0' ],
84 silly audit   'p-limit': [ '2.3.0', '3.1.0' ],
84 silly audit   'p-locate': [ '4.1.0', '5.0.0' ],
84 silly audit   'resolve-from': [ '5.0.0', '4.0.0' ],
84 silly audit   '@istanbuljs/schema': [ '0.1.3' ],
84 silly audit   '@jest/console': [ '29.5.0' ],
84 silly audit   '@jest/core': [ '29.5.0' ],
84 silly audit   '@jest/environment': [ '29.5.0' ],
84 silly audit   '@jest/expect': [ '29.5.0' ],
84 silly audit   '@jest/expect-utils': [ '29.5.0' ],
84 silly audit   '@jest/fake-timers': [ '29.5.0' ],
84 silly audit   '@jest/globals': [ '29.5.0' ],
84 silly audit   '@jest/reporters': [ '29.5.0' ],
84 silly audit   glob: [ '7.2.3', '10.2.1' ],
84 silly audit   '@jest/schemas': [ '29.4.3' ],
84 silly audit   '@jest/source-map': [ '29.4.3' ],
84 silly audit   '@jest/test-result': [ '29.5.0' ],
84 silly audit   '@jest/test-sequencer': [ '29.5.0' ],
84 silly audit   '@jest/transform': [ '29.5.0' ],
84 silly audit   '@jest/types': [ '29.5.0' ],
84 silly audit   '@jridgewell/gen-mapping': [ '0.3.3' ],
84 silly audit   '@jridgewell/set-array': [ '1.1.2' ],
84 silly audit   typescript: [ '5.0.4', '4.9.5' ],
84 silly audit   '@matchmakerjs/di': [ '0.0.1' ],
84 silly audit   '@matchmakerjs/jwt-validator': [ '0.0.1' ],
84 silly audit   '@matchmakerjs/matchmaker': [ '0.0.1' ],
84 silly audit   '@matchmakerjs/matchmaker-security': [ '0.0.1' ],
84 silly audit   '@nodelib/fs.scandir': [ '2.1.5' ],
84 silly audit   '@nodelib/fs.stat': [ '2.0.5' ],
84 silly audit   '@nodelib/fs.walk': [ '1.2.8' ],
84 silly audit   '@pkgjs/parseargs': [ '0.11.0' ],
84 silly audit   '@sinclair/typebox': [ '0.25.24' ],
84 silly audit   '@sinonjs/commons': [ '2.0.0' ],
84 silly audit   '@sinonjs/fake-timers': [ '10.0.2' ],
84 silly audit   '@tsconfig/node10': [ '1.0.9' ],
84 silly audit   '@tsconfig/node12': [ '1.0.11' ],
84 silly audit   '@tsconfig/node14': [ '1.0.3' ],
84 silly audit   '@tsconfig/node16': [ '1.0.3' ],
84 silly audit   '@types/babel__core': [ '7.20.0' ],
84 silly audit   '@types/babel__generator': [ '7.6.4' ],
84 silly audit   '@types/babel__template': [ '7.4.1' ],
84 silly audit   '@types/babel__traverse': [ '7.18.3' ],
84 silly audit   '@types/faker': [ '6.6.9' ],
84 silly audit   '@types/graceful-fs': [ '4.1.6' ],
84 silly audit   '@types/istanbul-lib-coverage': [ '2.0.4' ],
84 silly audit   '@types/istanbul-lib-report': [ '3.0.0' ],
84 silly audit   '@types/istanbul-reports': [ '3.0.1' ],
84 silly audit   '@types/jest': [ '29.5.1' ],
84 silly audit   '@types/json-schema': [ '7.0.11' ],
84 silly audit   '@types/node': [ '18.15.13' ],
84 silly audit   '@types/prettier': [ '2.7.2' ],
84 silly audit   '@types/semver': [ '7.3.13' ],
84 silly audit   '@types/stack-utils': [ '2.0.1' ],
84 silly audit   '@types/yargs': [ '17.0.24' ],
84 silly audit   '@types/yargs-parser': [ '21.0.0' ],
84 silly audit   '@typescript-eslint/eslint-plugin': [ '5.59.0' ],
84 silly audit   '@typescript-eslint/parser': [ '5.59.0' ],
84 silly audit   '@typescript-eslint/scope-manager': [ '5.59.0' ],
84 silly audit   '@typescript-eslint/type-utils': [ '5.59.0' ],
84 silly audit   '@typescript-eslint/types': [ '5.59.0' ],
84 silly audit   '@typescript-eslint/typescript-estree': [ '5.59.0' ],
84 silly audit   '@typescript-eslint/utils': [ '5.59.0' ],
84 silly audit   '@typescript-eslint/visitor-keys': [ '5.59.0' ],
84 silly audit   abbrev: [ '1.1.1' ],
84 silly audit   acorn: [ '8.8.2' ],
84 silly audit   'acorn-jsx': [ '5.3.2' ],
84 silly audit   'acorn-walk': [ '8.2.0' ],
84 silly audit   ajv: [ '6.12.6' ],
84 silly audit   'ansi-escapes': [ '4.3.2' ],
84 silly audit   'type-fest': [ '0.21.3', '0.20.2' ],
84 silly audit   'ansi-regex': [ '5.0.1' ],
84 silly audit   anymatch: [ '3.1.3' ],
84 silly audit   arg: [ '4.1.3' ],
84 silly audit   'array-union': [ '2.1.0' ],
84 silly audit   'babel-jest': [ '29.5.0' ],
84 silly audit   'babel-plugin-istanbul': [ '6.1.1' ],
84 silly audit   'babel-plugin-jest-hoist': [ '29.5.0' ],
84 silly audit   'babel-preset-current-node-syntax': [ '1.0.1' ],
84 silly audit   'babel-preset-jest': [ '29.5.0' ],
84 silly audit   'balanced-match': [ '1.0.2' ],
84 silly audit   'binary-extensions': [ '2.2.0' ],
84 silly audit   braces: [ '3.0.2' ],
84 silly audit   browserslist: [ '4.21.5' ],
84 silly audit   'bs-logger': [ '0.2.6' ],
84 silly audit   bser: [ '2.1.1' ],
84 silly audit   'buffer-from': [ '1.1.2' ],
84 silly audit   callsites: [ '3.1.0' ],
84 silly audit   camelcase: [ '5.3.1', '6.3.0' ],
84 silly audit   'caniuse-lite': [ '1.0.30001481' ],
84 silly audit   'char-regex': [ '1.0.2' ],
84 silly audit   chokidar: [ '3.5.3' ],
84 silly audit   'glob-parent': [ '5.1.2', '6.0.2' ],
84 silly audit   'ci-info': [ '3.8.0' ],
84 silly audit   'cjs-module-lexer': [ '1.2.2' ],
84 silly audit   'class-transformer': [ '0.5.1' ],
84 silly audit   'class-validator': [ '0.14.0' ],
84 silly audit   cliui: [ '7.0.4', '8.0.1' ],
84 silly audit   co: [ '4.6.0' ],
84 silly audit   'collect-v8-coverage': [ '1.0.1' ],
84 silly audit   'concat-map': [ '0.0.1' ],
84 silly audit   'create-require': [ '1.1.1' ],
84 silly audit   'cross-spawn': [ '7.0.3' ],
84 silly audit   debug: [ '4.3.4', '3.2.7' ],
84 silly audit   dedent: [ '0.7.0' ],
84 silly audit   'deep-is': [ '0.1.4' ],
84 silly audit   deepmerge: [ '4.3.1' ],
84 silly audit   'detect-newline': [ '3.1.0' ],
84 silly audit   diff: [ '4.0.2' ],
84 silly audit   'diff-sequences': [ '29.4.3' ],
84 silly audit   'dir-glob': [ '3.0.1' ],
84 silly audit   doctrine: [ '3.0.0' ],
84 silly audit   'electron-to-chromium': [ '1.4.369' ],
84 silly audit   emittery: [ '0.13.1' ],
84 silly audit   'emoji-regex': [ '8.0.0' ],
84 silly audit   'error-ex': [ '1.3.2' ],
84 silly audit   escalade: [ '3.1.1' ],
84 silly audit   eslint: [ '8.39.0' ],
84 silly audit   'eslint-config-prettier': [ '8.8.0' ],
84 silly audit   'eslint-plugin-prettier': [ '4.2.1' ],
84 silly audit   'eslint-scope': [ '5.1.1', '7.2.0' ],
84 silly audit   'eslint-visitor-keys': [ '3.4.0' ],
84 silly audit   estraverse: [ '5.3.0', '4.3.0' ],
84 silly audit   espree: [ '9.5.1' ],
84 silly audit   esprima: [ '4.0.1' ],
84 silly audit   esquery: [ '1.5.0' ],
84 silly audit   esrecurse: [ '4.3.0' ],
84 silly audit   esutils: [ '2.0.3' ],
84 silly audit   execa: [ '5.1.1' ],
84 silly audit   'signal-exit': [ '3.0.7', '4.0.1' ],
84 silly audit   exit: [ '0.1.2' ],
84 silly audit   expect: [ '29.5.0' ],
84 silly audit   faker: [ '6.6.6' ],
84 silly audit   'fast-deep-equal': [ '3.1.3' ],
84 silly audit   'fast-diff': [ '1.2.0' ],
84 silly audit   'fast-glob': [ '3.2.12' ],
84 silly audit   'fast-json-stable-stringify': [ '2.1.0' ],
84 silly audit   'fast-levenshtein': [ '2.0.6' ],
84 silly audit   fastq: [ '1.15.0' ],
84 silly audit   'fb-watchman': [ '2.0.2' ],
84 silly audit   'file-entry-cache': [ '6.0.1' ],
84 silly audit   'fill-range': [ '7.0.1' ],
84 silly audit   'flat-cache': [ '3.0.4' ],
84 silly audit   rimraf: [ '3.0.2', '5.0.0' ],
84 silly audit   flatted: [ '3.2.7' ],
84 silly audit   'foreground-child': [ '3.1.1' ],
84 silly audit   'fs.realpath': [ '1.0.0' ],
84 silly audit   fsevents: [ '2.3.2' ],
84 silly audit   'function-bind': [ '1.1.1' ],
84 silly audit   gensync: [ '1.0.0-beta.2' ],
84 silly audit   'get-caller-file': [ '2.0.5' ],
84 silly audit   'get-package-type': [ '0.1.0' ],
84 silly audit   'get-stream': [ '6.0.1' ],
84 silly audit   globby: [ '11.1.0' ],
84 silly audit   'graceful-fs': [ '4.2.11' ],
84 silly audit   'grapheme-splitter': [ '1.0.4' ],
84 silly audit   has: [ '1.0.3' ],
84 silly audit   'html-escaper': [ '2.0.2' ],
84 silly audit   'human-signals': [ '2.1.0' ],
84 silly audit   ignore: [ '5.2.4' ],
84 silly audit   'ignore-by-default': [ '1.0.1' ],
84 silly audit   'import-fresh': [ '3.3.0' ],
84 silly audit   'import-local': [ '3.1.0' ],
84 silly audit   imurmurhash: [ '0.1.4' ],
84 silly audit   inflight: [ '1.0.6' ],
84 silly audit   inherits: [ '2.0.4' ],
84 silly audit   'is-arrayish': [ '0.2.1' ],
84 silly audit   'is-binary-path': [ '2.1.0' ],
84 silly audit   'is-core-module': [ '2.12.0' ],
84 silly audit   'is-extglob': [ '2.1.1' ],
84 silly audit   'is-fullwidth-code-point': [ '3.0.0' ],
84 silly audit   'is-generator-fn': [ '2.1.0' ],
84 silly audit   'is-glob': [ '4.0.3' ],
84 silly audit   'is-number': [ '7.0.0' ],
84 silly audit   'is-path-inside': [ '3.0.3' ],
84 silly audit   'is-stream': [ '2.0.1' ],
84 silly audit   isexe: [ '2.0.0' ],
84 silly audit   'istanbul-lib-coverage': [ '3.2.0' ],
84 silly audit   'istanbul-lib-instrument': [ '5.2.1' ],
84 silly audit   'istanbul-lib-report': [ '3.0.0' ],
84 silly audit   'istanbul-lib-source-maps': [ '4.0.1' ],
84 silly audit   'istanbul-reports': [ '3.1.5' ],
84 silly audit   jackspeak: [ '2.0.3' ],
84 silly audit   jest: [ '29.5.0' ],
84 silly audit   'jest-changed-files': [ '29.5.0' ],
84 silly audit   'jest-circus': [ '29.5.0' ],
84 silly audit   'jest-cli': [ '29.5.0' ],
84 silly audit   'jest-config': [ '29.5.0' ],
84 silly audit   'jest-diff': [ '29.5.0' ],
84 silly audit   'jest-docblock': [ '29.4.3' ],
84 silly audit   'jest-each': [ '29.5.0' ],
84 silly audit   'jest-environment-node': [ '29.5.0' ],
84 silly audit   'jest-get-type': [ '29.4.3' ],
84 silly audit   'jest-haste-map': [ '29.5.0' ],
84 silly audit   'jest-leak-detector': [ '29.5.0' ],
84 silly audit   'jest-matcher-utils': [ '29.5.0' ],
84 silly audit   'jest-message-util': [ '29.5.0' ],
84 silly audit   'jest-mock': [ '29.5.0' ],
84 silly audit   'jest-pnp-resolver': [ '1.2.3' ],
84 silly audit   'jest-regex-util': [ '29.4.3' ],
84 silly audit   'jest-resolve': [ '29.5.0' ],
84 silly audit   'jest-resolve-dependencies': [ '29.5.0' ],
84 silly audit   'jest-runner': [ '29.5.0' ],
84 silly audit   'jest-runtime': [ '29.5.0' ],
84 silly audit   'jest-snapshot': [ '29.5.0' ],
84 silly audit   'jest-util': [ '29.5.0' ],
84 silly audit   'jest-validate': [ '29.5.0' ],
84 silly audit   'jest-watcher': [ '29.5.0' ],
84 silly audit   'jest-worker': [ '29.5.0' ],
84 silly audit   'js-sdsl': [ '4.4.0' ],
84 silly audit   'js-tokens': [ '4.0.0' ],
84 silly audit   jsesc: [ '2.5.2' ],
84 silly audit   'json-parse-even-better-errors': [ '2.3.1' ],
84 silly audit   'json-schema-traverse': [ '0.4.1' ],
84 silly audit   'json-stable-stringify-without-jsonify': [ '1.0.1' ],
84 silly audit   json5: [ '2.2.3' ],
84 silly audit   kleur: [ '3.0.3' ],
84 silly audit   leven: [ '3.1.0' ],
84 silly audit   levn: [ '0.4.1' ],
84 silly audit   'libphonenumber-js': [ '1.10.28' ],
84 silly audit   'lines-and-columns': [ '1.2.4' ],
84 silly audit   'lodash.memoize': [ '4.1.2' ],
84 silly audit   'lodash.merge': [ '4.6.2' ],
84 silly audit   'make-dir': [ '3.1.0' ],
84 silly audit   'make-error': [ '1.3.6' ],
84 silly audit   makeerror: [ '1.0.12' ],
84 silly audit   'merge-stream': [ '2.0.0' ],
84 silly audit   merge2: [ '1.4.1' ],
84 silly audit   micromatch: [ '4.0.5' ],
84 silly audit   'mimic-fn': [ '2.1.0' ],
84 silly audit   minipass: [ '5.0.0' ],
84 silly audit   ms: [ '2.1.2' ],
84 silly audit   'natural-compare': [ '1.4.0' ],
84 silly audit   'natural-compare-lite': [ '1.4.0' ],
84 silly audit   'node-int64': [ '0.4.0' ],
84 silly audit   'node-releases': [ '2.0.10' ],
84 silly audit   nopt: [ '1.0.10' ],
84 silly audit   'normalize-path': [ '3.0.0' ],
84 silly audit   'npm-run-path': [ '4.0.1' ],
84 silly audit   once: [ '1.4.0' ],
84 silly audit   onetime: [ '5.1.2' ],
84 silly audit   optionator: [ '0.9.1' ],
84 silly audit   'p-try': [ '2.2.0' ],
84 silly audit   'parent-module': [ '1.0.1' ],
84 silly audit   'parse-json': [ '5.2.0' ],
84 silly audit   'path-exists': [ '4.0.0' ],
84 silly audit   'path-is-absolute': [ '1.0.1' ],
84 silly audit   'path-key': [ '3.1.1' ],
84 silly audit   'path-parse': [ '1.0.7' ],
84 silly audit   'path-scurry': [ '1.7.0' ],
84 silly audit   'path-type': [ '4.0.0' ],
84 silly audit   picocolors: [ '1.0.0' ],
84 silly audit   picomatch: [ '2.3.1' ],
84 silly audit   pirates: [ '4.0.5' ],
84 silly audit   'pkg-dir': [ '4.2.0' ],
84 silly audit   'prelude-ls': [ '1.2.1' ],
84 silly audit   prettier: [ '2.8.7' ],
84 silly audit   'prettier-linter-helpers': [ '1.0.0' ],
84 silly audit   'pretty-format': [ '29.5.0' ],
84 silly audit   prompts: [ '2.4.2' ],
84 silly audit   'pstree.remy': [ '1.1.8' ],
84 silly audit   punycode: [ '2.3.0' ],
84 silly audit   'pure-rand': [ '6.0.1' ],
84 silly audit   'queue-microtask': [ '1.2.3' ],
84 silly audit   'react-is': [ '18.2.0' ],
84 silly audit   readdirp: [ '3.6.0' ],
84 silly audit   'reflect-metadata': [ '0.1.13' ],
84 silly audit   'require-directory': [ '2.1.1' ],
84 silly audit   resolve: [ '1.22.2' ],
84 silly audit   'resolve-cwd': [ '3.0.0' ],
84 silly audit   'resolve.exports': [ '2.0.2' ],
84 silly audit   reusify: [ '1.0.4' ],
84 silly audit   'run-parallel': [ '1.2.0' ],
84 silly audit   'shebang-command': [ '2.0.0' ],
84 silly audit   'shebang-regex': [ '3.0.0' ],
84 silly audit   'simple-update-notifier': [ '1.1.0' ],
84 silly audit   sisteransi: [ '1.0.5' ],
84 silly audit   slash: [ '3.0.0' ],
84 silly audit   'source-map': [ '0.6.1' ],
84 silly audit   'source-map-support': [ '0.5.13' ],
84 silly audit   'sprintf-js': [ '1.0.3' ],
84 silly audit   'stack-utils': [ '2.0.6' ],
84 silly audit   'string-length': [ '4.0.2' ],
84 silly audit   'string-width': [ '4.2.3' ],
84 silly audit   'strip-ansi': [ '6.0.1' ],
84 silly audit   'strip-bom': [ '4.0.0' ],
84 silly audit   'strip-final-newline': [ '2.0.0' ],
84 silly audit   'strip-json-comments': [ '3.1.1' ],
84 silly audit   'supports-preserve-symlinks-flag': [ '1.0.0' ],
84 silly audit   'test-exclude': [ '6.0.0' ],
84 silly audit   'text-table': [ '0.2.0' ],
84 silly audit   tmpl: [ '1.0.5' ],
84 silly audit   'to-fast-properties': [ '2.0.0' ],
84 silly audit   'to-regex-range': [ '5.0.1' ],
84 silly audit   touch: [ '3.1.0' ],
84 silly audit   'ts-jest': [ '29.1.0' ],
84 silly audit   tslib: [ '1.14.1' ],
84 silly audit   tsutils: [ '3.21.0' ],
84 silly audit   'type-check': [ '0.4.0' ],
84 silly audit   'type-detect': [ '4.0.8' ],
84 silly audit   undefsafe: [ '2.0.5' ],
84 silly audit   'update-browserslist-db': [ '1.0.11' ],
84 silly audit   'uri-js': [ '4.4.1' ],
84 silly audit   'v8-compile-cache-lib': [ '3.0.1' ],
84 silly audit   'v8-to-istanbul': [ '9.1.0' ],
84 silly audit   validator: [ '13.9.0' ],
84 silly audit   walker: [ '1.0.8' ],
84 silly audit   which: [ '2.0.2' ],
84 silly audit   'word-wrap': [ '1.2.3' ],
84 silly audit   'wrap-ansi': [ '7.0.0' ],
84 silly audit   wrappy: [ '1.0.2' ],
84 silly audit   'write-file-atomic': [ '4.0.2' ],
84 silly audit   y18n: [ '5.0.8' ],
84 silly audit   yargs: [ '17.7.1' ],
84 silly audit   'yargs-parser': [ '21.1.1' ],
84 silly audit   yn: [ '3.1.1' ],
84 silly audit   'yocto-queue': [ '0.1.0' ],
84 silly audit   '@matchmakerjs/api-doc-cli': [ '0.0.1' ],
84 silly audit   '@matchmakerjs/rest-assured': [ '0.0.1' ],
84 silly audit   '@types/validator': [ '13.7.15' ],
84 silly audit   dotenv: [ '16.0.3' ],
84 silly audit   nodemon: [ '2.0.22' ],
84 silly audit   'ts-node': [ '10.9.1' ]
84 silly audit }
85 timing reify:unpack Completed in 0ms
86 timing reify:unretire Completed in 0ms
87 timing build:queue Completed in 0ms
88 timing build:deps Completed in 0ms
89 timing build Completed in 1ms
90 timing reify:build Completed in 1ms
91 timing reify:trash Completed in 0ms
92 timing reify:save Completed in 99ms
93 http fetch POST 200 https://registry.npmjs.org/-/npm/v1/security/advisories/bulk 1788ms
94 timing auditReport:getReport Completed in 1795ms
95 silly audit report {
95 silly audit report   faker: [
95 silly audit report     {
95 silly audit report       id: 1088114,
95 silly audit report       url: 'https://github.com/advisories/GHSA-5w9c-rv96-fr7g',
95 silly audit report       title: 'Removal of functional code in faker.js',
95 silly audit report       severity: 'high',
95 silly audit report       vulnerable_versions: '=6.6.6',
95 silly audit report       cwe: [],
95 silly audit report       cvss: [Object]
95 silly audit report     }
95 silly audit report   ]
95 silly audit report }
96 timing metavuln:cache:get:security-advisory:faker:Goe45kPazgIFYH198L4vQMRm3tuNZNuEJJQ4Qd+JCG82w4USeO+Q7vIzC2cS/SYAmsyFXE1URiefoLLtQ2khow== Completed in 3ms
97 http fetch GET 200 https://registry.npmjs.org/faker 5ms (cache hit)
98 timing metavuln:packument:faker Completed in 7ms
99 timing metavuln:load:security-advisory:faker:1088114 Completed in 0ms
100 timing metavuln:calculate:security-advisory:faker:1088114 Completed in 7ms
101 timing metavuln:cache:get:security-advisory:@types/faker:2HjK2CGi0WuI6wsKQprDcGRuVI9j/U1SEoDgThf3KL/oRLTgi98LLchyHBXjFkXdfbcoTqyCVjH9WtbWCIeTWQ== Completed in 5ms
102 http fetch GET 200 https://registry.npmjs.org/@types%2ffaker 8ms (cache hit)
103 timing metavuln:packument:@types/faker Completed in 8ms
104 timing metavuln:load:security-advisory:@types/faker:Goe45kPazgIFYH198L4vQMRm3tuNZNuEJJQ4Qd+JCG82w4USeO+Q7vIzC2cS/SYAmsyFXE1URiefoLLtQ2khow== Completed in 1ms
105 timing metavuln:calculate:security-advisory:@types/faker:Goe45kPazgIFYH198L4vQMRm3tuNZNuEJJQ4Qd+JCG82w4USeO+Q7vIzC2cS/SYAmsyFXE1URiefoLLtQ2khow== Completed in 9ms
106 timing auditReport:init Completed in 17ms
107 timing reify:audit Completed in 1813ms
108 timing reify Completed in 4063ms
109 timing command:i Completed in 4072ms
110 verbose exit 0
111 timing npm Completed in 4199ms
112 info ok
